/project/cekees/cekees/proteus/fct/lib/python3.10/site-packages/setuptools/config/__init__.py:28: SetuptoolsDeprecationWarning: As setuptools moves its configuration towards `pyproject.toml`,
`setuptools.config.parse_configuration` became deprecated.

For the time being, you can use the `setuptools.config.setupcfg` module
to access a backward compatible API, but this module is provisional
and might be removed in the future.

  warnings.warn(dedent(msg), SetuptoolsDeprecationWarning)
In file included from /project/cekees/cekees/proteus/fct/lib/python3.10/site-packages/numpy/core/include/numpy/ndarraytypes.h:1948,
                 from /project/cekees/cekees/proteus/fct/lib/python3.10/site-packages/numpy/core/include/numpy/ndarrayobject.h:12,
                 from /project/cekees/cekees/proteus/fct/lib/python3.10/site-packages/numpy/core/include/numpy/arrayobject.h:5,
                 from mangrove_2.c:698:
/project/cekees/cekees/proteus/fct/lib/python3.10/site-packages/numpy/core/include/numpy/npy_1_7_deprecated_api.h:17:2: warning: #warning "Using deprecated NumPy API, disable it with " "#define NPY_NO_DEPRECATED_API NPY_1_7_API_VERSION" [-Wcpp]
   17 | #warning "Using deprecated NumPy API, disable it with " \
      |  ^~~~~~~
mangrove_2.c: In function '__pyx_pf_8mangrove_2sdf_vectorized_stl.constprop':
mangrove_2.c:9204:17: warning: '__pyx_v_se' may be used uninitialized in this function [-Wmaybe-uninitialized]
 9204 |     __pyx_t_4 = PyFloat_FromDouble(__pyx_v_s); if (unlikely(!__pyx_t_4)) __PYX_ERR(0, 242, __pyx_L1_error)
      |                 ^~~~~~~~~~~~~~~~~~~~~~~~~~~~~
WARNING: Error in initializing MVAPICH2 ptmalloc library.Continuing without InfiniBand registration cache support.
USER WARNING: In order to avoid a segmentation fault, you need to have supplied the 'f' flag to the triangleOptions input.
USER WARNING: In order to avoid an edge assertion error, you need to have supplied the 'ee' flag to the triangleOptions input.
slurmstepd: error: Detected 1 oom_kill event in StepId=192598.0. Some of the step tasks have been OOM Killed.
srun: error: mike081: task 0: Out Of Memory
slurmstepd: error: Detected 2 oom_kill events in StepId=192598.0. Some of the step tasks have been OOM Killed.
slurmstepd: error: Detected 2 oom_kill events in StepId=192598.0. Some of the step tasks have been OOM Killed.
slurmstepd: error: Detected 1 oom_kill event in StepId=192598.0. Some of the step tasks have been OOM Killed.
srun: Job step aborted: Waiting up to 302 seconds for job step to finish.
slurmstepd: error: *** JOB 192598 ON mike081 CANCELLED AT 2024-01-15T21:41:01 DUE TO TIME LIMIT ***
slurmstepd: error: *** STEP 192598.0 ON mike081 CANCELLED AT 2024-01-15T21:41:01 DUE TO TIME LIMIT ***
[179]PETSC ERROR: ------------------------------------------------------------------------
[188]PETSC ERROR: ------------------------------------------------------------------------
[190]PETSC ERROR: ------------------------------------------------------------------------
[191]PETSC ERROR: ------------------------------------------------------------------------
[179]PETSC ERROR: Caught signal number 15 Terminate: Some process (or the batch system) has told this process to end
[179]PETSC ERROR: Try option -start_in_debugger or -on_error_attach_debugger
[179]PETSC ERROR: or see https://petsc.org/release/faq/#valgrind
[179]PETSC ERROR: or try http://valgrind.org on GNU/linux and Apple MacOS to find memory corruption errors
[179]PETSC ERROR: configure using --with-debugging=yes, recompile, link, and run 
[179]PETSC ERROR: to get more information on the crash.
[188]PETSC ERROR: Caught signal number 15 Terminate: Some process (or the batch system) has told this process to end
[188]PETSC ERROR: Try option -start_in_debugger or -on_error_attach_debugger
[188]PETSC ERROR: or see https://petsc.org/release/faq/#valgrind
[188]PETSC ERROR: or try http://valgrind.org on GNU/linux and Apple MacOS to find memory corruption errors
[188]PETSC ERROR: configure using --with-debugging=yes, recompile, link, and run 
[188]PETSC ERROR: to get more information on the crash.
[190]PETSC ERROR: Caught signal number 15 Terminate: Some process (or the batch system) has told this process to end
[190]PETSC ERROR: Try option -start_in_debugger or -on_error_attach_debugger
[190]PETSC ERROR: or see https://petsc.org/release/faq/#valgrind
[190]PETSC ERROR: or try http://valgrind.org on GNU/linux and Apple MacOS to find memory corruption errors
[190]PETSC ERROR: configure using --with-debugging=yes, recompile, link, and run 
[190]PETSC ERROR: to get more information on the crash.
[191]PETSC ERROR: Caught signal number 15 Terminate: Some process (or the batch system) has told this process to end
[191]PETSC ERROR: Try option -start_in_debugger or -on_error_attach_debugger
[191]PETSC ERROR: or see https://petsc.org/release/faq/#valgrind
[191]PETSC ERROR: or try http://valgrind.org on GNU/linux and Apple MacOS to find memory corruption errors
[191]PETSC ERROR: configure using --with-debugging=yes, recompile, link, and run 
[191]PETSC ERROR: to get more information on the crash.
[186]PETSC ERROR: ------------------------------------------------------------------------
[186]PETSC ERROR: Caught signal number 15 Terminate: Some process (or the batch system) has told this process to end
[186]PETSC ERROR: Try option -start_in_debugger or -on_error_attach_debugger
[186]PETSC ERROR: or see https://petsc.org/release/faq/#valgrind
[186]PETSC ERROR: or try http://valgrind.org on GNU/linux and Apple MacOS to find memory corruption errors
[186]PETSC ERROR: configure using --with-debugging=yes, recompile, link, and run 
[186]PETSC ERROR: to get more information on the crash.
[178]PETSC ERROR: ------------------------------------------------------------------------
[178]PETSC ERROR: Caught signal number 15 Terminate: Some process (or the batch system) has told this process to end
[178]PETSC ERROR: Try option -start_in_debugger or -on_error_attach_debugger
[178]PETSC ERROR: or see https://petsc.org/release/faq/#valgrind
[178]PETSC ERROR: or try http://valgrind.org on GNU/linux and Apple MacOS to find memory corruption errors
[178]PETSC ERROR: configure using --with-debugging=yes, recompile, link, and run 
[178]PETSC ERROR: to get more information on the crash.
[180]PETSC ERROR: ------------------------------------------------------------------------
[180]PETSC ERROR: Caught signal number 15 Terminate: Some process (or the batch system) has told this process to end
[180]PETSC ERROR: Try option -start_in_debugger or -on_error_attach_debugger
[180]PETSC ERROR: or see https://petsc.org/release/faq/#valgrind
[180]PETSC ERROR: or try http://valgrind.org on GNU/linux and Apple MacOS to find memory corruption errors
[180]PETSC ERROR: configure using --with-debugging=yes, recompile, link, and run 
[180]PETSC ERROR: to get more information on the crash.
[187]PETSC ERROR: ------------------------------------------------------------------------
[187]PETSC ERROR: Caught signal number 15 Terminate: Some process (or the batch system) has told this process to end
[187]PETSC ERROR: Try option -start_in_debugger or -on_error_attach_debugger
[187]PETSC ERROR: or see https://petsc.org/release/faq/#valgrind
[187]PETSC ERROR: or try http://valgrind.org on GNU/linux and Apple MacOS to find memory corruption errors
[187]PETSC ERROR: configure using --with-debugging=yes, recompile, link, and run 
[187]PETSC ERROR: to get more information on the crash.
[185]PETSC ERROR: ------------------------------------------------------------------------
[185]PETSC ERROR: Caught signal number 15 Terminate: Some process (or the batch system) has told this process to end
[185]PETSC ERROR: Try option -start_in_debugger or -on_error_attach_debugger
[185]PETSC ERROR: or see https://petsc.org/release/faq/#valgrind
[185]PETSC ERROR: or try http://valgrind.org on GNU/linux and Apple MacOS to find memory corruption errors
[185]PETSC ERROR: configure using --with-debugging=yes, recompile, link, and run 
[185]PETSC ERROR: to get more information on the crash.
[183]PETSC ERROR: ------------------------------------------------------------------------
[183]PETSC ERROR: Caught signal number 15 Terminate: Some process (or the batch system) has told this process to end
[183]PETSC ERROR: Try option -start_in_debugger or -on_error_attach_debugger
[183]PETSC ERROR: or see https://petsc.org/release/faq/#valgrind
[183]PETSC ERROR: or try http://valgrind.org on GNU/linux and Apple MacOS to find memory corruption errors
[183]PETSC ERROR: configure using --with-debugging=yes, recompile, link, and run 
[183]PETSC ERROR: to get more information on the crash.
[47]PETSC ERROR: ------------------------------------------------------------------------
[47]PETSC ERROR: Caught signal number 15 Terminate: Some process (or the batch system) has told this process to end
[47]PETSC ERROR: Try option -start_in_debugger or -on_error_attach_debugger
[47]PETSC ERROR: or see https://petsc.org/release/faq/#valgrind
[47]PETSC ERROR: or try http://valgrind.org on GNU/linux and Apple MacOS to find memory corruption errors
[47]PETSC ERROR: configure using --with-debugging=yes, recompile, link, and run 
[47]PETSC ERROR: to get more information on the crash.
[126]PETSC ERROR: ------------------------------------------------------------------------
[126]PETSC ERROR: Caught signal number 15 Terminate: Some process (or the batch system) has told this process to end
[126]PETSC ERROR: Try option -start_in_debugger or -on_error_attach_debugger
[126]PETSC ERROR: or see https://petsc.org/release/faq/#valgrind
[126]PETSC ERROR: or try http://valgrind.org on GNU/linux and Apple MacOS to find memory corruption errors
[126]PETSC ERROR: configure using --with-debugging=yes, recompile, link, and run 
[126]PETSC ERROR: to get more information on the crash.
[29]PETSC ERROR: ------------------------------------------------------------------------
[29]PETSC ERROR: Caught signal number 15 Terminate: Some process (or the batch system) has told this process to end
[29]PETSC ERROR: Try option -start_in_debugger or -on_error_attach_debugger
[29]PETSC ERROR: or see https://petsc.org/release/faq/#valgrind
[29]PETSC ERROR: or try http://valgrind.org on GNU/linux and Apple MacOS to find memory corruption errors
[29]PETSC ERROR: configure using --with-debugging=yes, recompile, link, and run 
[29]PETSC ERROR: to get more information on the crash.
[58]PETSC ERROR: ------------------------------------------------------------------------
[58]PETSC ERROR: Caught signal number 15 Terminate: Some process (or the batch system) has told this process to end
[58]PETSC ERROR: Try option -start_in_debugger or -on_error_attach_debugger
[58]PETSC ERROR: or see https://petsc.org/release/faq/#valgrind
[58]PETSC ERROR: or try http://valgrind.org on GNU/linux and Apple MacOS to find memory corruption errors
[58]PETSC ERROR: configure using --with-debugging=yes, recompile, link, and run 
[58]PETSC ERROR: to get more information on the crash.
[49]PETSC ERROR: ------------------------------------------------------------------------
[49]PETSC ERROR: Caught signal number 15 Terminate: Some process (or the batch system) has told this process to end
[49]PETSC ERROR: Try option -start_in_debugger or -on_error_attach_debugger
[49]PETSC ERROR: or see https://petsc.org/release/faq/#valgrind
[49]PETSC ERROR: or try http://valgrind.org on GNU/linux and Apple MacOS to find memory corruption errors
[49]PETSC ERROR: configure using --with-debugging=yes, recompile, link, and run 
[49]PETSC ERROR: to get more information on the crash.
[40]PETSC ERROR: ------------------------------------------------------------------------
[40]PETSC ERROR: Caught signal number 15 Terminate: Some process (or the batch system) has told this process to end
[40]PETSC ERROR: Try option -start_in_debugger or -on_error_attach_debugger
[40]PETSC ERROR: or see https://petsc.org/release/faq/#valgrind
[40]PETSC ERROR: or try http://valgrind.org on GNU/linux and Apple MacOS to find memory corruption errors
[40]PETSC ERROR: configure using --with-debugging=yes, recompile, link, and run 
[40]PETSC ERROR: to get more information on the crash.
[55]PETSC ERROR: ------------------------------------------------------------------------
[55]PETSC ERROR: Caught signal number 15 Terminate: Some process (or the batch system) has told this process to end
[55]PETSC ERROR: Try option -start_in_debugger or -on_error_attach_debugger
[55]PETSC ERROR: or see https://petsc.org/release/faq/#valgrind
[55]PETSC ERROR: or try http://valgrind.org on GNU/linux and Apple MacOS to find memory corruption errors
[55]PETSC ERROR: configure using --with-debugging=yes, recompile, link, and run 
[55]PETSC ERROR: to get more information on the crash.
[22]PETSC ERROR: ------------------------------------------------------------------------
[22]PETSC ERROR: Caught signal number 15 Terminate: Some process (or the batch system) has told this process to end
[22]PETSC ERROR: Try option -start_in_debugger or -on_error_attach_debugger
[22]PETSC ERROR: or see https://petsc.org/release/faq/#valgrind
[22]PETSC ERROR: or try http://valgrind.org on GNU/linux and Apple MacOS to find memory corruption errors
[22]PETSC ERROR: configure using --with-debugging=yes, recompile, link, and run 
[22]PETSC ERROR: to get more information on the crash.
[26]PETSC ERROR: ------------------------------------------------------------------------
[26]PETSC ERROR: Caught signal number 15 Terminate: Some process (or the batch system) has told this process to end
[26]PETSC ERROR: Try option -start_in_debugger or -on_error_attach_debugger
[26]PETSC ERROR: or see https://petsc.org/release/faq/#valgrind
[26]PETSC ERROR: or try http://valgrind.org on GNU/linux and Apple MacOS to find memory corruption errors
[26]PETSC ERROR: configure using --with-debugging=yes, recompile, link, and run 
[26]PETSC ERROR: to get more information on the crash.
[43]PETSC ERROR: ------------------------------------------------------------------------
[43]PETSC ERROR: Caught signal number 15 Terminate: Some process (or the batch system) has told this process to end
[43]PETSC ERROR: Try option -start_in_debugger or -on_error_attach_debugger
[43]PETSC ERROR: or see https://petsc.org/release/faq/#valgrind
[43]PETSC ERROR: or try http://valgrind.org on GNU/linux and Apple MacOS to find memory corruption errors
[43]PETSC ERROR: configure using --with-debugging=yes, recompile, link, and run 
[43]PETSC ERROR: to get more information on the crash.
[15]PETSC ERROR: ------------------------------------------------------------------------
[15]PETSC ERROR: Caught signal number 15 Terminate: Some process (or the batch system) has told this process to end
[15]PETSC ERROR: Try option -start_in_debugger or -on_error_attach_debugger
[15]PETSC ERROR: or see https://petsc.org/release/faq/#valgrind
[15]PETSC ERROR: or try http://valgrind.org on GNU/linux and Apple MacOS to find memory corruption errors
[15]PETSC ERROR: configure using --with-debugging=yes, recompile, link, and run 
[15]PETSC ERROR: to get more information on the crash.
[27]PETSC ERROR: ------------------------------------------------------------------------
[27]PETSC ERROR: Caught signal number 15 Terminate: Some process (or the batch system) has told this process to end
[27]PETSC ERROR: Try option -start_in_debugger or -on_error_attach_debugger
[27]PETSC ERROR: or see https://petsc.org/release/faq/#valgrind
[27]PETSC ERROR: or try http://valgrind.org on GNU/linux and Apple MacOS to find memory corruption errors
[27]PETSC ERROR: configure using --with-debugging=yes, recompile, link, and run 
[27]PETSC ERROR: to get more information on the crash.
[32]PETSC ERROR: ------------------------------------------------------------------------
[32]PETSC ERROR: Caught signal number 15 Terminate: Some process (or the batch system) has told this process to end
[32]PETSC ERROR: Try option -start_in_debugger or -on_error_attach_debugger
[32]PETSC ERROR: or see https://petsc.org/release/faq/#valgrind
[32]PETSC ERROR: or try http://valgrind.org on GNU/linux and Apple MacOS to find memory corruption errors
[32]PETSC ERROR: configure using --with-debugging=yes, recompile, link, and run 
[32]PETSC ERROR: to get more information on the crash.
[56]PETSC ERROR: ------------------------------------------------------------------------
[56]PETSC ERROR: Caught signal number 15 Terminate: Some process (or the batch system) has told this process to end
[56]PETSC ERROR: Try option -start_in_debugger or -on_error_attach_debugger
[56]PETSC ERROR: or see https://petsc.org/release/faq/#valgrind
[56]PETSC ERROR: or try http://valgrind.org on GNU/linux and Apple MacOS to find memory corruption errors
[56]PETSC ERROR: configure using --with-debugging=yes, recompile, link, and run 
[56]PETSC ERROR: to get more information on the crash.
[16]PETSC ERROR: ------------------------------------------------------------------------
[16]PETSC ERROR: Caught signal number 15 Terminate: Some process (or the batch system) has told this process to end
[16]PETSC ERROR: Try option -start_in_debugger or -on_error_attach_debugger
[16]PETSC ERROR: or see https://petsc.org/release/faq/#valgrind
[16]PETSC ERROR: or try http://valgrind.org on GNU/linux and Apple MacOS to find memory corruption errors
[16]PETSC ERROR: configure using --with-debugging=yes, recompile, link, and run 
[16]PETSC ERROR: to get more information on the crash.
[50]PETSC ERROR: ------------------------------------------------------------------------
[50]PETSC ERROR: Caught signal number 15 Terminate: Some process (or the batch system) has told this process to end
[50]PETSC ERROR: Try option -start_in_debugger or -on_error_attach_debugger
[50]PETSC ERROR: or see https://petsc.org/release/faq/#valgrind
[50]PETSC ERROR: or try http://valgrind.org on GNU/linux and Apple MacOS to find memory corruption errors
[50]PETSC ERROR: configure using --with-debugging=yes, recompile, link, and run 
[50]PETSC ERROR: to get more information on the crash.
[62]PETSC ERROR: ------------------------------------------------------------------------
[62]PETSC ERROR: Caught signal number 15 Terminate: Some process (or the batch system) has told this process to end
[62]PETSC ERROR: Try option -start_in_debugger or -on_error_attach_debugger
[62]PETSC ERROR: or see https://petsc.org/release/faq/#valgrind
[62]PETSC ERROR: or try http://valgrind.org on GNU/linux and Apple MacOS to find memory corruption errors
[62]PETSC ERROR: configure using --with-debugging=yes, recompile, link, and run 
[62]PETSC ERROR: to get more information on the crash.
[61]PETSC ERROR: ------------------------------------------------------------------------
[61]PETSC ERROR: Caught signal number 15 Terminate: Some process (or the batch system) has told this process to end
[61]PETSC ERROR: Try option -start_in_debugger or -on_error_attach_debugger
[61]PETSC ERROR: or see https://petsc.org/release/faq/#valgrind
[61]PETSC ERROR: or try http://valgrind.org on GNU/linux and Apple MacOS to find memory corruption errors
[4]PETSC ERROR: ------------------------------------------------------------------------
[4]PETSC ERROR: Caught signal number 15 Terminate: Some process (or the batch system) has told this process to end
[4]PETSC ERROR: Try option -start_in_debugger or -on_error_attach_debugger
[4]PETSC ERROR: or see https://petsc.org/release/faq/#valgrind
[4]PETSC ERROR: or try http://valgrind.org on GNU/linux and Apple MacOS to find memory corruption errors
[4]PETSC ERROR: configure using --with-debugging=yes, recompile, link, and run 
[61]PETSC ERROR: configure using --with-debugging=yes, recompile, link, and run 
[61]PETSC ERROR: to get more information on the crash.
[4]PETSC ERROR: to get more information on the crash.
[57]PETSC ERROR: ------------------------------------------------------------------------
[57]PETSC ERROR: Caught signal number 15 Terminate: Some process (or the batch system) has told this process to end
[57]PETSC ERROR: Try option -start_in_debugger or -on_error_attach_debugger
[57]PETSC ERROR: or see https://petsc.org/release/faq/#valgrind
[57]PETSC ERROR: or try http://valgrind.org on GNU/linux and Apple MacOS to find memory corruption errors
[57]PETSC ERROR: configure using --with-debugging=yes, recompile, link, and run 
[57]PETSC ERROR: to get more information on the crash.
[45]PETSC ERROR: ------------------------------------------------------------------------
[21]PETSC ERROR: ------------------------------------------------------------------------
[21]PETSC ERROR: Caught signal number 15 Terminate: Some process (or the batch system) has told this process to end
[21]PETSC ERROR: Try option -start_in_debugger or -on_error_attach_debugger
[45]PETSC ERROR: Caught signal number 15 Terminate: Some process (or the batch system) has told this process to end
[45]PETSC ERROR: Try option -start_in_debugger or -on_error_attach_debugger
[45]PETSC ERROR: or see https://petsc.org/release/faq/#valgrind
[45]PETSC ERROR: or try http://valgrind.org on GNU/linux and Apple MacOS to find memory corruption errors
[45]PETSC ERROR: configure using --with-debugging=yes, recompile, link, and run 
[45]PETSC ERROR: to get more information on the crash.
[21]PETSC ERROR: or see https://petsc.org/release/faq/#valgrind
[21]PETSC ERROR: or try http://valgrind.org on GNU/linux and Apple MacOS to find memory corruption errors
[21]PETSC ERROR: configure using --with-debugging=yes, recompile, link, and run 
[21]PETSC ERROR: to get more information on the crash.
[31]PETSC ERROR: ------------------------------------------------------------------------
[31]PETSC ERROR: Caught signal number 15 Terminate: Some process (or the batch system) has told this process to end
[31]PETSC ERROR: Try option -start_in_debugger or -on_error_attach_debugger
[31]PETSC ERROR: or see https://petsc.org/release/faq/#valgrind
[31]PETSC ERROR: or try http://valgrind.org on GNU/linux and Apple MacOS to find memory corruption errors
[31]PETSC ERROR: configure using --with-debugging=yes, recompile, link, and run 
[31]PETSC ERROR: to get more information on the crash.
[36]PETSC ERROR: ------------------------------------------------------------------------
[36]PETSC ERROR: Caught signal number 15 Terminate: Some process (or the batch system) has told this process to end
[36]PETSC ERROR: Try option -start_in_debugger or -on_error_attach_debugger
[36]PETSC ERROR: or see https://petsc.org/release/faq/#valgrind
[36]PETSC ERROR: or try http://valgrind.org on GNU/linux and Apple MacOS to find memory corruption errors
[36]PETSC ERROR: configure using --with-debugging=yes, recompile, link, and run 
[36]PETSC ERROR: to get more information on the crash.
[53]PETSC ERROR: ------------------------------------------------------------------------
[53]PETSC ERROR: Caught signal number 15 Terminate: Some process (or the batch system) has told this process to end
[53]PETSC ERROR: Try option -start_in_debugger or -on_error_attach_debugger
[53]PETSC ERROR: or see https://petsc.org/release/faq/#valgrind
[53]PETSC ERROR: or try http://valgrind.org on GNU/linux and Apple MacOS to find memory corruption errors
[53]PETSC ERROR: configure using --with-debugging=yes, recompile, link, and run 
[53]PETSC ERROR: to get more information on the crash.
[25]PETSC ERROR: ------------------------------------------------------------------------
[25]PETSC ERROR: Caught signal number 15 Terminate: Some process (or the batch system) has told this process to end
[25]PETSC ERROR: Try option -start_in_debugger or -on_error_attach_debugger
[25]PETSC ERROR: or see https://petsc.org/release/faq/#valgrind
[25]PETSC ERROR: or try http://valgrind.org on GNU/linux and Apple MacOS to find memory corruption errors
[25]PETSC ERROR: configure using --with-debugging=yes, recompile, link, and run 
[25]PETSC ERROR: to get more information on the crash.
[7]PETSC ERROR: ------------------------------------------------------------------------
[7]PETSC ERROR: Caught signal number 15 Terminate: Some process (or the batch system) has told this process to end
[7]PETSC ERROR: Try option -start_in_debugger or -on_error_attach_debugger
[7]PETSC ERROR: or see https://petsc.org/release/faq/#valgrind
[7]PETSC ERROR: or try http://valgrind.org on GNU/linux and Apple MacOS to find memory corruption errors
[7]PETSC ERROR: configure using --with-debugging=yes, recompile, link, and run 
[7]PETSC ERROR: to get more information on the crash.
[6]PETSC ERROR: ------------------------------------------------------------------------
[6]PETSC ERROR: Caught signal number 15 Terminate: Some process (or the batch system) has told this process to end
[6]PETSC ERROR: Try option -start_in_debugger or -on_error_attach_debugger
[6]PETSC ERROR: or see https://petsc.org/release/faq/#valgrind
[6]PETSC ERROR: or try http://valgrind.org on GNU/linux and Apple MacOS to find memory corruption errors
[6]PETSC ERROR: configure using --with-debugging=yes, recompile, link, and run 
[6]PETSC ERROR: to get more information on the crash.
[8]PETSC ERROR: ------------------------------------------------------------------------
[8]PETSC ERROR: Caught signal number 15 Terminate: Some process (or the batch system) has told this process to end
[8]PETSC ERROR: Try option -start_in_debugger or -on_error_attach_debugger
[8]PETSC ERROR: or see https://petsc.org/release/faq/#valgrind
[8]PETSC ERROR: or try http://valgrind.org on GNU/linux and Apple MacOS to find memory corruption errors
[8]PETSC ERROR: configure using --with-debugging=yes, recompile, link, and run 
[8]PETSC ERROR: to get more information on the crash.
[35]PETSC ERROR: ------------------------------------------------------------------------
[35]PETSC ERROR: Caught signal number 15 Terminate: Some process (or the batch system) has told this process to end
[35]PETSC ERROR: Try option -start_in_debugger or -on_error_attach_debugger
[35]PETSC ERROR: or see https://petsc.org/release/faq/#valgrind
[35]PETSC ERROR: or try http://valgrind.org on GNU/linux and Apple MacOS to find memory corruption errors
[35]PETSC ERROR: configure using --with-debugging=yes, recompile, link, and run 
[35]PETSC ERROR: to get more information on the crash.
[44]PETSC ERROR: ------------------------------------------------------------------------
[44]PETSC ERROR: Caught signal number 15 Terminate: Some process (or the batch system) has told this process to end
[44]PETSC ERROR: Try option -start_in_debugger or -on_error_attach_debugger
[44]PETSC ERROR: or see https://petsc.org/release/faq/#valgrind
[44]PETSC ERROR: or try http://valgrind.org on GNU/linux and Apple MacOS to find memory corruption errors
[44]PETSC ERROR: configure using --with-debugging=yes, recompile, link, and run 
[44]PETSC ERROR: to get more information on the crash.
[51]PETSC ERROR: ------------------------------------------------------------------------
[51]PETSC ERROR: Caught signal number 15 Terminate: Some process (or the batch system) has told this process to end
[51]PETSC ERROR: Try option -start_in_debugger or -on_error_attach_debugger
[51]PETSC ERROR: or see https://petsc.org/release/faq/#valgrind
[51]PETSC ERROR: or try http://valgrind.org on GNU/linux and Apple MacOS to find memory corruption errors
[51]PETSC ERROR: configure using --with-debugging=yes, recompile, link, and run 
[51]PETSC ERROR: to get more information on the crash.
[24]PETSC ERROR: ------------------------------------------------------------------------
[24]PETSC ERROR: Caught signal number 15 Terminate: Some process (or the batch system) has told this process to end
[24]PETSC ERROR: Try option -start_in_debugger or -on_error_attach_debugger
[24]PETSC ERROR: or see https://petsc.org/release/faq/#valgrind
[24]PETSC ERROR: or try http://valgrind.org on GNU/linux and Apple MacOS to find memory corruption errors
[24]PETSC ERROR: configure using --with-debugging=yes, recompile, link, and run 
[24]PETSC ERROR: to get more information on the crash.
[46]PETSC ERROR: ------------------------------------------------------------------------
[46]PETSC ERROR: Caught signal number 15 Terminate: Some process (or the batch system) has told this process to end
[46]PETSC ERROR: Try option -start_in_debugger or -on_error_attach_debugger
[46]PETSC ERROR: or see https://petsc.org/release/faq/#valgrind
[46]PETSC ERROR: or try http://valgrind.org on GNU/linux and Apple MacOS to find memory corruption errors
[46]PETSC ERROR: configure using --with-debugging=yes, recompile, link, and run 
[46]PETSC ERROR: to get more information on the crash.
[52]PETSC ERROR: ------------------------------------------------------------------------
[52]PETSC ERROR: Caught signal number 15 Terminate: Some process (or the batch system) has told this process to end
[52]PETSC ERROR: Try option -start_in_debugger or -on_error_attach_debugger
[52]PETSC ERROR: or see https://petsc.org/release/faq/#valgrind
[52]PETSC ERROR: or try http://valgrind.org on GNU/linux and Apple MacOS to find memory corruption errors
[52]PETSC ERROR: configure using --with-debugging=yes, recompile, link, and run 
[52]PETSC ERROR: to get more information on the crash.
[60]PETSC ERROR: ------------------------------------------------------------------------
[60]PETSC ERROR: Caught signal number 15 Terminate: Some process (or the batch system) has told this process to end
[60]PETSC ERROR: Try option -start_in_debugger or -on_error_attach_debugger
[60]PETSC ERROR: or see https://petsc.org/release/faq/#valgrind
[60]PETSC ERROR: or try http://valgrind.org on GNU/linux and Apple MacOS to find memory corruption errors
[60]PETSC ERROR: configure using --with-debugging=yes, recompile, link, and run 
[60]PETSC ERROR: to get more information on the crash.
[34]PETSC ERROR: ------------------------------------------------------------------------
[34]PETSC ERROR: Caught signal number 15 Terminate: Some process (or the batch system) has told this process to end
[34]PETSC ERROR: Try option -start_in_debugger or -on_error_attach_debugger
[34]PETSC ERROR: or see https://petsc.org/release/faq/#valgrind
[34]PETSC ERROR: or try http://valgrind.org on GNU/linux and Apple MacOS to find memory corruption errors
[34]PETSC ERROR: configure using --with-debugging=yes, recompile, link, and run 
[34]PETSC ERROR: to get more information on the crash.
[12]PETSC ERROR: ------------------------------------------------------------------------
[12]PETSC ERROR: Caught signal number 15 Terminate: Some process (or the batch system) has told this process to end
[12]PETSC ERROR: Try option -start_in_debugger or -on_error_attach_debugger
[12]PETSC ERROR: or see https://petsc.org/release/faq/#valgrind
[12]PETSC ERROR: or try http://valgrind.org on GNU/linux and Apple MacOS to find memory corruption errors
[12]PETSC ERROR: configure using --with-debugging=yes, recompile, link, and run 
[12]PETSC ERROR: to get more information on the crash.
[39]PETSC ERROR: ------------------------------------------------------------------------
[39]PETSC ERROR: Caught signal number 15 Terminate: Some process (or the batch system) has told this process to end
[39]PETSC ERROR: Try option -start_in_debugger or -on_error_attach_debugger
[39]PETSC ERROR: or see https://petsc.org/release/faq/#valgrind
[39]PETSC ERROR: or try http://valgrind.org on GNU/linux and Apple MacOS to find memory corruption errors
[39]PETSC ERROR: configure using --with-debugging=yes, recompile, link, and run 
[39]PETSC ERROR: to get more information on the crash.
[2]PETSC ERROR: ------------------------------------------------------------------------
[2]PETSC ERROR: Caught signal number 15 Terminate: Some process (or the batch system) has told this process to end
[2]PETSC ERROR: Try option -start_in_debugger or -on_error_attach_debugger
[2]PETSC ERROR: or see https://petsc.org/release/faq/#valgrind
[2]PETSC ERROR: or try http://valgrind.org on GNU/linux and Apple MacOS to find memory corruption errors
[2]PETSC ERROR: configure using --with-debugging=yes, recompile, link, and run 
[2]PETSC ERROR: to get more information on the crash.
[20]PETSC ERROR: ------------------------------------------------------------------------
[20]PETSC ERROR: Caught signal number 15 Terminate: Some process (or the batch system) has told this process to end
[20]PETSC ERROR: Try option -start_in_debugger or -on_error_attach_debugger
[20]PETSC ERROR: or see https://petsc.org/release/faq/#valgrind
[20]PETSC ERROR: or try http://valgrind.org on GNU/linux and Apple MacOS to find memory corruption errors
[20]PETSC ERROR: configure using --with-debugging=yes, recompile, link, and run 
[20]PETSC ERROR: to get more information on the crash.
[3]PETSC ERROR: ------------------------------------------------------------------------
[33]PETSC ERROR: ------------------------------------------------------------------------
[33]PETSC ERROR: Caught signal number 15 Terminate: Some process (or the batch system) has told this process to end
[33]PETSC ERROR: Try option -start_in_debugger or -on_error_attach_debugger
[33]PETSC ERROR: or see https://petsc.org/release/faq/#valgrind
[33]PETSC ERROR: or try http://valgrind.org on GNU/linux and Apple MacOS to find memory corruption errors
[33]PETSC ERROR: configure using --with-debugging=yes, recompile, link, and run 
[33]PETSC ERROR: to get more information on the crash.
[3]PETSC ERROR: Caught signal number 15 Terminate: Some process (or the batch system) has told this process to end
[3]PETSC ERROR: Try option -start_in_debugger or -on_error_attach_debugger
[3]PETSC ERROR: or see https://petsc.org/release/faq/#valgrind
[3]PETSC ERROR: or try http://valgrind.org on GNU/linux and Apple MacOS to find memory corruption errors
[3]PETSC ERROR: configure using --with-debugging=yes, recompile, link, and run 
[3]PETSC ERROR: to get more information on the crash.
[38]PETSC ERROR: ------------------------------------------------------------------------
[38]PETSC ERROR: Caught signal number 15 Terminate: Some process (or the batch system) has told this process to end
[38]PETSC ERROR: Try option -start_in_debugger or -on_error_attach_debugger
[38]PETSC ERROR: or see https://petsc.org/release/faq/#valgrind
[38]PETSC ERROR: or try http://valgrind.org on GNU/linux and Apple MacOS to find memory corruption errors
[38]PETSC ERROR: configure using --with-debugging=yes, recompile, link, and run 
[38]PETSC ERROR: to get more information on the crash.
[54]PETSC ERROR: ------------------------------------------------------------------------
[54]PETSC ERROR: Caught signal number 15 Terminate: Some process (or the batch system) has told this process to end
[54]PETSC ERROR: Try option -start_in_debugger or -on_error_attach_debugger
[54]PETSC ERROR: or see https://petsc.org/release/faq/#valgrind
[54]PETSC ERROR: or try http://valgrind.org on GNU/linux and Apple MacOS to find memory corruption errors
[54]PETSC ERROR: configure using --with-debugging=yes, recompile, link, and run 
[54]PETSC ERROR: to get more information on the crash.
[37]PETSC ERROR: ------------------------------------------------------------------------
[37]PETSC ERROR: Caught signal number 15 Terminate: Some process (or the batch system) has told this process to end
[37]PETSC ERROR: Try option -start_in_debugger or -on_error_attach_debugger
[37]PETSC ERROR: or see https://petsc.org/release/faq/#valgrind
[37]PETSC ERROR: or try http://valgrind.org on GNU/linux and Apple MacOS to find memory corruption errors
[37]PETSC ERROR: configure using --with-debugging=yes, recompile, link, and run 
[37]PETSC ERROR: to get more information on the crash.
[42]PETSC ERROR: ------------------------------------------------------------------------
[42]PETSC ERROR: Caught signal number 15 Terminate: Some process (or the batch system) has told this process to end
[42]PETSC ERROR: Try option -start_in_debugger or -on_error_attach_debugger
[42]PETSC ERROR: or see https://petsc.org/release/faq/#valgrind
[42]PETSC ERROR: or try http://valgrind.org on GNU/linux and Apple MacOS to find memory corruption errors
[42]PETSC ERROR: configure using --with-debugging=yes, recompile, link, and run 
[42]PETSC ERROR: to get more information on the crash.
[30]PETSC ERROR: ------------------------------------------------------------------------
[30]PETSC ERROR: Caught signal number 15 Terminate: Some process (or the batch system) has told this process to end
[30]PETSC ERROR: Try option -start_in_debugger or -on_error_attach_debugger
[30]PETSC ERROR: or see https://petsc.org/release/faq/#valgrind
[30]PETSC ERROR: or try http://valgrind.org on GNU/linux and Apple MacOS to find memory corruption errors
[30]PETSC ERROR: configure using --with-debugging=yes, recompile, link, and run 
[30]PETSC ERROR: to get more information on the crash.
[48]PETSC ERROR: ------------------------------------------------------------------------
[48]PETSC ERROR: Caught signal number 15 Terminate: Some process (or the batch system) has told this process to end
[48]PETSC ERROR: Try option -start_in_debugger or -on_error_attach_debugger
[48]PETSC ERROR: or see https://petsc.org/release/faq/#valgrind
[48]PETSC ERROR: or try http://valgrind.org on GNU/linux and Apple MacOS to find memory corruption errors
[48]PETSC ERROR: configure using --with-debugging=yes, recompile, link, and run 
[48]PETSC ERROR: to get more information on the crash.
[19]PETSC ERROR: ------------------------------------------------------------------------
[19]PETSC ERROR: Caught signal number 15 Terminate: Some process (or the batch system) has told this process to end
[19]PETSC ERROR: Try option -start_in_debugger or -on_error_attach_debugger
[19]PETSC ERROR: or see https://petsc.org/release/faq/#valgrind
[19]PETSC ERROR: or try http://valgrind.org on GNU/linux and Apple MacOS to find memory corruption errors
[19]PETSC ERROR: configure using --with-debugging=yes, recompile, link, and run 
[19]PETSC ERROR: to get more information on the crash.
[9]PETSC ERROR: ------------------------------------------------------------------------
[9]PETSC ERROR: Caught signal number 15 Terminate: Some process (or the batch system) has told this process to end
[9]PETSC ERROR: Try option -start_in_debugger or -on_error_attach_debugger
[9]PETSC ERROR: or see https://petsc.org/release/faq/#valgrind
[9]PETSC ERROR: or try http://valgrind.org on GNU/linux and Apple MacOS to find memory corruption errors
[9]PETSC ERROR: configure using --with-debugging=yes, recompile, link, and run 
[9]PETSC ERROR: to get more information on the crash.
[63]PETSC ERROR: ------------------------------------------------------------------------
[63]PETSC ERROR: Caught signal number 15 Terminate: Some process (or the batch system) has told this process to end
[63]PETSC ERROR: Try option -start_in_debugger or -on_error_attach_debugger
[63]PETSC ERROR: or see https://petsc.org/release/faq/#valgrind
[63]PETSC ERROR: or try http://valgrind.org on GNU/linux and Apple MacOS to find memory corruption errors
[63]PETSC ERROR: configure using --with-debugging=yes, recompile, link, and run 
[63]PETSC ERROR: to get more information on the crash.
application called MPI_Abort(MPI_COMM_WORLD, 59) - process 33
application called MPI_Abort(MPI_COMM_WORLD, 59) - process 61
application called MPI_Abort(MPI_COMM_WORLD, 59) - process 22
application called MPI_Abort(MPI_COMM_WORLD, 59) - process 43
application called MPI_Abort(MPI_COMM_WORLD, 59) - process 6
application called MPI_Abort(MPI_COMM_WORLD, 59) - process 15
application called MPI_Abort(MPI_COMM_WORLD, 59) - process 51
application called MPI_Abort(MPI_COMM_WORLD, 59) - process 8
application called MPI_Abort(MPI_COMM_WORLD, 59) - process 45
application called MPI_Abort(MPI_COMM_WORLD, 59) - process 55
application called MPI_Abort(MPI_COMM_WORLD, 59) - process 29
application called MPI_Abort(MPI_COMM_WORLD, 59) - process 60
application called MPI_Abort(MPI_COMM_WORLD, 59) - process 46
application called MPI_Abort(MPI_COMM_WORLD, 59) - process 48
application called MPI_Abort(MPI_COMM_WORLD, 59) - process 57
application called MPI_Abort(MPI_COMM_WORLD, 59) - process 49
application called MPI_Abort(MPI_COMM_WORLD, 59) - process 24
application called MPI_Abort(MPI_COMM_WORLD, 59) - process 47
application called MPI_Abort(MPI_COMM_WORLD, 59) - process 27
application called MPI_Abort(MPI_COMM_WORLD, 59) - process 56
application called MPI_Abort(MPI_COMM_WORLD, 59) - process 32
application called MPI_Abort(MPI_COMM_WORLD, 59) - process 40
application called MPI_Abort(MPI_COMM_WORLD, 59) - process 58
application called MPI_Abort(MPI_COMM_WORLD, 59) - process 21
application called MPI_Abort(MPI_COMM_WORLD, 59) - process 53
application called MPI_Abort(MPI_COMM_WORLD, 59) - process 3
application called MPI_Abort(MPI_COMM_WORLD, 59) - process 36
application called MPI_Abort(MPI_COMM_WORLD, 59) - process 25
application called MPI_Abort(MPI_COMM_WORLD, 59) - process 34
application called MPI_Abort(MPI_COMM_WORLD, 59) - process 2
application called MPI_Abort(MPI_COMM_WORLD, 59) - process 44
application called MPI_Abort(MPI_COMM_WORLD, 59) - process 62
application called MPI_Abort(MPI_COMM_WORLD, 59) - process 4
application called MPI_Abort(MPI_COMM_WORLD, 59) - process 7
application called MPI_Abort(MPI_COMM_WORLD, 59) - process 9
application called MPI_Abort(MPI_COMM_WORLD, 59) - process 12
application called MPI_Abort(MPI_COMM_WORLD, 59) - process 16
application called MPI_Abort(MPI_COMM_WORLD, 59) - process 20
application called MPI_Abort(MPI_COMM_WORLD, 59) - process 26
application called MPI_Abort(MPI_COMM_WORLD, 59) - process 35
application called MPI_Abort(MPI_COMM_WORLD, 59) - process 37
application called MPI_Abort(MPI_COMM_WORLD, 59) - process 63
application called MPI_Abort(MPI_COMM_WORLD, 59) - process 50
application called MPI_Abort(MPI_COMM_WORLD, 59) - process 31
application called MPI_Abort(MPI_COMM_WORLD, 59) - process 38
application called MPI_Abort(MPI_COMM_WORLD, 59) - process 39
application called MPI_Abort(MPI_COMM_WORLD, 59) - process 52
application called MPI_Abort(MPI_COMM_WORLD, 59) - process 42
application called MPI_Abort(MPI_COMM_WORLD, 59) - process 30
application called MPI_Abort(MPI_COMM_WORLD, 59) - process 19
application called MPI_Abort(MPI_COMM_WORLD, 59) - process 54
