Mon Jan 15 20:40:53 CST 2024
running build_ext
cythoning mangrove_2.pyx to mangrove_2.c
building 'mangrove' extension
INFO: C compiler: gcc -Wno-unused-result -Wsign-compare -DNDEBUG -g -fwrapv -O3 -Wall -fPIC

creating build
creating build/temp.linux-x86_64-3.10
INFO: compile options: '-I/project/cekees/cekees/proteus/fct/lib/python3.10/site-packages/numpy/core/include -I/project/cekees/cekees/proteus/fct/include/python3.10 -c'
INFO: gcc: mangrove_2.c
INFO: gcc -pthread -shared -L/ddnA/project/cekees/cekees/hashdist/bld/bzip2/bxub4egwxmki/lib -Wl,-rpath=/ddnA/project/cekees/cekees/hashdist/bld/bzip2/bxub4egwxmki/lib -L/ddnA/project/cekees/cekees/hashdist/bld/gdbm/ile5emyu5ynn/lib -Wl,-rpath=/ddnA/project/cekees/cekees/hashdist/bld/gdbm/ile5emyu5ynn/lib -L/ddnA/project/cekees/cekees/hashdist/bld/launcher/nqs3636t5jqx/lib -Wl,-rpath=/ddnA/project/cekees/cekees/hashdist/bld/launcher/nqs3636t5jqx/lib -L/ddnA/project/cekees/cekees/hashdist/bld/libffi/tgz5pgvfcz6v/lib -Wl,-rpath=/ddnA/project/cekees/cekees/hashdist/bld/libffi/tgz5pgvfcz6v/lib -L/ddnA/project/cekees/cekees/hashdist/bld/ncurses/bo63dncyhwlb/lib -Wl,-rpath=/ddnA/project/cekees/cekees/hashdist/bld/ncurses/bo63dncyhwlb/lib -L/ddnA/project/cekees/cekees/hashdist/bld/openssl/h5jbtgv2fk37/lib -Wl,-rpath=/ddnA/project/cekees/cekees/hashdist/bld/openssl/h5jbtgv2fk37/lib -L/ddnA/project/cekees/cekees/hashdist/bld/patchelf/otm7ck6l2z3a/lib -Wl,-rpath=/ddnA/project/cekees/cekees/hashdist/bld/patchelf/otm7ck6l2z3a/lib -L/ddnA/project/cekees/cekees/hashdist/bld/readline/k3myfxc2g4rc/lib -Wl,-rpath=/ddnA/project/cekees/cekees/hashdist/bld/readline/k3myfxc2g4rc/lib -L/ddnA/project/cekees/cekees/hashdist/bld/sqlite/dovhidn2po6z/lib -Wl,-rpath=/ddnA/project/cekees/cekees/hashdist/bld/sqlite/dovhidn2po6z/lib -L/ddnA/project/cekees/cekees/hashdist/bld/zlib/qg2mb57cgcut/lib -Wl,-rpath=/ddnA/project/cekees/cekees/hashdist/bld/zlib/qg2mb57cgcut/lib -Wl,-rpath,/ddnA/project/cekees/cekees/hashdist/bld/python/7erkfjep7ml2/lib build/temp.linux-x86_64-3.10/mangrove_2.o -L/ddnA/project/cekees/cekees/hashdist/bld/python/7erkfjep7ml2/lib -o /ddnA/work/whtsao/wave_pass_realtree.192598/mangrove.cpython-310-x86_64-linux-gnu.so
Opening cell.poly.
  Initializing memorypools.
  tetrahedron per block: 8188.
  Size of a point: 152 bytes.
  Size of a tetrahedron: 104 (112) bytes.
  Size of a shellface: 200 (200) bytes.
  Initializing robust predicates.
  sizeof(double) =  8
  machine epsilon =   2.22045e-16 [IEEE 754 64-bit macheps]
Delaunizing vertices...
  Permuting vertices.
  Sorting vertices.
  Incrementally inserting vertices.
Delaunay seconds:  8.3e-05
  Point sorting seconds:  6e-06
Creating surface mesh ...
  12 (12) subfaces (segments).
Surface mesh seconds:  4.7e-05
Recovering boundaries...
  Creating the segment-endpoints map.
  Found 12 segments.
  Recovering segments.
  12 (0) segments are recovered (missing).
  Recovering facets.
  12 (0) subfaces are recovered (missing).
Boundary recovery seconds:  0.000115
  Segment recovery seconds:  2.1e-05
  Facet recovery seconds:  9.4e-05
Removing exterior tetrahedra ...
Spreading region attributes.
  Found 1 domain.
Exterior tets removal seconds:  1.5e-05
Recovering Delaunayness...
Delaunay recovery seconds:  7.5e-05
Refining mesh...
  Min radius-edge ratio = 12.
  Min dihedral   angle  = 3.5.
  Max tet volume  = 1.33333e-06.
  Creating the segment_info_list.
  min_dihedral angle = 90 degree, at segment [3,2]
  min face angle = 90 degree, at vertex 2
  Creating the facet vertices map.
  Found 6 facets. Max facet idx(0), size(4)
  Creating the segment-to-facets map.
  Splitting encroached subsegments.
  Added 0 Steiner points.
  Splitting encroached and bad quality subfaces.
  Added 0 (0,0) Steiner points.
  Splitting bad quality tets.
  10 insertions, added 6 points, 66 tetrahedra in queue.
  3 insertions, added 2 points, 91 tetrahedra in queue.
  4 insertions, added 2 points, 127 tetrahedra in queue.
  5 insertions, added 2 points, 152 tetrahedra in queue.
  7 insertions, added 5 points, 223 tetrahedra in queue.
  9 insertions, added 5 points, 315 tetrahedra in queue.
  12 insertions, added 7 points, 397 tetrahedra in queue.
  16 insertions, added 10 points, 549 tetrahedra in queue.
  21 insertions, added 11 points, 736 tetrahedra in queue.
  28 insertions, added 15 points, 954 tetrahedra in queue.
  38 insertions, added 20 points, 1286 tetrahedra in queue.
  50 insertions, added 28 points, 1729 tetrahedra in queue.
  67 insertions, added 36 points, 2326 tetrahedra in queue.
  89 insertions, added 49 points, 3160 tetrahedra in queue.
  119 insertions, added 72 points, 4384 tetrahedra in queue.
  159 insertions, added 95 points, 5999 tetrahedra in queue.
  212 insertions, added 146 points, 8622 tetrahedra in queue.
  282 insertions, added 195 points, 12226 tetrahedra in queue.
  376 insertions, added 283 points, 17829 tetrahedra in queue.
  501 insertions, added 374 points, 25081 tetrahedra in queue.
  668 insertions, added 523 points, 35179 tetrahedra in queue.
  891 insertions, added 705 points, 48837 tetrahedra in queue.
  1187 insertions, added 978 points, 68059 tetrahedra in queue.
  1583 insertions, added 1329 points, 94632 tetrahedra in queue.
  2110 insertions, added 1811 points, 131608 tetrahedra in queue.
  2812 insertions, added 2465 points, 182257 tetrahedra in queue.
  3749 insertions, added 3372 points, 251504 tetrahedra in queue.
  4997 insertions, added 4582 points, 346104 tetrahedra in queue.
  6661 insertions, added 6109 points, 473268 tetrahedra in queue.
  8879 insertions, added 8273 points, 645191 tetrahedra in queue.
  11836 insertions, added 11126 points, 877760 tetrahedra in queue.
  15777 insertions, added 14905 points, 1189663 tetrahedra in queue.
  21031 insertions, added 20090 points, 1611385 tetrahedra in queue.
  28034 insertions, added 26901 points, 2177442 tetrahedra in queue.
  37370 insertions, added 35936 points, 2937821 tetrahedra in queue.
  49814 insertions, added 48188 points, 3959385 tetrahedra in queue.
  66402 insertions, added 64317 points, 5325760 tetrahedra in queue.
  88514 insertions, added 86039 points, 7156300 tetrahedra in queue.
  117989 insertions, added 114825 points, 9600665 tetrahedra in queue.
  157279 insertions, added 153247 points, 12874556 tetrahedra in queue.
  209653 insertions, added 204278 points, 17221909 tetrahedra in queue.
  279468 insertions, added 271991 points, 22992501 tetrahedra in queue.
  372531 insertions, added 362098 points, 30624789 tetrahedra in queue.
  496583 insertions, added 480992 points, 40612155 tetrahedra in queue.
  661946 insertions, added 637965 points, 53482165 tetrahedra in queue.
  882374 insertions, added 843532 points, 69446892 tetrahedra in queue.
  1176204 insertions, added 1104248 points, 84845615 tetrahedra in queue.
  Added 5541305 (2421,258513,5280371) Steiner points.
  Added 30 (0,9,21) Steiner points.
Refinement seconds:  131.183
Smoothing vertices...
  Smooth criterion   = 3
  Smooth iterations  = 7
  Smooth relax-alpha = 0.3
Mesh smoothing seconds:  562.371
Improving mesh...
  Target maximum aspect ratio = 1000.
  Target maximum dihedral angle = 177.
  Maximum flip level   = 3.
  Number of iterations = 3.
  Removed 1769 edges/faces.
Mesh improvement seconds:  10.6543

Writing cell.1.node.
Writing cell.1.ele.
Writing cell.1.face.
Writing cell.1.edge.
Writing cell.1.neigh.

Output seconds:  120.206
Total running seconds:  824.414

Statistics:

  Input points: 8
  Input facets: 6
  Input segments: 12
  Input holes: 0
  Input regions: 1

  Mesh points: 5541564
  Mesh tetrahedra: 33577799
  Mesh faces: 67416607
  Mesh edges: 39380371
  Mesh faces on exterior boundary: 522018
  Mesh edges on exterior boundary: 783027
  Mesh faces on input facets: 522018
  Mesh edges on input segments: 2433
  Steiner points on input facets:  258582
  Steiner points on input segments:  2421
  Steiner points inside domain: 5280553

Mesh quality statistics:

  Smallest volume:       1.2494e-08   |  Largest volume:       2.0868e-06
  Shortest edge:          0.0067736   |  Longest edge:           0.033163
  Smallest asp.ratio:        1.2328   |  Largest asp.ratio:        73.107
  Smallest facangle:         17.038   |  Largest facangle:       131.1661
  Smallest dihedral:         1.4661   |  Largest dihedral:       176.9990

  Aspect ratio histogram:
         < 1.5       :   2487022      |      6 - 10         :    133473
     1.5 - 2         :  20671346      |     10 - 15         :     27885
       2 - 2.5       :   7241249      |     15 - 25         :     11186
     2.5 - 3         :   1670331      |     25 - 50         :      3775
       3 - 4         :    922768      |     50 - 100        :        79
       4 - 6         :    408685      |    100 -            :         0
  (A tetrahedron's aspect ratio is its longest edge length divided by its
    smallest side height)

  Face angle histogram:
      0 -  10 degrees:         0      |     90 - 100 degrees:   3253826
     10 -  20 degrees:       139      |    100 - 110 degrees:    541725
     20 -  30 degrees:    175858      |    110 - 120 degrees:     40388
     30 -  40 degrees:   7434899      |    120 - 130 degrees:       915
     40 -  50 degrees:  39693599      |    130 - 140 degrees:         5
     50 -  60 degrees:  61868476      |    140 - 150 degrees:         0
     60 -  70 degrees:  49769354      |    150 - 160 degrees:         0
     70 -  80 degrees:  27943306      |    160 - 170 degrees:         0
     80 -  90 degrees:  11527331      |    170 - 180 degrees:         0

  Dihedral angle histogram:
       0 -  5 degrees:     29355      |     80 - 110 degrees:  44944536
       5 - 10 degrees:    146524      |    110 - 120 degrees:   4683212
      10 - 20 degrees:   1027464      |    120 - 130 degrees:   2619920
      20 - 30 degrees:   2917870      |    130 - 140 degrees:   1488157
      30 - 40 degrees:   7898446      |    140 - 150 degrees:    844106
      40 - 50 degrees:  21279890      |    150 - 160 degrees:    434432
      50 - 60 degrees:  38038137      |    160 - 170 degrees:    172939
      60 - 70 degrees:  41558950      |    170 - 175 degrees:     28276
      70 - 80 degrees:  33349540      |    175 - 180 degrees:      5040
  Minimum input dihedral angle is 90 (degree).


Memory usage statistics:

  Maximum number of tetrahedra:  35579990
  Maximum number of tet blocks (blocksize = 8188):  4346
  Approximate memory for tetrahedral mesh (bytes):  4,932,167,608
  Approximate memory for extra pointers (bytes):  33,731,888
  Approximate memory for algorithms (bytes):  148,656
  Approximate memory for working arrays (bytes):  1,367,073,452
  Approximate total used memory (bytes):  6,333,121,604

Max nNodes_subdomain 21647 nNodes_global 5541564
Done allocating MPIAdj
Max memory usage per core 0.37011GB
Done applying partition
Max memory usage per core 0.470696GB
==================out of core old2new is correct!====================
Done with masks
Max memory usage per core 0.509112GB
Done marking elements
Max memory usage per core 0.638222GB
Done allocating element numbering new2old/old2new
Max memory usage per core 0.911872GB
Done reading element boundaries
Max memory usage per core 1.00856GB
Allocating elementBoudnary old2new/new2old
Max memory usage per core 1.58185GB
Done allocating elementBoudnary old2new/new2old
Max memory usage per core 1.31263GB
Done reading edges
Max memory usage per core 1.37119GB
Setting edgeNumering old2new/new2old
Max memory usage per core 1.73102GB
Done allocating edgeNumering old2new/new2old
Max memory usage per core 1.57382GB
Done reading vertices
Max memory usage per core 1.42406GB
Done with material types
Max memory usage per core 1.01854GB
Done with partitioning!
Max memory usage per core 1.08917GB
