/project/cekees/cekees/proteus/fct/lib/python3.10/site-packages/setuptools/config/__init__.py:28: SetuptoolsDeprecationWarning: As setuptools moves its configuration towards `pyproject.toml`,
`setuptools.config.parse_configuration` became deprecated.

For the time being, you can use the `setuptools.config.setupcfg` module
to access a backward compatible API, but this module is provisional
and might be removed in the future.

  warnings.warn(dedent(msg), SetuptoolsDeprecationWarning)
In file included from /project/cekees/cekees/proteus/fct/lib/python3.10/site-packages/numpy/core/include/numpy/ndarraytypes.h:1948,
                 from /project/cekees/cekees/proteus/fct/lib/python3.10/site-packages/numpy/core/include/numpy/ndarrayobject.h:12,
                 from /project/cekees/cekees/proteus/fct/lib/python3.10/site-packages/numpy/core/include/numpy/arrayobject.h:5,
                 from panel.c:698:
/project/cekees/cekees/proteus/fct/lib/python3.10/site-packages/numpy/core/include/numpy/npy_1_7_deprecated_api.h:17:2: warning: #warning "Using deprecated NumPy API, disable it with " "#define NPY_NO_DEPRECATED_API NPY_1_7_API_VERSION" [-Wcpp]
   17 | #warning "Using deprecated NumPy API, disable it with " \
      |  ^~~~~~~
panel.c: In function '__pyx_pf_5panel_4sdf_vectorized_stl.constprop':
panel.c:8921:17: warning: '__pyx_v_se' may be used uninitialized in this function [-Wmaybe-uninitialized]
 8921 |     __pyx_t_4 = PyFloat_FromDouble(__pyx_v_s); if (unlikely(!__pyx_t_4)) __PYX_ERR(0, 228, __pyx_L1_error)
      |                 ^~~~~~~~~~~~~~~~~~~~~~~~~~~~~
WARNING: Error in initializing MVAPICH2 ptmalloc library.Continuing without InfiniBand registration cache support.
USER WARNING: In order to avoid a segmentation fault, you need to have supplied the 'f' flag to the triangleOptions input.
USER WARNING: In order to avoid an edge assertion error, you need to have supplied the 'ee' flag to the triangleOptions input.
slurmstepd: error: *** STEP 201508.0 ON mike027 CANCELLED AT 2024-02-07T20:27:51 DUE TO TIME LIMIT ***
srun: Job step aborted: Waiting up to 302 seconds for job step to finish.
slurmstepd: error: *** JOB 201508 ON mike027 CANCELLED AT 2024-02-07T20:27:51 DUE TO TIME LIMIT ***
[747]PETSC ERROR: ------------------------------------------------------------------------
[749]PETSC ERROR: ------------------------------------------------------------------------
[750]PETSC ERROR: ------------------------------------------------------------------------
[752]PETSC ERROR: ------------------------------------------------------------------------
[713]PETSC ERROR: ------------------------------------------------------------------------
[708]PETSC ERROR: ------------------------------------------------------------------------
[715]PETSC ERROR: ------------------------------------------------------------------------
[722]PETSC ERROR: ------------------------------------------------------------------------
[754]PETSC ERROR: ------------------------------------------------------------------------
[755]PETSC ERROR: ------------------------------------------------------------------------
[736]PETSC ERROR: ------------------------------------------------------------------------
[739]PETSC ERROR: ------------------------------------------------------------------------
[763]PETSC ERROR: ------------------------------------------------------------------------
[710]PETSC ERROR: ------------------------------------------------------------------------
[737]PETSC ERROR: ------------------------------------------------------------------------
[743]PETSC ERROR: ------------------------------------------------------------------------
[748]PETSC ERROR: ------------------------------------------------------------------------
[721]PETSC ERROR: ------------------------------------------------------------------------
[741]PETSC ERROR: ------------------------------------------------------------------------
[765]PETSC ERROR: ------------------------------------------------------------------------
[734]PETSC ERROR: ------------------------------------------------------------------------
[757]PETSC ERROR: ------------------------------------------------------------------------
[758]PETSC ERROR: ------------------------------------------------------------------------
[730]PETSC ERROR: ------------------------------------------------------------------------
[717]PETSC ERROR: ------------------------------------------------------------------------
[732]PETSC ERROR: ------------------------------------------------------------------------
[0]PETSC ERROR: ------------------------------------------------------------------------
[733]PETSC ERROR: ------------------------------------------------------------------------
[6]PETSC ERROR: ------------------------------------------------------------------------
[705]PETSC ERROR: ------------------------------------------------------------------------
[10]PETSC ERROR: ------------------------------------------------------------------------
[744]PETSC ERROR: ------------------------------------------------------------------------
[11]PETSC ERROR: ------------------------------------------------------------------------
[706]PETSC ERROR: ------------------------------------------------------------------------
[12]PETSC ERROR: ------------------------------------------------------------------------
[742]PETSC ERROR: ------------------------------------------------------------------------
[3]PETSC ERROR: ------------------------------------------------------------------------
[767]PETSC ERROR: ------------------------------------------------------------------------
[9]PETSC ERROR: ------------------------------------------------------------------------
[707]PETSC ERROR: ------------------------------------------------------------------------
[13]PETSC ERROR: ------------------------------------------------------------------------
[731]PETSC ERROR: ------------------------------------------------------------------------
[20]PETSC ERROR: ------------------------------------------------------------------------
[766]PETSC ERROR: ------------------------------------------------------------------------
[21]PETSC ERROR: ------------------------------------------------------------------------
[709]PETSC ERROR: ------------------------------------------------------------------------
[22]PETSC ERROR: ------------------------------------------------------------------------
[716]PETSC ERROR: ------------------------------------------------------------------------
[28]PETSC ERROR: ------------------------------------------------------------------------
[720]PETSC ERROR: ------------------------------------------------------------------------
[47]PETSC ERROR: ------------------------------------------------------------------------
[738]PETSC ERROR: ------------------------------------------------------------------------
[56]PETSC ERROR: ------------------------------------------------------------------------
[751]PETSC ERROR: ------------------------------------------------------------------------
[8]PETSC ERROR: ------------------------------------------------------------------------
[756]PETSC ERROR: ------------------------------------------------------------------------
[761]PETSC ERROR: ------------------------------------------------------------------------
[712]PETSC ERROR: ------------------------------------------------------------------------
[735]PETSC ERROR: ------------------------------------------------------------------------
[759]PETSC ERROR: ------------------------------------------------------------------------
[14]PETSC ERROR: ------------------------------------------------------------------------
[760]PETSC ERROR: ------------------------------------------------------------------------
[15]PETSC ERROR: ------------------------------------------------------------------------
[762]PETSC ERROR: ------------------------------------------------------------------------
[764]PETSC ERROR: ------------------------------------------------------------------------
[16]PETSC ERROR: ------------------------------------------------------------------------
[740]PETSC ERROR: ------------------------------------------------------------------------
[714]PETSC ERROR: ------------------------------------------------------------------------
[726]PETSC ERROR: ------------------------------------------------------------------------
[19]PETSC ERROR: ------------------------------------------------------------------------
[27]PETSC ERROR: ------------------------------------------------------------------------
[30]PETSC ERROR: ------------------------------------------------------------------------
[42]PETSC ERROR: ------------------------------------------------------------------------
[63]PETSC ERROR: ------------------------------------------------------------------------
[17]PETSC ERROR: ------------------------------------------------------------------------
[24]PETSC ERROR: ------------------------------------------------------------------------
[36]PETSC ERROR: ------------------------------------------------------------------------
[52]PETSC ERROR: ------------------------------------------------------------------------
[57]PETSC ERROR: ------------------------------------------------------------------------
[59]PETSC ERROR: ------------------------------------------------------------------------
[4]PETSC ERROR: ------------------------------------------------------------------------
[7]PETSC ERROR: ------------------------------------------------------------------------
[25]PETSC ERROR: ------------------------------------------------------------------------
[45]PETSC ERROR: ------------------------------------------------------------------------
[48]PETSC ERROR: ------------------------------------------------------------------------
[53]PETSC ERROR: ------------------------------------------------------------------------
[54]PETSC ERROR: ------------------------------------------------------------------------
[58]PETSC ERROR: ------------------------------------------------------------------------
[60]PETSC ERROR: ------------------------------------------------------------------------
[61]PETSC ERROR: ------------------------------------------------------------------------
[5]PETSC ERROR: ------------------------------------------------------------------------
[23]PETSC ERROR: ------------------------------------------------------------------------
[38]PETSC ERROR: ------------------------------------------------------------------------
[49]PETSC ERROR: ------------------------------------------------------------------------
[33]PETSC ERROR: ------------------------------------------------------------------------
[37]PETSC ERROR: ------------------------------------------------------------------------
[50]PETSC ERROR: ------------------------------------------------------------------------
[55]PETSC ERROR: ------------------------------------------------------------------------
[39]PETSC ERROR: ------------------------------------------------------------------------
[43]PETSC ERROR: ------------------------------------------------------------------------
[46]PETSC ERROR: ------------------------------------------------------------------------
[62]PETSC ERROR: ------------------------------------------------------------------------
[32]PETSC ERROR: ------------------------------------------------------------------------
[34]PETSC ERROR: ------------------------------------------------------------------------
[35]PETSC ERROR: ------------------------------------------------------------------------
[44]PETSC ERROR: ------------------------------------------------------------------------
[51]PETSC ERROR: ------------------------------------------------------------------------
[18]PETSC ERROR: ------------------------------------------------------------------------
[26]PETSC ERROR: ------------------------------------------------------------------------
[40]PETSC ERROR: ------------------------------------------------------------------------
[1]PETSC ERROR: ------------------------------------------------------------------------
[29]PETSC ERROR: ------------------------------------------------------------------------
[31]PETSC ERROR: ------------------------------------------------------------------------
[41]PETSC ERROR: ------------------------------------------------------------------------
[2]PETSC ERROR: ------------------------------------------------------------------------
[259]PETSC ERROR: ------------------------------------------------------------------------
[822]PETSC ERROR: ------------------------------------------------------------------------
[832]PETSC ERROR: ------------------------------------------------------------------------
[272]PETSC ERROR: ------------------------------------------------------------------------
[831]PETSC ERROR: ------------------------------------------------------------------------
[836]PETSC ERROR: ------------------------------------------------------------------------
[287]PETSC ERROR: ------------------------------------------------------------------------
[771]PETSC ERROR: ------------------------------------------------------------------------
[850]PETSC ERROR: ------------------------------------------------------------------------
[297]PETSC ERROR: ------------------------------------------------------------------------
[774]PETSC ERROR: ------------------------------------------------------------------------
[841]PETSC ERROR: ------------------------------------------------------------------------
[317]PETSC ERROR: ------------------------------------------------------------------------
[780]PETSC ERROR: ------------------------------------------------------------------------
[845]PETSC ERROR: ------------------------------------------------------------------------
[263]PETSC ERROR: ------------------------------------------------------------------------
[781]PETSC ERROR: ------------------------------------------------------------------------
[859]PETSC ERROR: ------------------------------------------------------------------------
[264]PETSC ERROR: ------------------------------------------------------------------------
[782]PETSC ERROR: ------------------------------------------------------------------------
[865]PETSC ERROR: ------------------------------------------------------------------------
[266]PETSC ERROR: ------------------------------------------------------------------------
[783]PETSC ERROR: ------------------------------------------------------------------------
[881]PETSC ERROR: ------------------------------------------------------------------------
[268]PETSC ERROR: ------------------------------------------------------------------------
[784]PETSC ERROR: ------------------------------------------------------------------------
[885]PETSC ERROR: ------------------------------------------------------------------------
[270]PETSC ERROR: ------------------------------------------------------------------------
[788]PETSC ERROR: ------------------------------------------------------------------------
[834]PETSC ERROR: ------------------------------------------------------------------------
[276]PETSC ERROR: ------------------------------------------------------------------------
[795]PETSC ERROR: ------------------------------------------------------------------------
[837]PETSC ERROR: ------------------------------------------------------------------------
[289]PETSC ERROR: ------------------------------------------------------------------------
[798]PETSC ERROR: ------------------------------------------------------------------------
[842]PETSC ERROR: ------------------------------------------------------------------------
[260]PETSC ERROR: ------------------------------------------------------------------------
[801]PETSC ERROR: ------------------------------------------------------------------------
[843]PETSC ERROR: ------------------------------------------------------------------------
[269]PETSC ERROR: ------------------------------------------------------------------------
[803]PETSC ERROR: ------------------------------------------------------------------------
[848]PETSC ERROR: ------------------------------------------------------------------------
[273]PETSC ERROR: ------------------------------------------------------------------------
[808]PETSC ERROR: ------------------------------------------------------------------------
[852]PETSC ERROR: ------------------------------------------------------------------------
[299]PETSC ERROR: ------------------------------------------------------------------------
[809]PETSC ERROR: ------------------------------------------------------------------------
[866]PETSC ERROR: ------------------------------------------------------------------------
[301]PETSC ERROR: ------------------------------------------------------------------------
[813]PETSC ERROR: ------------------------------------------------------------------------
[872]PETSC ERROR: ------------------------------------------------------------------------
[303]PETSC ERROR: ------------------------------------------------------------------------
[815]PETSC ERROR: ------------------------------------------------------------------------
[876]PETSC ERROR: ------------------------------------------------------------------------
[305]PETSC ERROR: ------------------------------------------------------------------------
[817]PETSC ERROR: ------------------------------------------------------------------------
[882]PETSC ERROR: ------------------------------------------------------------------------
[256]PETSC ERROR: ------------------------------------------------------------------------
[819]PETSC ERROR: ------------------------------------------------------------------------
[887]PETSC ERROR: ------------------------------------------------------------------------
[307]PETSC ERROR: ------------------------------------------------------------------------
[769]PETSC ERROR: ------------------------------------------------------------------------
[838]PETSC ERROR: ------------------------------------------------------------------------
[313]PETSC ERROR: ------------------------------------------------------------------------
[770]PETSC ERROR: ------------------------------------------------------------------------
[853]PETSC ERROR: ------------------------------------------------------------------------
[319]PETSC ERROR: ------------------------------------------------------------------------
[775]PETSC ERROR: ------------------------------------------------------------------------
[860]PETSC ERROR: ------------------------------------------------------------------------
[265]PETSC ERROR: ------------------------------------------------------------------------
[786]PETSC ERROR: ------------------------------------------------------------------------
[879]PETSC ERROR: ------------------------------------------------------------------------
[283]PETSC ERROR: ------------------------------------------------------------------------
[792]PETSC ERROR: ------------------------------------------------------------------------
[833]PETSC ERROR: ------------------------------------------------------------------------
[284]PETSC ERROR: ------------------------------------------------------------------------
[800]PETSC ERROR: ------------------------------------------------------------------------
[857]PETSC ERROR: ------------------------------------------------------------------------
[295]PETSC ERROR: ------------------------------------------------------------------------
[802]PETSC ERROR: ------------------------------------------------------------------------
[871]PETSC ERROR: ------------------------------------------------------------------------
[298]PETSC ERROR: ------------------------------------------------------------------------
[804]PETSC ERROR: ------------------------------------------------------------------------
[873]PETSC ERROR: ------------------------------------------------------------------------
[300]PETSC ERROR: ------------------------------------------------------------------------
[807]PETSC ERROR: ------------------------------------------------------------------------
[883]PETSC ERROR: ------------------------------------------------------------------------
[314]PETSC ERROR: ------------------------------------------------------------------------
[811]PETSC ERROR: ------------------------------------------------------------------------
[835]PETSC ERROR: ------------------------------------------------------------------------
[315]PETSC ERROR: ------------------------------------------------------------------------
[814]PETSC ERROR: ------------------------------------------------------------------------
[846]PETSC ERROR: ------------------------------------------------------------------------
[318]PETSC ERROR: ------------------------------------------------------------------------
[818]PETSC ERROR: ------------------------------------------------------------------------
[847]PETSC ERROR: ------------------------------------------------------------------------
[262]PETSC ERROR: ------------------------------------------------------------------------
[825]PETSC ERROR: ------------------------------------------------------------------------
[849]PETSC ERROR: ------------------------------------------------------------------------
[274]PETSC ERROR: ------------------------------------------------------------------------
[827]PETSC ERROR: ------------------------------------------------------------------------
[854]PETSC ERROR: ------------------------------------------------------------------------
[279]PETSC ERROR: ------------------------------------------------------------------------
[828]PETSC ERROR: ------------------------------------------------------------------------
[862]PETSC ERROR: ------------------------------------------------------------------------
[280]PETSC ERROR: ------------------------------------------------------------------------
[778]PETSC ERROR: ------------------------------------------------------------------------
[851]PETSC ERROR: ------------------------------------------------------------------------
[286]PETSC ERROR: ------------------------------------------------------------------------
[785]PETSC ERROR: ------------------------------------------------------------------------
[855]PETSC ERROR: ------------------------------------------------------------------------
[309]PETSC ERROR: ------------------------------------------------------------------------
[789]PETSC ERROR: ------------------------------------------------------------------------
[863]PETSC ERROR: ------------------------------------------------------------------------
[311]PETSC ERROR: ------------------------------------------------------------------------
[810]PETSC ERROR: ------------------------------------------------------------------------
[870]PETSC ERROR: ------------------------------------------------------------------------
[258]PETSC ERROR: ------------------------------------------------------------------------
[816]PETSC ERROR: ------------------------------------------------------------------------
[891]PETSC ERROR: ------------------------------------------------------------------------
[261]PETSC ERROR: ------------------------------------------------------------------------
[821]PETSC ERROR: ------------------------------------------------------------------------
[894]PETSC ERROR: ------------------------------------------------------------------------
[277]PETSC ERROR: ------------------------------------------------------------------------
[829]PETSC ERROR: ------------------------------------------------------------------------
[856]PETSC ERROR: ------------------------------------------------------------------------
[278]PETSC ERROR: ------------------------------------------------------------------------
[777]PETSC ERROR: ------------------------------------------------------------------------
[861]PETSC ERROR: ------------------------------------------------------------------------
[281]PETSC ERROR: ------------------------------------------------------------------------
[779]PETSC ERROR: ------------------------------------------------------------------------
[875]PETSC ERROR: ------------------------------------------------------------------------
[282]PETSC ERROR: ------------------------------------------------------------------------
[787]PETSC ERROR: ------------------------------------------------------------------------
[880]PETSC ERROR: ------------------------------------------------------------------------
[285]PETSC ERROR: ------------------------------------------------------------------------
[790]PETSC ERROR: ------------------------------------------------------------------------
[886]PETSC ERROR: ------------------------------------------------------------------------
[290]PETSC ERROR: ------------------------------------------------------------------------
[791]PETSC ERROR: ------------------------------------------------------------------------
[888]PETSC ERROR: ------------------------------------------------------------------------
[294]PETSC ERROR: ------------------------------------------------------------------------
[793]PETSC ERROR: ------------------------------------------------------------------------
[840]PETSC ERROR: ------------------------------------------------------------------------
[296]PETSC ERROR: ------------------------------------------------------------------------
[794]PETSC ERROR: ------------------------------------------------------------------------
[868]PETSC ERROR: ------------------------------------------------------------------------
[257]PETSC ERROR: ------------------------------------------------------------------------
[797]PETSC ERROR: ------------------------------------------------------------------------
[844]PETSC ERROR: ------------------------------------------------------------------------
[291]PETSC ERROR: ------------------------------------------------------------------------
[805]PETSC ERROR: ------------------------------------------------------------------------
[869]PETSC ERROR: ------------------------------------------------------------------------
[292]PETSC ERROR: ------------------------------------------------------------------------
[806]PETSC ERROR: ------------------------------------------------------------------------
[874]PETSC ERROR: ------------------------------------------------------------------------
[293]PETSC ERROR: ------------------------------------------------------------------------
[820]PETSC ERROR: ------------------------------------------------------------------------
[893]PETSC ERROR: ------------------------------------------------------------------------
[302]PETSC ERROR: ------------------------------------------------------------------------
[824]PETSC ERROR: ------------------------------------------------------------------------
[839]PETSC ERROR: ------------------------------------------------------------------------
[308]PETSC ERROR: ------------------------------------------------------------------------
[310]PETSC ERROR: ------------------------------------------------------------------------
[306]PETSC ERROR: ------------------------------------------------------------------------
[312]PETSC ERROR: ------------------------------------------------------------------------
[728]PETSC ERROR: ------------------------------------------------------------------------
[729]PETSC ERROR: ------------------------------------------------------------------------
[711]PETSC ERROR: ------------------------------------------------------------------------
[723]PETSC ERROR: ------------------------------------------------------------------------
[724]PETSC ERROR: ------------------------------------------------------------------------
[718]PETSC ERROR: ------------------------------------------------------------------------
[719]PETSC ERROR: ------------------------------------------------------------------------
[727]PETSC ERROR: ------------------------------------------------------------------------
[753]PETSC ERROR: ------------------------------------------------------------------------
[746]PETSC ERROR: ------------------------------------------------------------------------
[745]PETSC ERROR: ------------------------------------------------------------------------
[725]PETSC ERROR: ------------------------------------------------------------------------
[704]PETSC ERROR: ------------------------------------------------------------------------
[830]PETSC ERROR: ------------------------------------------------------------------------
[772]PETSC ERROR: ------------------------------------------------------------------------
[776]PETSC ERROR: ------------------------------------------------------------------------
[823]PETSC ERROR: ------------------------------------------------------------------------
[826]PETSC ERROR: ------------------------------------------------------------------------
[773]PETSC ERROR: ------------------------------------------------------------------------
[796]PETSC ERROR: ------------------------------------------------------------------------
[799]PETSC ERROR: ------------------------------------------------------------------------
[812]PETSC ERROR: ------------------------------------------------------------------------
[768]PETSC ERROR: ------------------------------------------------------------------------
[267]PETSC ERROR: ------------------------------------------------------------------------
[288]PETSC ERROR: ------------------------------------------------------------------------
[316]PETSC ERROR: ------------------------------------------------------------------------
[864]PETSC ERROR: ------------------------------------------------------------------------
[271]PETSC ERROR: ------------------------------------------------------------------------
[867]PETSC ERROR: ------------------------------------------------------------------------
[275]PETSC ERROR: ------------------------------------------------------------------------
[877]PETSC ERROR: ------------------------------------------------------------------------
[304]PETSC ERROR: ------------------------------------------------------------------------
[884]PETSC ERROR: ------------------------------------------------------------------------
[889]PETSC ERROR: ------------------------------------------------------------------------
[858]PETSC ERROR: ------------------------------------------------------------------------
[895]PETSC ERROR: ------------------------------------------------------------------------
[890]PETSC ERROR: ------------------------------------------------------------------------
[892]PETSC ERROR: ------------------------------------------------------------------------
[878]PETSC ERROR: ------------------------------------------------------------------------
