Thu May  2 15:00:12 CDT 2024
running build_ext
cythoning panel.pyx to panel.c
building 'panel' extension
INFO: C compiler: gcc -Wno-unused-result -Wsign-compare -DNDEBUG -g -fwrapv -O3 -Wall -fPIC

creating build
creating build/temp.linux-x86_64-3.10
INFO: compile options: '-I/project/cekees/cekees/proteus/fct/lib/python3.10/site-packages/numpy/core/include -I/project/cekees/cekees/proteus/fct/include/python3.10 -c'
INFO: gcc: panel.c
INFO: gcc -pthread -shared -L/ddnA/project/cekees/cekees/hashdist/bld/bzip2/bxub4egwxmki/lib -Wl,-rpath=/ddnA/project/cekees/cekees/hashdist/bld/bzip2/bxub4egwxmki/lib -L/ddnA/project/cekees/cekees/hashdist/bld/gdbm/ile5emyu5ynn/lib -Wl,-rpath=/ddnA/project/cekees/cekees/hashdist/bld/gdbm/ile5emyu5ynn/lib -L/ddnA/project/cekees/cekees/hashdist/bld/launcher/nqs3636t5jqx/lib -Wl,-rpath=/ddnA/project/cekees/cekees/hashdist/bld/launcher/nqs3636t5jqx/lib -L/ddnA/project/cekees/cekees/hashdist/bld/libffi/tgz5pgvfcz6v/lib -Wl,-rpath=/ddnA/project/cekees/cekees/hashdist/bld/libffi/tgz5pgvfcz6v/lib -L/ddnA/project/cekees/cekees/hashdist/bld/ncurses/bo63dncyhwlb/lib -Wl,-rpath=/ddnA/project/cekees/cekees/hashdist/bld/ncurses/bo63dncyhwlb/lib -L/ddnA/project/cekees/cekees/hashdist/bld/openssl/h5jbtgv2fk37/lib -Wl,-rpath=/ddnA/project/cekees/cekees/hashdist/bld/openssl/h5jbtgv2fk37/lib -L/ddnA/project/cekees/cekees/hashdist/bld/patchelf/otm7ck6l2z3a/lib -Wl,-rpath=/ddnA/project/cekees/cekees/hashdist/bld/patchelf/otm7ck6l2z3a/lib -L/ddnA/project/cekees/cekees/hashdist/bld/readline/k3myfxc2g4rc/lib -Wl,-rpath=/ddnA/project/cekees/cekees/hashdist/bld/readline/k3myfxc2g4rc/lib -L/ddnA/project/cekees/cekees/hashdist/bld/sqlite/dovhidn2po6z/lib -Wl,-rpath=/ddnA/project/cekees/cekees/hashdist/bld/sqlite/dovhidn2po6z/lib -L/ddnA/project/cekees/cekees/hashdist/bld/zlib/qg2mb57cgcut/lib -Wl,-rpath=/ddnA/project/cekees/cekees/hashdist/bld/zlib/qg2mb57cgcut/lib -Wl,-rpath,/ddnA/project/cekees/cekees/hashdist/bld/python/7erkfjep7ml2/lib build/temp.linux-x86_64-3.10/panel.o -L/ddnA/project/cekees/cekees/hashdist/bld/python/7erkfjep7ml2/lib -o /ddnA/work/whtsao/panel_in_wind.270586/panel.cpython-310-x86_64-linux-gnu.so
Opening cell.poly.
  Initializing memorypools.
  tetrahedron per block: 8188.
  Size of a point: 152 bytes.
  Size of a tetrahedron: 104 (112) bytes.
  Size of a shellface: 200 (200) bytes.
  Initializing robust predicates.
  sizeof(double) =  8
  machine epsilon =   2.22045e-16 [IEEE 754 64-bit macheps]
Delaunizing vertices...
  Permuting vertices.
  Sorting vertices.
  Incrementally inserting vertices.
Delaunay seconds:  8.1e-05
  Point sorting seconds:  5e-06
Creating surface mesh ...
  12 (12) subfaces (segments).
Surface mesh seconds:  4.7e-05
Recovering boundaries...
  Creating the segment-endpoints map.
  Found 12 segments.
  Recovering segments.
  12 (0) segments are recovered (missing).
  Recovering facets.
  12 (0) subfaces are recovered (missing).
Boundary recovery seconds:  0.000113
  Segment recovery seconds:  2.1e-05
  Facet recovery seconds:  9.2e-05
Removing exterior tetrahedra ...
Spreading region attributes.
  Found 1 domain.
Exterior tets removal seconds:  1.5e-05
Recovering Delaunayness...
Delaunay recovery seconds:  7.3e-05
Refining mesh...
  Min radius-edge ratio = 12.
  Min dihedral   angle  = 3.5.
  Max tet volume  = 3.6e-05.
  Creating the segment_info_list.
  min_dihedral angle = 90 degree, at segment [3,2]
  min face angle = 90 degree, at vertex 1
  Creating the facet vertices map.
  Found 6 facets. Max facet idx(0), size(4)
  Creating the segment-to-facets map.
  Splitting encroached subsegments.
  Added 0 Steiner points.
  Splitting encroached and bad quality subfaces.
  Added 0 (0,0) Steiner points.
  Splitting bad quality tets.
  10 insertions, added 5 points, 55 tetrahedra in queue.
  3 insertions, added 1 points, 63 tetrahedra in queue.
  4 insertions, added 3 points, 95 tetrahedra in queue.
  5 insertions, added 1 points, 108 tetrahedra in queue.
  7 insertions, added 4 points, 166 tetrahedra in queue.
  9 insertions, added 4 points, 220 tetrahedra in queue.
  12 insertions, added 5 points, 296 tetrahedra in queue.
  16 insertions, added 8 points, 411 tetrahedra in queue.
  21 insertions, added 9 points, 520 tetrahedra in queue.
  28 insertions, added 14 points, 686 tetrahedra in queue.
  38 insertions, added 22 points, 1040 tetrahedra in queue.
  50 insertions, added 26 points, 1494 tetrahedra in queue.
  67 insertions, added 37 points, 2090 tetrahedra in queue.
  89 insertions, added 52 points, 2944 tetrahedra in queue.
  119 insertions, added 83 points, 4509 tetrahedra in queue.
  159 insertions, added 113 points, 6575 tetrahedra in queue.
  212 insertions, added 149 points, 9458 tetrahedra in queue.
  282 insertions, added 210 points, 13527 tetrahedra in queue.
  376 insertions, added 310 points, 19609 tetrahedra in queue.
  501 insertions, added 405 points, 27750 tetrahedra in queue.
  668 insertions, added 566 points, 39200 tetrahedra in queue.
  891 insertions, added 754 points, 54300 tetrahedra in queue.
  1187 insertions, added 1030 points, 75350 tetrahedra in queue.
  1583 insertions, added 1435 points, 105217 tetrahedra in queue.
  2110 insertions, added 1897 points, 144358 tetrahedra in queue.
  2812 insertions, added 2553 points, 197078 tetrahedra in queue.
  3749 insertions, added 3456 points, 269320 tetrahedra in queue.
  4997 insertions, added 4621 points, 366349 tetrahedra in queue.
  6661 insertions, added 6205 points, 496835 tetrahedra in queue.
  8879 insertions, added 8258 points, 670803 tetrahedra in queue.
  11836 insertions, added 10995 points, 902863 tetrahedra in queue.
  15777 insertions, added 14442 points, 1203350 tetrahedra in queue.
  21031 insertions, added 19092 points, 1588476 tetrahedra in queue.
  28034 insertions, added 24928 points, 2050021 tetrahedra in queue.
  37370 insertions, added 32357 points, 2310573 tetrahedra in queue.
  Added 153182 (634,16860,135688) Steiner points.
  Added 1 (0,1,0) Steiner points.
Refinement seconds:  2.6773
Smoothing vertices...
  Smooth criterion   = 3
  Smooth iterations  = 7
  Smooth relax-alpha = 0.3
Mesh smoothing seconds:  11.2698
Improving mesh...
  Target maximum aspect ratio = 1000.
  Target maximum dihedral angle = 177.
  Maximum flip level   = 3.
  Number of iterations = 3.
  Removed 46 edges/faces.
Mesh improvement seconds:  0.180548

Writing cell.1.node.
Writing cell.1.ele.
Writing cell.1.face.
Writing cell.1.edge.
Writing cell.1.neigh.

Output seconds:  2.49601
Total running seconds:  16.6241

Statistics:

  Input points: 8
  Input facets: 6
  Input segments: 12
  Input holes: 0
  Input regions: 1

  Mesh points: 153205
  Mesh tetrahedra: 895571
  Mesh faces: 1808648
  Mesh edges: 1066281
  Mesh faces on exterior boundary: 35012
  Mesh edges on exterior boundary: 52518
  Mesh faces on input facets: 35012
  Mesh edges on input segments: 646
  Steiner points on input facets:  16866
  Steiner points on input segments:  634
  Steiner points inside domain: 135697

Mesh quality statistics:

  Smallest volume:       4.3805e-07   |  Largest volume:       5.0386e-05
  Shortest edge:           0.022772   |  Longest edge:           0.095712
  Smallest asp.ratio:        1.2384   |  Largest asp.ratio:        67.999
  Smallest facangle:         20.136   |  Largest facangle:       128.6510
  Smallest dihedral:         1.5844   |  Largest dihedral:       176.9751

  Aspect ratio histogram:
         < 1.5       :     64054      |      6 - 10         :      3753
     1.5 - 2         :    544549      |     10 - 15         :       777
       2 - 2.5       :    198809      |     15 - 25         :       337
     2.5 - 3         :     46614      |     25 - 50         :       112
       3 - 4         :     25401      |     50 - 100        :         1
       4 - 6         :     11164      |    100 -            :         0
  (A tetrahedron's aspect ratio is its longest edge length divided by its
    smallest side height)

  Face angle histogram:
      0 -  10 degrees:         0      |     90 - 100 degrees:     90493
     10 -  20 degrees:         0      |    100 - 110 degrees:     15719
     20 -  30 degrees:      5614      |    110 - 120 degrees:      1238
     30 -  40 degrees:    206504      |    120 - 130 degrees:        27
     40 -  50 degrees:   1067826      |    130 - 140 degrees:         0
     50 -  60 degrees:   1649357      |    140 - 150 degrees:         0
     60 -  70 degrees:   1328199      |    150 - 160 degrees:         0
     70 -  80 degrees:    748417      |    160 - 170 degrees:         0
     80 -  90 degrees:    312550      |    170 - 180 degrees:         0

  Dihedral angle histogram:
       0 -  5 degrees:       843      |     80 - 110 degrees:   1202552
       5 - 10 degrees:      4128      |    110 - 120 degrees:    125575
      10 - 20 degrees:     28266      |    120 - 130 degrees:     69972
      20 - 30 degrees:     78538      |    130 - 140 degrees:     39860
      30 - 40 degrees:    213201      |    140 - 150 degrees:     22738
      40 - 50 degrees:    570385      |    150 - 160 degrees:     11969
      50 - 60 degrees:   1014815      |    160 - 170 degrees:      4723
      60 - 70 degrees:   1101073      |    170 - 175 degrees:       805
      70 - 80 degrees:    883835      |    175 - 180 degrees:       148
  Minimum input dihedral angle is 90 (degree).


Memory usage statistics:

  Maximum number of tetrahedra:  969788
  Maximum number of tet blocks (blocksize = 8188):  119
  Approximate memory for tetrahedral mesh (bytes):  139,035,816
  Approximate memory for extra pointers (bytes):  2,330,368
  Approximate memory for algorithms (bytes):  147,976
  Approximate memory for working arrays (bytes):  37,567,148
  Approximate total used memory (bytes):  179,081,308

Max nNodes_subdomain 150 nNodes_global 153205
Done allocating MPIAdj
Max memory usage per core 0.340533GB
Done applying partition
Max memory usage per core 0.357609GB
==================out of core old2new is correct!====================
Done with masks
Max memory usage per core 0.358261GB
Done marking elements
Max memory usage per core 0.35856GB
Done allocating element numbering new2old/old2new
Max memory usage per core 0.362713GB
Done reading element boundaries
Max memory usage per core 0.363008GB
Allocating elementBoudnary old2new/new2old
Max memory usage per core 0.378335GB
Done allocating elementBoudnary old2new/new2old
Max memory usage per core 0.371556GB
Done reading edges
Max memory usage per core 0.371884GB
Setting edgeNumering old2new/new2old
Max memory usage per core 0.381014GB
Done allocating edgeNumering old2new/new2old
Max memory usage per core 0.38128GB
Done reading vertices
Max memory usage per core 0.381665GB
Done with material types
Max memory usage per core 0.372322GB
Done with partitioning!
Max memory usage per core 0.372761GB
