Wed Nov 29 11:49:52 CST 2023
Autoloading gcc/11.2.0

Loading proteus/fct/gcc-11.2.0
  Loading requirement: gcc/11.2.0
# Wave

# Printing input data here to check

# Height/Depth: 0.050
# Dimensionless Period T*sqrt(g/d):   3.63
# Current criterion: Euler,  Dimensionless value: 0.000

# Solution by 8-term Fourier series


Height step  1 of  1

Iteration  1: Mean of corrections to free surface:  2.2e-03
Iteration  2: Mean of corrections to free surface:  1.3e-05
Iteration  3: Mean of corrections to free surface:  2.6e-09
Iteration  4: Mean of corrections to free surface:  2.4e-12

# Solution summary:

# Wave

# Solution by 8-term Fourier series

# Height/Depth: 0.050,  17% of the maximum of H/d = 0.294 for this length:
# Length/Depth:   2.10
# Dimensionless Period T*sqrt(g/d):   3.63
# Current criterion: Euler,  Dimensionless value: 0.000

Touch key to continue


Finished
Max nNodes_subdomain 71 nNodes_global 4538
Done allocating MPIAdj
Max memory usage per core 0.264901GB
Done applying partition
Max memory usage per core 0.265748GB
==================out of core old2new is correct!====================
Done with masks
Max memory usage per core 0.266564GB
Done marking elements
Max memory usage per core 0.26694GB
Done allocating element numbering new2old/old2new
Max memory usage per core 0.26694GB
Done reading element boundaries
Max memory usage per core 0.26694GB
Allocating elementBoudnary old2new/new2old
Max memory usage per core 0.267551GB
Done allocating elementBoudnary old2new/new2old
Max memory usage per core 0.267833GB
Done reading edges
Max memory usage per core 0.268378GB
Setting edgeNumering old2new/new2old
Max memory usage per core 0.268628GB
Done allocating edgeNumering old2new/new2old
Max memory usage per core 0.268906GB
Done reading vertices
Max memory usage per core 0.269165GB
Done with material types
Max memory usage per core 0.269418GB
Done with partitioning!
Max memory usage per core 0.269976GB
0
1
2
3
0
1
2
3
0
1
2
3
0
1
2
3
0
1
2
3
0
1
2
3
0
1
2
3
0
1
2
3
0
1
2
3
0
1
2
3
0
1
2
3
0
1
2
3
0
1
2
3
0
1
2
3
0
1
2
3
0
1
2
3
0
1
2
3
0
1
2
3
0
1
2
3
0
1
2
3
0
1
2
3
0
1
2
3
0
1
2
3
0
1
2
3
0
1
2
3
0
1
2
3
0
1
2
3
0
1
2
3
0
1
2
3
0
1
2
3
0
1
2
3
0
1
2
3
0
1
2
3
0
1
2
3
0
1
2
3
0
1
2
3
0
1
2
3
0
1
2
3
0
1
2
3
0
1
2
3
0
1
2
3
0
1
2
3
0
1
2
3
0
1
2
3
0
1
2
3
0
1
2
3
0
1
2
3
0
1
2
3
0
1
2
3
0
1
2
3
0
1
2
3
0
1
2
3
0
1
2
3
0
1
2
3
0
1
2
3
0
1
2
3
0
1
2
3
0
1
2
3
0
1
2
3
0
1
2
3
0
1
2
3
0
1
2
3
0
1
2
3
0
1
2
3
