/project/cekees/cekees/proteus/fct/lib/python3.10/site-packages/setuptools/config/__init__.py:28: SetuptoolsDeprecationWarning: As setuptools moves its configuration towards `pyproject.toml`,
`setuptools.config.parse_configuration` became deprecated.

For the time being, you can use the `setuptools.config.setupcfg` module
to access a backward compatible API, but this module is provisional
and might be removed in the future.

  warnings.warn(dedent(msg), SetuptoolsDeprecationWarning)

Error compiling Cython file:
------------------------------------------------------------
...
        distance = np.dot(R, panel_normal) / np.linalg.norm(panel_normal)
        projection_on_plane = R - np.dot(R, panel_normal) * panel_normal
        distance_along_length = np.linalg.norm(projection_on_plane - 0.5 * panel_length * panel_normal)
        distance_along_width = np.linalg.norm(projection_on_plane - 0.5 * panel_width * np.cross(panel_normal, [0, 0, 1]))
        phi[i] -= 0.5 * panel_thickness
        phi[i] = max(distance_along_length - 0.5 * panel_length, distance_along_width - 0.5 * panel_w+idth, distance[i])
                                                                                             ^
------------------------------------------------------------

panel.pyx:32:94: undeclared name not builtin: panel_w

Error compiling Cython file:
------------------------------------------------------------
...
        distance = np.dot(R, panel_normal) / np.linalg.norm(panel_normal)
        projection_on_plane = R - np.dot(R, panel_normal) * panel_normal
        distance_along_length = np.linalg.norm(projection_on_plane - 0.5 * panel_length * panel_normal)
        distance_along_width = np.linalg.norm(projection_on_plane - 0.5 * panel_width * np.cross(panel_normal, [0, 0, 1]))
        phi[i] -= 0.5 * panel_thickness
        phi[i] = max(distance_along_length - 0.5 * panel_length, distance_along_width - 0.5 * panel_w+idth, distance[i])
                                                                                                     ^
------------------------------------------------------------

panel.pyx:32:102: undeclared name not builtin: idth
panel.c:1:2: error: #error Do not use this file, it is the result of a failed Cython compilation.
    1 | #error Do not use this file, it is the result of a failed Cython compilation.
      |  ^~~~~
error: Command "gcc -Wno-unused-result -Wsign-compare -DNDEBUG -g -fwrapv -O3 -Wall -fPIC -I/project/cekees/cekees/proteus/fct/lib/python3.10/site-packages/numpy/core/include -I/project/cekees/cekees/proteus/fct/include/python3.10 -c panel.c -o build/temp.linux-x86_64-3.10/panel.o" failed with exit status 1
Traceback (most recent call last):
  File "/project/cekees/cekees/proteus/fct/bin/parun", line 441, in <module>
    pList.append(proteus.defaults.load_physics(args[0][:-3]))
  File "/ddnA/project/cekees/cekees/proteus/fct/lib/python3.10/site-packages/proteus/defaults.py", line 105, in load_physics
Traceback (most recent call last):
  File "/project/cekees/cekees/proteus/fct/bin/parun", line 441, in <module>
Traceback (most recent call last):
  File "/project/cekees/cekees/proteus/fct/bin/parun", line 441, in <module>
    pList.append(proteus.defaults.load_physics(args[0][:-3]))
  File "/ddnA/project/cekees/cekees/proteus/fct/lib/python3.10/site-packages/proteus/defaults.py", line 105, in load_physics
    pList.append(proteus.defaults.load_physics(args[0][:-3]))
  File "/ddnA/project/cekees/cekees/proteus/fct/lib/python3.10/site-packages/proteus/defaults.py", line 105, in load_physics
Traceback (most recent call last):
  File "/project/cekees/cekees/proteus/fct/bin/parun", line 441, in <module>
Traceback (most recent call last):
  File "/project/cekees/cekees/proteus/fct/bin/parun", line 441, in <module>
Traceback (most recent call last):
  File "/project/cekees/cekees/proteus/fct/bin/parun", line 441, in <module>
    pList.append(proteus.defaults.load_physics(args[0][:-3]))
  File "/ddnA/project/cekees/cekees/proteus/fct/lib/python3.10/site-packages/proteus/defaults.py", line 105, in load_physics
    pList.append(proteus.defaults.load_physics(args[0][:-3]))
  File "/ddnA/project/cekees/cekees/proteus/fct/lib/python3.10/site-packages/proteus/defaults.py", line 105, in load_physics
    pList.append(proteus.defaults.load_physics(args[0][:-3]))
  File "/ddnA/project/cekees/cekees/proteus/fct/lib/python3.10/site-packages/proteus/defaults.py", line 105, in load_physics
Traceback (most recent call last):
  File "/project/cekees/cekees/proteus/fct/bin/parun", line 441, in <module>
Traceback (most recent call last):
  File "/project/cekees/cekees/proteus/fct/bin/parun", line 441, in <module>
Traceback (most recent call last):
  File "/project/cekees/cekees/proteus/fct/bin/parun", line 441, in <module>
    pList.append(proteus.defaults.load_physics(args[0][:-3]))
  File "/ddnA/project/cekees/cekees/proteus/fct/lib/python3.10/site-packages/proteus/defaults.py", line 105, in load_physics
Traceback (most recent call last):
  File "/project/cekees/cekees/proteus/fct/bin/parun", line 441, in <module>
    pList.append(proteus.defaults.load_physics(args[0][:-3]))
  File "/ddnA/project/cekees/cekees/proteus/fct/lib/python3.10/site-packages/proteus/defaults.py", line 105, in load_physics
    pList.append(proteus.defaults.load_physics(args[0][:-3]))
  File "/ddnA/project/cekees/cekees/proteus/fct/lib/python3.10/site-packages/proteus/defaults.py", line 105, in load_physics
    pList.append(proteus.defaults.load_physics(args[0][:-3]))
  File "/ddnA/project/cekees/cekees/proteus/fct/lib/python3.10/site-packages/proteus/defaults.py", line 105, in load_physics
Traceback (most recent call last):
  File "/project/cekees/cekees/proteus/fct/bin/parun", line 441, in <module>
Traceback (most recent call last):
  File "/project/cekees/cekees/proteus/fct/bin/parun", line 441, in <module>
Traceback (most recent call last):
  File "/project/cekees/cekees/proteus/fct/bin/parun", line 441, in <module>
    pList.append(proteus.defaults.load_physics(args[0][:-3]))
  File "/ddnA/project/cekees/cekees/proteus/fct/lib/python3.10/site-packages/proteus/defaults.py", line 105, in load_physics
Traceback (most recent call last):
  File "/project/cekees/cekees/proteus/fct/bin/parun", line 441, in <module>
    pList.append(proteus.defaults.load_physics(args[0][:-3]))
  File "/ddnA/project/cekees/cekees/proteus/fct/lib/python3.10/site-packages/proteus/defaults.py", line 105, in load_physics
    pList.append(proteus.defaults.load_physics(args[0][:-3]))
  File "/ddnA/project/cekees/cekees/proteus/fct/lib/python3.10/site-packages/proteus/defaults.py", line 105, in load_physics
    pList.append(proteus.defaults.load_physics(args[0][:-3]))
  File "/ddnA/project/cekees/cekees/proteus/fct/lib/python3.10/site-packages/proteus/defaults.py", line 105, in load_physics
Traceback (most recent call last):
  File "/project/cekees/cekees/proteus/fct/bin/parun", line 441, in <module>
    pList.append(proteus.defaults.load_physics(args[0][:-3]))
  File "/ddnA/project/cekees/cekees/proteus/fct/lib/python3.10/site-packages/proteus/defaults.py", line 105, in load_physics
Traceback (most recent call last):
  File "/project/cekees/cekees/proteus/fct/bin/parun", line 441, in <module>
Traceback (most recent call last):
  File "/project/cekees/cekees/proteus/fct/bin/parun", line 441, in <module>
Traceback (most recent call last):
  File "/project/cekees/cekees/proteus/fct/bin/parun", line 441, in <module>
    pList.append(proteus.defaults.load_physics(args[0][:-3]))
  File "/ddnA/project/cekees/cekees/proteus/fct/lib/python3.10/site-packages/proteus/defaults.py", line 105, in load_physics
    pList.append(proteus.defaults.load_physics(args[0][:-3]))
  File "/ddnA/project/cekees/cekees/proteus/fct/lib/python3.10/site-packages/proteus/defaults.py", line 105, in load_physics
Traceback (most recent call last):
  File "/project/cekees/cekees/proteus/fct/bin/parun", line 441, in <module>
    pList.append(proteus.defaults.load_physics(args[0][:-3]))
  File "/ddnA/project/cekees/cekees/proteus/fct/lib/python3.10/site-packages/proteus/defaults.py", line 105, in load_physics
Traceback (most recent call last):
  File "/project/cekees/cekees/proteus/fct/bin/parun", line 441, in <module>
    pList.append(proteus.defaults.load_physics(args[0][:-3]))
  File "/ddnA/project/cekees/cekees/proteus/fct/lib/python3.10/site-packages/proteus/defaults.py", line 105, in load_physics
Traceback (most recent call last):
  File "/project/cekees/cekees/proteus/fct/bin/parun", line 441, in <module>
Traceback (most recent call last):
  File "/project/cekees/cekees/proteus/fct/bin/parun", line 441, in <module>
    pList.append(proteus.defaults.load_physics(args[0][:-3]))
  File "/ddnA/project/cekees/cekees/proteus/fct/lib/python3.10/site-packages/proteus/defaults.py", line 105, in load_physics
    pList.append(proteus.defaults.load_physics(args[0][:-3]))
  File "/ddnA/project/cekees/cekees/proteus/fct/lib/python3.10/site-packages/proteus/defaults.py", line 105, in load_physics
Traceback (most recent call last):
  File "/project/cekees/cekees/proteus/fct/bin/parun", line 441, in <module>
    pList.append(proteus.defaults.load_physics(args[0][:-3]))
  File "/ddnA/project/cekees/cekees/proteus/fct/lib/python3.10/site-packages/proteus/defaults.py", line 105, in load_physics
    pList.append(proteus.defaults.load_physics(args[0][:-3]))
  File "/ddnA/project/cekees/cekees/proteus/fct/lib/python3.10/site-packages/proteus/defaults.py", line 105, in load_physics
Traceback (most recent call last):
  File "/project/cekees/cekees/proteus/fct/bin/parun", line 441, in <module>
    pList.append(proteus.defaults.load_physics(args[0][:-3]))
  File "/ddnA/project/cekees/cekees/proteus/fct/lib/python3.10/site-packages/proteus/defaults.py", line 105, in load_physics
Traceback (most recent call last):
  File "/project/cekees/cekees/proteus/fct/bin/parun", line 441, in <module>
Traceback (most recent call last):
  File "/project/cekees/cekees/proteus/fct/bin/parun", line 441, in <module>
Traceback (most recent call last):
  File "/project/cekees/cekees/proteus/fct/bin/parun", line 441, in <module>
Traceback (most recent call last):
  File "/project/cekees/cekees/proteus/fct/bin/parun", line 441, in <module>
Traceback (most recent call last):
  File "/project/cekees/cekees/proteus/fct/bin/parun", line 441, in <module>
Traceback (most recent call last):
  File "/project/cekees/cekees/proteus/fct/bin/parun", line 441, in <module>
Traceback (most recent call last):
  File "/project/cekees/cekees/proteus/fct/bin/parun", line 441, in <module>
Traceback (most recent call last):
  File "/project/cekees/cekees/proteus/fct/bin/parun", line 441, in <module>
Traceback (most recent call last):
  File "/project/cekees/cekees/proteus/fct/bin/parun", line 441, in <module>
    pList.append(proteus.defaults.load_physics(args[0][:-3]))
  File "/ddnA/project/cekees/cekees/proteus/fct/lib/python3.10/site-packages/proteus/defaults.py", line 105, in load_physics
Traceback (most recent call last):
  File "/project/cekees/cekees/proteus/fct/bin/parun", line 441, in <module>
Traceback (most recent call last):
  File "/project/cekees/cekees/proteus/fct/bin/parun", line 441, in <module>
Traceback (most recent call last):
  File "/project/cekees/cekees/proteus/fct/bin/parun", line 441, in <module>
Traceback (most recent call last):
  File "/project/cekees/cekees/proteus/fct/bin/parun", line 441, in <module>
Traceback (most recent call last):
  File "/project/cekees/cekees/proteus/fct/bin/parun", line 441, in <module>
    pList.append(proteus.defaults.load_physics(args[0][:-3]))
  File "/ddnA/project/cekees/cekees/proteus/fct/lib/python3.10/site-packages/proteus/defaults.py", line 105, in load_physics
    pList.append(proteus.defaults.load_physics(args[0][:-3]))
  File "/ddnA/project/cekees/cekees/proteus/fct/lib/python3.10/site-packages/proteus/defaults.py", line 105, in load_physics
Traceback (most recent call last):
  File "/project/cekees/cekees/proteus/fct/bin/parun", line 441, in <module>
Traceback (most recent call last):
  File "/project/cekees/cekees/proteus/fct/bin/parun", line 441, in <module>
Traceback (most recent call last):
  File "/project/cekees/cekees/proteus/fct/bin/parun", line 441, in <module>
Traceback (most recent call last):
  File "/project/cekees/cekees/proteus/fct/bin/parun", line 441, in <module>
Traceback (most recent call last):
  File "/project/cekees/cekees/proteus/fct/bin/parun", line 441, in <module>
Traceback (most recent call last):
  File "/project/cekees/cekees/proteus/fct/bin/parun", line 441, in <module>
    pList.append(proteus.defaults.load_physics(args[0][:-3]))
  File "/ddnA/project/cekees/cekees/proteus/fct/lib/python3.10/site-packages/proteus/defaults.py", line 105, in load_physics
    pList.append(proteus.defaults.load_physics(args[0][:-3]))
  File "/ddnA/project/cekees/cekees/proteus/fct/lib/python3.10/site-packages/proteus/defaults.py", line 105, in load_physics
    pList.append(proteus.defaults.load_physics(args[0][:-3]))
  File "/ddnA/project/cekees/cekees/proteus/fct/lib/python3.10/site-packages/proteus/defaults.py", line 105, in load_physics
Traceback (most recent call last):
  File "/project/cekees/cekees/proteus/fct/bin/parun", line 441, in <module>
    pList.append(proteus.defaults.load_physics(args[0][:-3]))
  File "/ddnA/project/cekees/cekees/proteus/fct/lib/python3.10/site-packages/proteus/defaults.py", line 105, in load_physics
    pList.append(proteus.defaults.load_physics(args[0][:-3]))
  File "/ddnA/project/cekees/cekees/proteus/fct/lib/python3.10/site-packages/proteus/defaults.py", line 105, in load_physics
    pList.append(proteus.defaults.load_physics(args[0][:-3]))
  File "/ddnA/project/cekees/cekees/proteus/fct/lib/python3.10/site-packages/proteus/defaults.py", line 105, in load_physics
    pList.append(proteus.defaults.load_physics(args[0][:-3]))
  File "/ddnA/project/cekees/cekees/proteus/fct/lib/python3.10/site-packages/proteus/defaults.py", line 105, in load_physics
    pList.append(proteus.defaults.load_physics(args[0][:-3]))
  File "/ddnA/project/cekees/cekees/proteus/fct/lib/python3.10/site-packages/proteus/defaults.py", line 105, in load_physics
    pList.append(proteus.defaults.load_physics(args[0][:-3]))
  File "/ddnA/project/cekees/cekees/proteus/fct/lib/python3.10/site-packages/proteus/defaults.py", line 105, in load_physics
    pList.append(proteus.defaults.load_physics(args[0][:-3]))
  File "/ddnA/project/cekees/cekees/proteus/fct/lib/python3.10/site-packages/proteus/defaults.py", line 105, in load_physics
    pList.append(proteus.defaults.load_physics(args[0][:-3]))
  File "/ddnA/project/cekees/cekees/proteus/fct/lib/python3.10/site-packages/proteus/defaults.py", line 105, in load_physics
    pList.append(proteus.defaults.load_physics(args[0][:-3]))
  File "/ddnA/project/cekees/cekees/proteus/fct/lib/python3.10/site-packages/proteus/defaults.py", line 105, in load_physics
    pList.append(proteus.defaults.load_physics(args[0][:-3]))
  File "/ddnA/project/cekees/cekees/proteus/fct/lib/python3.10/site-packages/proteus/defaults.py", line 105, in load_physics
    pList.append(proteus.defaults.load_physics(args[0][:-3]))
  File "/ddnA/project/cekees/cekees/proteus/fct/lib/python3.10/site-packages/proteus/defaults.py", line 105, in load_physics
    pList.append(proteus.defaults.load_physics(args[0][:-3]))
  File "/ddnA/project/cekees/cekees/proteus/fct/lib/python3.10/site-packages/proteus/defaults.py", line 105, in load_physics
    pList.append(proteus.defaults.load_physics(args[0][:-3]))
  File "/ddnA/project/cekees/cekees/proteus/fct/lib/python3.10/site-packages/proteus/defaults.py", line 105, in load_physics
    pList.append(proteus.defaults.load_physics(args[0][:-3]))
  File "/ddnA/project/cekees/cekees/proteus/fct/lib/python3.10/site-packages/proteus/defaults.py", line 105, in load_physics
    pList.append(proteus.defaults.load_physics(args[0][:-3]))
  File "/ddnA/project/cekees/cekees/proteus/fct/lib/python3.10/site-packages/proteus/defaults.py", line 105, in load_physics
Traceback (most recent call last):
  File "/project/cekees/cekees/proteus/fct/bin/parun", line 441, in <module>
Traceback (most recent call last):
  File "/project/cekees/cekees/proteus/fct/bin/parun", line 441, in <module>
    pList.append(proteus.defaults.load_physics(args[0][:-3]))
  File "/ddnA/project/cekees/cekees/proteus/fct/lib/python3.10/site-packages/proteus/defaults.py", line 105, in load_physics
    pList.append(proteus.defaults.load_physics(args[0][:-3]))
  File "/ddnA/project/cekees/cekees/proteus/fct/lib/python3.10/site-packages/proteus/defaults.py", line 105, in load_physics
Traceback (most recent call last):
  File "/project/cekees/cekees/proteus/fct/bin/parun", line 441, in <module>
    pList.append(proteus.defaults.load_physics(args[0][:-3]))
  File "/ddnA/project/cekees/cekees/proteus/fct/lib/python3.10/site-packages/proteus/defaults.py", line 105, in load_physics
Traceback (most recent call last):
  File "/project/cekees/cekees/proteus/fct/bin/parun", line 441, in <module>
    pList.append(proteus.defaults.load_physics(args[0][:-3]))
  File "/ddnA/project/cekees/cekees/proteus/fct/lib/python3.10/site-packages/proteus/defaults.py", line 105, in load_physics
    p = imp.load_source(pModule, os.path.join(path, pModule+".py"))
  File "/ddnA/project/cekees/cekees/proteus/fct/lib/python3.10/imp.py", line 172, in load_source
    p = imp.load_source(pModule, os.path.join(path, pModule+".py"))
  File "/ddnA/project/cekees/cekees/proteus/fct/lib/python3.10/imp.py", line 172, in load_source
    p = imp.load_source(pModule, os.path.join(path, pModule+".py"))
  File "/ddnA/project/cekees/cekees/proteus/fct/lib/python3.10/imp.py", line 172, in load_source
    p = imp.load_source(pModule, os.path.join(path, pModule+".py"))
  File "/ddnA/project/cekees/cekees/proteus/fct/lib/python3.10/imp.py", line 172, in load_source
    p = imp.load_source(pModule, os.path.join(path, pModule+".py"))
  File "/ddnA/project/cekees/cekees/proteus/fct/lib/python3.10/imp.py", line 172, in load_source
    p = imp.load_source(pModule, os.path.join(path, pModule+".py"))
  File "/ddnA/project/cekees/cekees/proteus/fct/lib/python3.10/imp.py", line 172, in load_source
    p = imp.load_source(pModule, os.path.join(path, pModule+".py"))
  File "/ddnA/project/cekees/cekees/proteus/fct/lib/python3.10/imp.py", line 172, in load_source
    p = imp.load_source(pModule, os.path.join(path, pModule+".py"))
  File "/ddnA/project/cekees/cekees/proteus/fct/lib/python3.10/imp.py", line 172, in load_source
    p = imp.load_source(pModule, os.path.join(path, pModule+".py"))
  File "/ddnA/project/cekees/cekees/proteus/fct/lib/python3.10/imp.py", line 172, in load_source
    p = imp.load_source(pModule, os.path.join(path, pModule+".py"))
  File "/ddnA/project/cekees/cekees/proteus/fct/lib/python3.10/imp.py", line 172, in load_source
    p = imp.load_source(pModule, os.path.join(path, pModule+".py"))
  File "/ddnA/project/cekees/cekees/proteus/fct/lib/python3.10/imp.py", line 172, in load_source
    p = imp.load_source(pModule, os.path.join(path, pModule+".py"))
  File "/ddnA/project/cekees/cekees/proteus/fct/lib/python3.10/imp.py", line 172, in load_source
    p = imp.load_source(pModule, os.path.join(path, pModule+".py"))
  File "/ddnA/project/cekees/cekees/proteus/fct/lib/python3.10/imp.py", line 172, in load_source
    p = imp.load_source(pModule, os.path.join(path, pModule+".py"))
  File "/ddnA/project/cekees/cekees/proteus/fct/lib/python3.10/imp.py", line 172, in load_source
    p = imp.load_source(pModule, os.path.join(path, pModule+".py"))
  File "/ddnA/project/cekees/cekees/proteus/fct/lib/python3.10/imp.py", line 172, in load_source
    p = imp.load_source(pModule, os.path.join(path, pModule+".py"))
  File "/ddnA/project/cekees/cekees/proteus/fct/lib/python3.10/imp.py", line 172, in load_source
    p = imp.load_source(pModule, os.path.join(path, pModule+".py"))
  File "/ddnA/project/cekees/cekees/proteus/fct/lib/python3.10/imp.py", line 172, in load_source
    p = imp.load_source(pModule, os.path.join(path, pModule+".py"))
  File "/ddnA/project/cekees/cekees/proteus/fct/lib/python3.10/imp.py", line 172, in load_source
    p = imp.load_source(pModule, os.path.join(path, pModule+".py"))
  File "/ddnA/project/cekees/cekees/proteus/fct/lib/python3.10/imp.py", line 172, in load_source
    p = imp.load_source(pModule, os.path.join(path, pModule+".py"))
  File "/ddnA/project/cekees/cekees/proteus/fct/lib/python3.10/imp.py", line 172, in load_source
    p = imp.load_source(pModule, os.path.join(path, pModule+".py"))
  File "/ddnA/project/cekees/cekees/proteus/fct/lib/python3.10/imp.py", line 172, in load_source
    p = imp.load_source(pModule, os.path.join(path, pModule+".py"))
  File "/ddnA/project/cekees/cekees/proteus/fct/lib/python3.10/imp.py", line 172, in load_source
    p = imp.load_source(pModule, os.path.join(path, pModule+".py"))
  File "/ddnA/project/cekees/cekees/proteus/fct/lib/python3.10/imp.py", line 172, in load_source
    p = imp.load_source(pModule, os.path.join(path, pModule+".py"))
  File "/ddnA/project/cekees/cekees/proteus/fct/lib/python3.10/imp.py", line 172, in load_source
    p = imp.load_source(pModule, os.path.join(path, pModule+".py"))
  File "/ddnA/project/cekees/cekees/proteus/fct/lib/python3.10/imp.py", line 172, in load_source
    p = imp.load_source(pModule, os.path.join(path, pModule+".py"))
  File "/ddnA/project/cekees/cekees/proteus/fct/lib/python3.10/imp.py", line 172, in load_source
    p = imp.load_source(pModule, os.path.join(path, pModule+".py"))
  File "/ddnA/project/cekees/cekees/proteus/fct/lib/python3.10/imp.py", line 172, in load_source
    p = imp.load_source(pModule, os.path.join(path, pModule+".py"))
  File "/ddnA/project/cekees/cekees/proteus/fct/lib/python3.10/imp.py", line 172, in load_source
    p = imp.load_source(pModule, os.path.join(path, pModule+".py"))
  File "/ddnA/project/cekees/cekees/proteus/fct/lib/python3.10/imp.py", line 172, in load_source
    p = imp.load_source(pModule, os.path.join(path, pModule+".py"))
  File "/ddnA/project/cekees/cekees/proteus/fct/lib/python3.10/imp.py", line 172, in load_source
    p = imp.load_source(pModule, os.path.join(path, pModule+".py"))
  File "/ddnA/project/cekees/cekees/proteus/fct/lib/python3.10/imp.py", line 172, in load_source
    p = imp.load_source(pModule, os.path.join(path, pModule+".py"))
  File "/ddnA/project/cekees/cekees/proteus/fct/lib/python3.10/imp.py", line 172, in load_source
    p = imp.load_source(pModule, os.path.join(path, pModule+".py"))
  File "/ddnA/project/cekees/cekees/proteus/fct/lib/python3.10/imp.py", line 172, in load_source
    p = imp.load_source(pModule, os.path.join(path, pModule+".py"))
  File "/ddnA/project/cekees/cekees/proteus/fct/lib/python3.10/imp.py", line 172, in load_source
    p = imp.load_source(pModule, os.path.join(path, pModule+".py"))
  File "/ddnA/project/cekees/cekees/proteus/fct/lib/python3.10/imp.py", line 172, in load_source
    p = imp.load_source(pModule, os.path.join(path, pModule+".py"))
  File "/ddnA/project/cekees/cekees/proteus/fct/lib/python3.10/imp.py", line 172, in load_source
    p = imp.load_source(pModule, os.path.join(path, pModule+".py"))
  File "/ddnA/project/cekees/cekees/proteus/fct/lib/python3.10/imp.py", line 172, in load_source
    p = imp.load_source(pModule, os.path.join(path, pModule+".py"))
  File "/ddnA/project/cekees/cekees/proteus/fct/lib/python3.10/imp.py", line 172, in load_source
    p = imp.load_source(pModule, os.path.join(path, pModule+".py"))
  File "/ddnA/project/cekees/cekees/proteus/fct/lib/python3.10/imp.py", line 172, in load_source
    p = imp.load_source(pModule, os.path.join(path, pModule+".py"))
  File "/ddnA/project/cekees/cekees/proteus/fct/lib/python3.10/imp.py", line 172, in load_source
    p = imp.load_source(pModule, os.path.join(path, pModule+".py"))
  File "/ddnA/project/cekees/cekees/proteus/fct/lib/python3.10/imp.py", line 172, in load_source
    p = imp.load_source(pModule, os.path.join(path, pModule+".py"))
  File "/ddnA/project/cekees/cekees/proteus/fct/lib/python3.10/imp.py", line 172, in load_source
    p = imp.load_source(pModule, os.path.join(path, pModule+".py"))
  File "/ddnA/project/cekees/cekees/proteus/fct/lib/python3.10/imp.py", line 172, in load_source
    p = imp.load_source(pModule, os.path.join(path, pModule+".py"))
  File "/ddnA/project/cekees/cekees/proteus/fct/lib/python3.10/imp.py", line 172, in load_source
    p = imp.load_source(pModule, os.path.join(path, pModule+".py"))
  File "/ddnA/project/cekees/cekees/proteus/fct/lib/python3.10/imp.py", line 172, in load_source
    p = imp.load_source(pModule, os.path.join(path, pModule+".py"))
  File "/ddnA/project/cekees/cekees/proteus/fct/lib/python3.10/imp.py", line 172, in load_source
    p = imp.load_source(pModule, os.path.join(path, pModule+".py"))
  File "/ddnA/project/cekees/cekees/proteus/fct/lib/python3.10/imp.py", line 172, in load_source
    p = imp.load_source(pModule, os.path.join(path, pModule+".py"))
  File "/ddnA/project/cekees/cekees/proteus/fct/lib/python3.10/imp.py", line 172, in load_source
    p = imp.load_source(pModule, os.path.join(path, pModule+".py"))
  File "/ddnA/project/cekees/cekees/proteus/fct/lib/python3.10/imp.py", line 172, in load_source
Traceback (most recent call last):
  File "/project/cekees/cekees/proteus/fct/bin/parun", line 441, in <module>
Traceback (most recent call last):
  File "/project/cekees/cekees/proteus/fct/bin/parun", line 441, in <module>
    pList.append(proteus.defaults.load_physics(args[0][:-3]))
  File "/ddnA/project/cekees/cekees/proteus/fct/lib/python3.10/site-packages/proteus/defaults.py", line 105, in load_physics
Traceback (most recent call last):
  File "/project/cekees/cekees/proteus/fct/bin/parun", line 441, in <module>
    pList.append(proteus.defaults.load_physics(args[0][:-3]))
  File "/ddnA/project/cekees/cekees/proteus/fct/lib/python3.10/site-packages/proteus/defaults.py", line 105, in load_physics
    module = _load(spec)
  File "<frozen importlib._bootstrap>", line 719, in _load
    module = _load(spec)
  File "<frozen importlib._bootstrap>", line 719, in _load
    module = _load(spec)
  File "<frozen importlib._bootstrap>", line 719, in _load
    module = _load(spec)
  File "<frozen importlib._bootstrap>", line 719, in _load
    module = _load(spec)
  File "<frozen importlib._bootstrap>", line 719, in _load
    module = _load(spec)
  File "<frozen importlib._bootstrap>", line 719, in _load
    module = _load(spec)
  File "<frozen importlib._bootstrap>", line 719, in _load
    module = _load(spec)
  File "<frozen importlib._bootstrap>", line 719, in _load
    module = _load(spec)
  File "<frozen importlib._bootstrap>", line 719, in _load
    module = _load(spec)
  File "<frozen importlib._bootstrap>", line 719, in _load
    module = _load(spec)
  File "<frozen importlib._bootstrap>", line 719, in _load
    module = _load(spec)
  File "<frozen importlib._bootstrap>", line 719, in _load
    module = _load(spec)
  File "<frozen importlib._bootstrap>", line 719, in _load
    module = _load(spec)
  File "<frozen importlib._bootstrap>", line 719, in _load
    module = _load(spec)
  File "<frozen importlib._bootstrap>", line 719, in _load
    module = _load(spec)
  File "<frozen importlib._bootstrap>", line 719, in _load
    module = _load(spec)
  File "<frozen importlib._bootstrap>", line 719, in _load
    module = _load(spec)
  File "<frozen importlib._bootstrap>", line 719, in _load
    module = _load(spec)
  File "<frozen importlib._bootstrap>", line 719, in _load
    module = _load(spec)
  File "<frozen importlib._bootstrap>", line 719, in _load
    module = _load(spec)
  File "<frozen importlib._bootstrap>", line 719, in _load
    p = imp.load_source(pModule, os.path.join(path, pModule+".py"))
  File "/ddnA/project/cekees/cekees/proteus/fct/lib/python3.10/imp.py", line 172, in load_source
    module = _load(spec)
  File "<frozen importlib._bootstrap>", line 719, in _load
    module = _load(spec)
  File "<frozen importlib._bootstrap>", line 719, in _load
    module = _load(spec)
  File "<frozen importlib._bootstrap>", line 719, in _load
    module = _load(spec)
  File "<frozen importlib._bootstrap>", line 719, in _load
    module = _load(spec)
  File "<frozen importlib._bootstrap>", line 719, in _load
    module = _load(spec)
  File "<frozen importlib._bootstrap>", line 719, in _load
    module = _load(spec)
  File "<frozen importlib._bootstrap>", line 719, in _load
    module = _load(spec)
  File "<frozen importlib._bootstrap>", line 719, in _load
    module = _load(spec)
  File "<frozen importlib._bootstrap>", line 719, in _load
    module = _load(spec)
  File "<frozen importlib._bootstrap>", line 719, in _load
    module = _load(spec)
  File "<frozen importlib._bootstrap>", line 719, in _load
    module = _load(spec)
  File "<frozen importlib._bootstrap>", line 719, in _load
    module = _load(spec)
  File "<frozen importlib._bootstrap>", line 719, in _load
    module = _load(spec)
  File "<frozen importlib._bootstrap>", line 719, in _load
    module = _load(spec)
  File "<frozen importlib._bootstrap>", line 719, in _load
    module = _load(spec)
  File "<frozen importlib._bootstrap>", line 719, in _load
    module = _load(spec)
  File "<frozen importlib._bootstrap>", line 719, in _load
    module = _load(spec)
  File "<frozen importlib._bootstrap>", line 719, in _load
    p = imp.load_source(pModule, os.path.join(path, pModule+".py"))
  File "/ddnA/project/cekees/cekees/proteus/fct/lib/python3.10/imp.py", line 172, in load_source
    module = _load(spec)
  File "<frozen importlib._bootstrap>", line 719, in _load
    pList.append(proteus.defaults.load_physics(args[0][:-3]))
  File "/ddnA/project/cekees/cekees/proteus/fct/lib/python3.10/site-packages/proteus/defaults.py", line 105, in load_physics
    module = _load(spec)
  File "<frozen importlib._bootstrap>", line 719, in _load
    module = _load(spec)
  File "<frozen importlib._bootstrap>", line 719, in _load
    module = _load(spec)
  File "<frozen importlib._bootstrap>", line 719, in _load
    module = _load(spec)
  File "<frozen importlib._bootstrap>", line 719, in _load
    module = _load(spec)
  File "<frozen importlib._bootstrap>", line 719, in _load
    module = _load(spec)
  File "<frozen importlib._bootstrap>", line 719, in _load
    module = _load(spec)
  File "<frozen importlib._bootstrap>", line 719, in _load
    module = _load(spec)
  File "<frozen importlib._bootstrap>", line 719, in _load
    module = _load(spec)
  File "<frozen importlib._bootstrap>", line 719, in _load
    module = _load(spec)
  File "<frozen importlib._bootstrap>", line 719, in _load
    p = imp.load_source(pModule, os.path.join(path, pModule+".py"))
  File "/ddnA/project/cekees/cekees/proteus/fct/lib/python3.10/imp.py", line 172, in load_source
Traceback (most recent call last):
  File "/project/cekees/cekees/proteus/fct/bin/parun", line 441, in <module>
    module = _load(spec)
  File "<frozen importlib._bootstrap>", line 719, in _load
Traceback (most recent call last):
  File "/project/cekees/cekees/proteus/fct/bin/parun", line 441, in <module>
Traceback (most recent call last):
  File "/project/cekees/cekees/proteus/fct/bin/parun", line 441, in <module>
    module = _load(spec)
  File "<frozen importlib._bootstrap>", line 719, in _load
    pList.append(proteus.defaults.load_physics(args[0][:-3]))
  File "/ddnA/project/cekees/cekees/proteus/fct/lib/python3.10/site-packages/proteus/defaults.py", line 105, in load_physics
    pList.append(proteus.defaults.load_physics(args[0][:-3]))
  File "/ddnA/project/cekees/cekees/proteus/fct/lib/python3.10/site-packages/proteus/defaults.py", line 105, in load_physics
Traceback (most recent call last):
  File "/project/cekees/cekees/proteus/fct/bin/parun", line 441, in <module>
Traceback (most recent call last):
  File "/project/cekees/cekees/proteus/fct/bin/parun", line 441, in <module>
Traceback (most recent call last):
  File "/project/cekees/cekees/proteus/fct/bin/parun", line 441, in <module>
    pList.append(proteus.defaults.load_physics(args[0][:-3]))
  File "/ddnA/project/cekees/cekees/proteus/fct/lib/python3.10/site-packages/proteus/defaults.py", line 105, in load_physics
    p = imp.load_source(pModule, os.path.join(path, pModule+".py"))
  File "/ddnA/project/cekees/cekees/proteus/fct/lib/python3.10/imp.py", line 172, in load_source
    p = imp.load_source(pModule, os.path.join(path, pModule+".py"))
  File "/ddnA/project/cekees/cekees/proteus/fct/lib/python3.10/imp.py", line 172, in load_source
Traceback (most recent call last):
  File "/project/cekees/cekees/proteus/fct/bin/parun", line 441, in <module>
Traceback (most recent call last):
  File "/project/cekees/cekees/proteus/fct/bin/parun", line 441, in <module>
Traceback (most recent call last):
  File "/project/cekees/cekees/proteus/fct/bin/parun", line 441, in <module>
    p = imp.load_source(pModule, os.path.join(path, pModule+".py"))
  File "/ddnA/project/cekees/cekees/proteus/fct/lib/python3.10/imp.py", line 172, in load_source
    pList.append(proteus.defaults.load_physics(args[0][:-3]))
  File "/ddnA/project/cekees/cekees/proteus/fct/lib/python3.10/site-packages/proteus/defaults.py", line 105, in load_physics
    module = _load(spec)
  File "<frozen importlib._bootstrap>", line 719, in _load
Traceback (most recent call last):
  File "/project/cekees/cekees/proteus/fct/bin/parun", line 441, in <module>
    pList.append(proteus.defaults.load_physics(args[0][:-3]))
  File "/ddnA/project/cekees/cekees/proteus/fct/lib/python3.10/site-packages/proteus/defaults.py", line 105, in load_physics
    module = _load(spec)
  File "<frozen importlib._bootstrap>", line 719, in _load
    pList.append(proteus.defaults.load_physics(args[0][:-3]))
  File "/ddnA/project/cekees/cekees/proteus/fct/lib/python3.10/site-packages/proteus/defaults.py", line 105, in load_physics
    pList.append(proteus.defaults.load_physics(args[0][:-3]))
  File "/ddnA/project/cekees/cekees/proteus/fct/lib/python3.10/site-packages/proteus/defaults.py", line 105, in load_physics
    pList.append(proteus.defaults.load_physics(args[0][:-3]))
  File "/ddnA/project/cekees/cekees/proteus/fct/lib/python3.10/site-packages/proteus/defaults.py", line 105, in load_physics
    pList.append(proteus.defaults.load_physics(args[0][:-3]))
  File "/ddnA/project/cekees/cekees/proteus/fct/lib/python3.10/site-packages/proteus/defaults.py", line 105, in load_physics
    module = _load(spec)
  File "<frozen importlib._bootstrap>", line 719, in _load
    pList.append(proteus.defaults.load_physics(args[0][:-3]))
  File "/ddnA/project/cekees/cekees/proteus/fct/lib/python3.10/site-packages/proteus/defaults.py", line 105, in load_physics
    p = imp.load_source(pModule, os.path.join(path, pModule+".py"))
  File "/ddnA/project/cekees/cekees/proteus/fct/lib/python3.10/imp.py", line 172, in load_source
    p = imp.load_source(pModule, os.path.join(path, pModule+".py"))
  File "/ddnA/project/cekees/cekees/proteus/fct/lib/python3.10/imp.py", line 172, in load_source
    p = imp.load_source(pModule, os.path.join(path, pModule+".py"))
  File "/ddnA/project/cekees/cekees/proteus/fct/lib/python3.10/imp.py", line 172, in load_source
  File "<frozen importlib._bootstrap>", line 688, in _load_unlocked
    p = imp.load_source(pModule, os.path.join(path, pModule+".py"))
  File "/ddnA/project/cekees/cekees/proteus/fct/lib/python3.10/imp.py", line 172, in load_source
  File "<frozen importlib._bootstrap>", line 688, in _load_unlocked
  File "<frozen importlib._bootstrap>", line 688, in _load_unlocked
  File "<frozen importlib._bootstrap>", line 688, in _load_unlocked
  File "<frozen importlib._bootstrap>", line 688, in _load_unlocked
    p = imp.load_source(pModule, os.path.join(path, pModule+".py"))
  File "/ddnA/project/cekees/cekees/proteus/fct/lib/python3.10/imp.py", line 172, in load_source
  File "<frozen importlib._bootstrap>", line 688, in _load_unlocked
  File "<frozen importlib._bootstrap>", line 688, in _load_unlocked
  File "<frozen importlib._bootstrap>", line 688, in _load_unlocked
  File "<frozen importlib._bootstrap>", line 688, in _load_unlocked
  File "<frozen importlib._bootstrap>", line 688, in _load_unlocked
  File "<frozen importlib._bootstrap>", line 688, in _load_unlocked
  File "<frozen importlib._bootstrap>", line 688, in _load_unlocked
  File "<frozen importlib._bootstrap>", line 688, in _load_unlocked
  File "<frozen importlib._bootstrap>", line 688, in _load_unlocked
  File "<frozen importlib._bootstrap>", line 688, in _load_unlocked
  File "<frozen importlib._bootstrap>", line 688, in _load_unlocked
  File "<frozen importlib._bootstrap>", line 688, in _load_unlocked
  File "<frozen importlib._bootstrap>", line 688, in _load_unlocked
  File "<frozen importlib._bootstrap>", line 688, in _load_unlocked
  File "<frozen importlib._bootstrap>", line 688, in _load_unlocked
  File "<frozen importlib._bootstrap>", line 688, in _load_unlocked
  File "<frozen importlib._bootstrap>", line 688, in _load_unlocked
  File "<frozen importlib._bootstrap>", line 688, in _load_unlocked
  File "<frozen importlib._bootstrap>", line 688, in _load_unlocked
  File "<frozen importlib._bootstrap>", line 688, in _load_unlocked
  File "<frozen importlib._bootstrap>", line 688, in _load_unlocked
  File "<frozen importlib._bootstrap>", line 688, in _load_unlocked
  File "<frozen importlib._bootstrap>", line 688, in _load_unlocked
  File "<frozen importlib._bootstrap>", line 688, in _load_unlocked
  File "<frozen importlib._bootstrap>", line 688, in _load_unlocked
  File "<frozen importlib._bootstrap>", line 688, in _load_unlocked
  File "<frozen importlib._bootstrap>", line 688, in _load_unlocked
  File "<frozen importlib._bootstrap>", line 688, in _load_unlocked
  File "<frozen importlib._bootstrap>", line 688, in _load_unlocked
  File "<frozen importlib._bootstrap>", line 688, in _load_unlocked
  File "<frozen importlib._bootstrap>", line 688, in _load_unlocked
  File "<frozen importlib._bootstrap>", line 688, in _load_unlocked
  File "<frozen importlib._bootstrap>", line 688, in _load_unlocked
  File "<frozen importlib._bootstrap>", line 688, in _load_unlocked
    p = imp.load_source(pModule, os.path.join(path, pModule+".py"))
  File "/ddnA/project/cekees/cekees/proteus/fct/lib/python3.10/imp.py", line 172, in load_source
  File "<frozen importlib._bootstrap>", line 688, in _load_unlocked
  File "<frozen importlib._bootstrap>", line 688, in _load_unlocked
  File "<frozen importlib._bootstrap>", line 688, in _load_unlocked
  File "<frozen importlib._bootstrap>", line 688, in _load_unlocked
  File "<frozen importlib._bootstrap>", line 688, in _load_unlocked
  File "<frozen importlib._bootstrap>", line 688, in _load_unlocked
  File "<frozen importlib._bootstrap>", line 688, in _load_unlocked
  File "<frozen importlib._bootstrap>", line 688, in _load_unlocked
  File "<frozen importlib._bootstrap>", line 688, in _load_unlocked
  File "<frozen importlib._bootstrap>", line 688, in _load_unlocked
  File "<frozen importlib._bootstrap>", line 688, in _load_unlocked
  File "<frozen importlib._bootstrap>", line 688, in _load_unlocked
  File "<frozen importlib._bootstrap>", line 688, in _load_unlocked
  File "<frozen importlib._bootstrap>", line 688, in _load_unlocked
  File "<frozen importlib._bootstrap_external>", line 883, in exec_module
    module = _load(spec)
  File "<frozen importlib._bootstrap>", line 719, in _load
  File "<frozen importlib._bootstrap_external>", line 883, in exec_module
  File "<frozen importlib._bootstrap_external>", line 883, in exec_module
  File "<frozen importlib._bootstrap>", line 688, in _load_unlocked
  File "<frozen importlib._bootstrap_external>", line 883, in exec_module
  File "<frozen importlib._bootstrap_external>", line 883, in exec_module
    p = imp.load_source(pModule, os.path.join(path, pModule+".py"))
  File "/ddnA/project/cekees/cekees/proteus/fct/lib/python3.10/imp.py", line 172, in load_source
  File "<frozen importlib._bootstrap>", line 688, in _load_unlocked
  File "<frozen importlib._bootstrap_external>", line 883, in exec_module
  File "<frozen importlib._bootstrap_external>", line 883, in exec_module
  File "<frozen importlib._bootstrap_external>", line 883, in exec_module
  File "<frozen importlib._bootstrap_external>", line 883, in exec_module
  File "<frozen importlib._bootstrap_external>", line 883, in exec_module
    module = _load(spec)
  File "<frozen importlib._bootstrap>", line 719, in _load
  File "<frozen importlib._bootstrap_external>", line 883, in exec_module
  File "<frozen importlib._bootstrap_external>", line 883, in exec_module
  File "<frozen importlib._bootstrap_external>", line 883, in exec_module
  File "<frozen importlib._bootstrap_external>", line 883, in exec_module
  File "<frozen importlib._bootstrap_external>", line 883, in exec_module
    module = _load(spec)
  File "<frozen importlib._bootstrap>", line 719, in _load
  File "<frozen importlib._bootstrap_external>", line 883, in exec_module
  File "<frozen importlib._bootstrap_external>", line 883, in exec_module
  File "<frozen importlib._bootstrap_external>", line 883, in exec_module
  File "<frozen importlib._bootstrap_external>", line 883, in exec_module
  File "<frozen importlib._bootstrap_external>", line 883, in exec_module
  File "<frozen importlib._bootstrap_external>", line 883, in exec_module
  File "<frozen importlib._bootstrap_external>", line 883, in exec_module
  File "<frozen importlib._bootstrap_external>", line 883, in exec_module
  File "<frozen importlib._bootstrap_external>", line 883, in exec_module
    module = _load(spec)
  File "<frozen importlib._bootstrap>", line 719, in _load
  File "<frozen importlib._bootstrap_external>", line 883, in exec_module
  File "<frozen importlib._bootstrap_external>", line 883, in exec_module
  File "<frozen importlib._bootstrap_external>", line 883, in exec_module
  File "<frozen importlib._bootstrap_external>", line 883, in exec_module
Traceback (most recent call last):
  File "/project/cekees/cekees/proteus/fct/bin/parun", line 441, in <module>
  File "<frozen importlib._bootstrap_external>", line 883, in exec_module
  File "<frozen importlib._bootstrap_external>", line 883, in exec_module
  File "<frozen importlib._bootstrap_external>", line 883, in exec_module
  File "<frozen importlib._bootstrap_external>", line 883, in exec_module
  File "<frozen importlib._bootstrap_external>", line 883, in exec_module
  File "<frozen importlib._bootstrap_external>", line 883, in exec_module
  File "<frozen importlib._bootstrap_external>", line 883, in exec_module
    module = _load(spec)
  File "<frozen importlib._bootstrap>", line 719, in _load
  File "<frozen importlib._bootstrap_external>", line 883, in exec_module
  File "<frozen importlib._bootstrap_external>", line 883, in exec_module
  File "<frozen importlib._bootstrap>", line 688, in _load_unlocked
  File "<frozen importlib._bootstrap_external>", line 883, in exec_module
  File "<frozen importlib._bootstrap_external>", line 883, in exec_module
  File "<frozen importlib._bootstrap_external>", line 883, in exec_module
  File "<frozen importlib._bootstrap_external>", line 883, in exec_module
  File "<frozen importlib._bootstrap_external>", line 883, in exec_module
  File "<frozen importlib._bootstrap_external>", line 883, in exec_module
  File "<frozen importlib._bootstrap_external>", line 883, in exec_module
  File "<frozen importlib._bootstrap_external>", line 883, in exec_module
  File "<frozen importlib._bootstrap_external>", line 883, in exec_module
    module = _load(spec)
  File "<frozen importlib._bootstrap>", line 719, in _load
  File "<frozen importlib._bootstrap_external>", line 883, in exec_module
  File "<frozen importlib._bootstrap_external>", line 883, in exec_module
  File "<frozen importlib._bootstrap_external>", line 883, in exec_module
  File "<frozen importlib._bootstrap_external>", line 883, in exec_module
  File "<frozen importlib._bootstrap_external>", line 883, in exec_module
    module = _load(spec)
  File "<frozen importlib._bootstrap>", line 719, in _load
  File "<frozen importlib._bootstrap_external>", line 883, in exec_module
  File "<frozen importlib._bootstrap_external>", line 883, in exec_module
  File "<frozen importlib._bootstrap_external>", line 883, in exec_module
  File "<frozen importlib._bootstrap_external>", line 883, in exec_module
  File "<frozen importlib._bootstrap>", line 688, in _load_unlocked
  File "<frozen importlib._bootstrap>", line 688, in _load_unlocked
  File "<frozen importlib._bootstrap>", line 688, in _load_unlocked
  File "<frozen importlib._bootstrap>", line 688, in _load_unlocked
  File "<frozen importlib._bootstrap>", line 688, in _load_unlocked
  File "<frozen importlib._bootstrap>", line 688, in _load_unlocked
  File "<frozen importlib._bootstrap_external>", line 883, in exec_module
  File "<frozen importlib._bootstrap_external>", line 883, in exec_module
  File "<frozen importlib._bootstrap_external>", line 883, in exec_module
  File "<frozen importlib._bootstrap_external>", line 883, in exec_module
  File "<frozen importlib._bootstrap_external>", line 883, in exec_module
  File "<frozen importlib._bootstrap_external>", line 883, in exec_module
  File "<frozen importlib._bootstrap_external>", line 883, in exec_module
    pList.append(proteus.defaults.load_physics(args[0][:-3]))
  File "/ddnA/project/cekees/cekees/proteus/fct/lib/python3.10/site-packages/proteus/defaults.py", line 105, in load_physics
    p = imp.load_source(pModule, os.path.join(path, pModule+".py"))
  File "/ddnA/project/cekees/cekees/proteus/fct/lib/python3.10/imp.py", line 172, in load_source
  File "<frozen importlib._bootstrap>", line 241, in _call_with_frames_removed
  File "<frozen importlib._bootstrap>", line 241, in _call_with_frames_removed
  File "<frozen importlib._bootstrap>", line 241, in _call_with_frames_removed
  File "<frozen importlib._bootstrap>", line 241, in _call_with_frames_removed
  File "<frozen importlib._bootstrap>", line 241, in _call_with_frames_removed
  File "<frozen importlib._bootstrap>", line 241, in _call_with_frames_removed
  File "<frozen importlib._bootstrap>", line 241, in _call_with_frames_removed
  File "<frozen importlib._bootstrap>", line 241, in _call_with_frames_removed
  File "<frozen importlib._bootstrap>", line 241, in _call_with_frames_removed
  File "<frozen importlib._bootstrap>", line 241, in _call_with_frames_removed
  File "<frozen importlib._bootstrap>", line 241, in _call_with_frames_removed
  File "<frozen importlib._bootstrap>", line 241, in _call_with_frames_removed
  File "<frozen importlib._bootstrap>", line 241, in _call_with_frames_removed
  File "<frozen importlib._bootstrap>", line 241, in _call_with_frames_removed
  File "<frozen importlib._bootstrap>", line 241, in _call_with_frames_removed
  File "<frozen importlib._bootstrap>", line 241, in _call_with_frames_removed
  File "<frozen importlib._bootstrap>", line 241, in _call_with_frames_removed
  File "<frozen importlib._bootstrap>", line 241, in _call_with_frames_removed
  File "<frozen importlib._bootstrap>", line 241, in _call_with_frames_removed
  File "<frozen importlib._bootstrap>", line 241, in _call_with_frames_removed
  File "<frozen importlib._bootstrap>", line 241, in _call_with_frames_removed
  File "<frozen importlib._bootstrap>", line 241, in _call_with_frames_removed
  File "<frozen importlib._bootstrap>", line 241, in _call_with_frames_removed
  File "<frozen importlib._bootstrap>", line 241, in _call_with_frames_removed
  File "<frozen importlib._bootstrap>", line 241, in _call_with_frames_removed
  File "<frozen importlib._bootstrap>", line 241, in _call_with_frames_removed
  File "<frozen importlib._bootstrap>", line 241, in _call_with_frames_removed
  File "<frozen importlib._bootstrap>", line 241, in _call_with_frames_removed
  File "<frozen importlib._bootstrap>", line 241, in _call_with_frames_removed
  File "<frozen importlib._bootstrap>", line 241, in _call_with_frames_removed
  File "<frozen importlib._bootstrap>", line 241, in _call_with_frames_removed
  File "<frozen importlib._bootstrap>", line 241, in _call_with_frames_removed
  File "<frozen importlib._bootstrap>", line 241, in _call_with_frames_removed
  File "<frozen importlib._bootstrap>", line 241, in _call_with_frames_removed
  File "<frozen importlib._bootstrap>", line 241, in _call_with_frames_removed
  File "<frozen importlib._bootstrap>", line 241, in _call_with_frames_removed
  File "<frozen importlib._bootstrap>", line 241, in _call_with_frames_removed
  File "<frozen importlib._bootstrap>", line 241, in _call_with_frames_removed
  File "<frozen importlib._bootstrap>", line 241, in _call_with_frames_removed
  File "<frozen importlib._bootstrap>", line 241, in _call_with_frames_removed
  File "<frozen importlib._bootstrap>", line 241, in _call_with_frames_removed
  File "<frozen importlib._bootstrap>", line 241, in _call_with_frames_removed
  File "<frozen importlib._bootstrap>", line 241, in _call_with_frames_removed
  File "<frozen importlib._bootstrap>", line 241, in _call_with_frames_removed
  File "<frozen importlib._bootstrap>", line 241, in _call_with_frames_removed
  File "<frozen importlib._bootstrap>", line 241, in _call_with_frames_removed
  File "<frozen importlib._bootstrap>", line 241, in _call_with_frames_removed
  File "<frozen importlib._bootstrap>", line 241, in _call_with_frames_removed
  File "<frozen importlib._bootstrap>", line 241, in _call_with_frames_removed
  File "<frozen importlib._bootstrap>", line 241, in _call_with_frames_removed
  File "<frozen importlib._bootstrap>", line 241, in _call_with_frames_removed
  File "./nse_p.py", line 11, in <module>
  File "<frozen importlib._bootstrap>", line 241, in _call_with_frames_removed
  File "<frozen importlib._bootstrap>", line 241, in _call_with_frames_removed
  File "./nse_p.py", line 11, in <module>
  File "<frozen importlib._bootstrap>", line 241, in _call_with_frames_removed
  File "<frozen importlib._bootstrap>", line 241, in _call_with_frames_removed
  File "<frozen importlib._bootstrap>", line 241, in _call_with_frames_removed
    module = _load(spec)
  File "<frozen importlib._bootstrap>", line 719, in _load
  File "./nse_p.py", line 11, in <module>
  File "./nse_p.py", line 11, in <module>
  File "./nse_p.py", line 11, in <module>
    import cell
  File "/ddnA/work/whtsao/panel_in_wind.197148/./cell.py", line 86, in <module>
    import cell
  File "/ddnA/work/whtsao/panel_in_wind.197148/./cell.py", line 86, in <module>
  File "./nse_p.py", line 11, in <module>
  File "./nse_p.py", line 11, in <module>
  File "./nse_p.py", line 11, in <module>
    import cell
  File "/ddnA/work/whtsao/panel_in_wind.197148/./cell.py", line 86, in <module>
    import cell
  File "/ddnA/work/whtsao/panel_in_wind.197148/./cell.py", line 86, in <module>
  File "./nse_p.py", line 11, in <module>
  File "./nse_p.py", line 11, in <module>
    import cell
  File "/ddnA/work/whtsao/panel_in_wind.197148/./cell.py", line 86, in <module>
  File "./nse_p.py", line 11, in <module>
  File "./nse_p.py", line 11, in <module>
  File "./nse_p.py", line 11, in <module>
  File "./nse_p.py", line 11, in <module>
  File "./nse_p.py", line 11, in <module>
  File "./nse_p.py", line 11, in <module>
  File "./nse_p.py", line 11, in <module>
    import cell
  File "/ddnA/work/whtsao/panel_in_wind.197148/./cell.py", line 86, in <module>
  File "./nse_p.py", line 11, in <module>
    import cell
  File "/ddnA/work/whtsao/panel_in_wind.197148/./cell.py", line 86, in <module>
  File "./nse_p.py", line 11, in <module>
  File "./nse_p.py", line 11, in <module>
  File "./nse_p.py", line 11, in <module>
  File "./nse_p.py", line 11, in <module>
    import cell
  File "/ddnA/work/whtsao/panel_in_wind.197148/./cell.py", line 86, in <module>
  File "./nse_p.py", line 11, in <module>
  File "./nse_p.py", line 11, in <module>
  File "./nse_p.py", line 11, in <module>
  File "./nse_p.py", line 11, in <module>
    import cell
  File "/ddnA/work/whtsao/panel_in_wind.197148/./cell.py", line 86, in <module>
  File "./nse_p.py", line 11, in <module>
  File "./nse_p.py", line 11, in <module>
  File "./nse_p.py", line 11, in <module>
  File "./nse_p.py", line 11, in <module>
  File "./nse_p.py", line 11, in <module>
  File "./nse_p.py", line 11, in <module>
  File "./nse_p.py", line 11, in <module>
  File "./nse_p.py", line 11, in <module>
  File "./nse_p.py", line 11, in <module>
  File "./nse_p.py", line 11, in <module>
  File "./nse_p.py", line 11, in <module>
  File "./nse_p.py", line 11, in <module>
  File "./nse_p.py", line 11, in <module>
  File "./nse_p.py", line 11, in <module>
  File "./nse_p.py", line 11, in <module>
  File "./nse_p.py", line 11, in <module>
  File "./nse_p.py", line 11, in <module>
  File "./nse_p.py", line 11, in <module>
  File "./nse_p.py", line 11, in <module>
  File "./nse_p.py", line 11, in <module>
  File "./nse_p.py", line 11, in <module>
  File "./nse_p.py", line 11, in <module>
  File "./nse_p.py", line 11, in <module>
  File "./nse_p.py", line 11, in <module>
  File "./nse_p.py", line 11, in <module>
  File "./nse_p.py", line 11, in <module>
  File "./nse_p.py", line 11, in <module>
  File "./nse_p.py", line 11, in <module>
    import cell
  File "/ddnA/work/whtsao/panel_in_wind.197148/./cell.py", line 86, in <module>
  File "./nse_p.py", line 11, in <module>
  File "./nse_p.py", line 11, in <module>
  File "<frozen importlib._bootstrap>", line 688, in _load_unlocked
  File "<frozen importlib._bootstrap_external>", line 883, in exec_module
    import cell
  File "/ddnA/work/whtsao/panel_in_wind.197148/./cell.py", line 86, in <module>
    import cell
  File "/ddnA/work/whtsao/panel_in_wind.197148/./cell.py", line 86, in <module>
    import cell
  File "/ddnA/work/whtsao/panel_in_wind.197148/./cell.py", line 86, in <module>
    import cell
  File "/ddnA/work/whtsao/panel_in_wind.197148/./cell.py", line 86, in <module>
    import cell
  File "/ddnA/work/whtsao/panel_in_wind.197148/./cell.py", line 86, in <module>
    import cell
  File "/ddnA/work/whtsao/panel_in_wind.197148/./cell.py", line 86, in <module>
    import cell
  File "/ddnA/work/whtsao/panel_in_wind.197148/./cell.py", line 86, in <module>
    import cell
  File "/ddnA/work/whtsao/panel_in_wind.197148/./cell.py", line 86, in <module>
    import cell
  File "/ddnA/work/whtsao/panel_in_wind.197148/./cell.py", line 86, in <module>
    import cell
  File "/ddnA/work/whtsao/panel_in_wind.197148/./cell.py", line 86, in <module>
    import cell
  File "/ddnA/work/whtsao/panel_in_wind.197148/./cell.py", line 86, in <module>
    import cell
  File "/ddnA/work/whtsao/panel_in_wind.197148/./cell.py", line 86, in <module>
    import cell
  File "/ddnA/work/whtsao/panel_in_wind.197148/./cell.py", line 86, in <module>
    import cell
  File "/ddnA/work/whtsao/panel_in_wind.197148/./cell.py", line 86, in <module>
    import cell
  File "/ddnA/work/whtsao/panel_in_wind.197148/./cell.py", line 86, in <module>
    from panel import sdf_vectorized
ModuleNotFoundError: No module named 'panel'
    import cell
  File "/ddnA/work/whtsao/panel_in_wind.197148/./cell.py", line 86, in <module>
    import cell
  File "/ddnA/work/whtsao/panel_in_wind.197148/./cell.py", line 86, in <module>
    from panel import sdf_vectorized
ModuleNotFoundError: No module named 'panel'
    import cell
  File "/ddnA/work/whtsao/panel_in_wind.197148/./cell.py", line 86, in <module>
    import cell
  File "/ddnA/work/whtsao/panel_in_wind.197148/./cell.py", line 86, in <module>
    import cell
  File "/ddnA/work/whtsao/panel_in_wind.197148/./cell.py", line 86, in <module>
    import cell
  File "/ddnA/work/whtsao/panel_in_wind.197148/./cell.py", line 86, in <module>
    import cell
  File "/ddnA/work/whtsao/panel_in_wind.197148/./cell.py", line 86, in <module>
    import cell
  File "/ddnA/work/whtsao/panel_in_wind.197148/./cell.py", line 86, in <module>
    import cell
  File "/ddnA/work/whtsao/panel_in_wind.197148/./cell.py", line 86, in <module>
    import cell
  File "/ddnA/work/whtsao/panel_in_wind.197148/./cell.py", line 86, in <module>
    import cell
  File "/ddnA/work/whtsao/panel_in_wind.197148/./cell.py", line 86, in <module>
    import cell
  File "/ddnA/work/whtsao/panel_in_wind.197148/./cell.py", line 86, in <module>
    import cell
  File "/ddnA/work/whtsao/panel_in_wind.197148/./cell.py", line 86, in <module>
    import cell
  File "/ddnA/work/whtsao/panel_in_wind.197148/./cell.py", line 86, in <module>
    import cell
  File "/ddnA/work/whtsao/panel_in_wind.197148/./cell.py", line 86, in <module>
    import cell
  File "/ddnA/work/whtsao/panel_in_wind.197148/./cell.py", line 86, in <module>
    import cell
  File "/ddnA/work/whtsao/panel_in_wind.197148/./cell.py", line 86, in <module>
    import cell
  File "/ddnA/work/whtsao/panel_in_wind.197148/./cell.py", line 86, in <module>
    import cell
  File "/ddnA/work/whtsao/panel_in_wind.197148/./cell.py", line 86, in <module>
    import cell
  File "/ddnA/work/whtsao/panel_in_wind.197148/./cell.py", line 86, in <module>
    import cell
  File "/ddnA/work/whtsao/panel_in_wind.197148/./cell.py", line 86, in <module>
    import cell
  File "/ddnA/work/whtsao/panel_in_wind.197148/./cell.py", line 86, in <module>
    import cell
  File "/ddnA/work/whtsao/panel_in_wind.197148/./cell.py", line 86, in <module>
    import cell
  File "/ddnA/work/whtsao/panel_in_wind.197148/./cell.py", line 86, in <module>
    import cell
  File "/ddnA/work/whtsao/panel_in_wind.197148/./cell.py", line 86, in <module>
    import cell
  File "/ddnA/work/whtsao/panel_in_wind.197148/./cell.py", line 86, in <module>
    import cell
  File "/ddnA/work/whtsao/panel_in_wind.197148/./cell.py", line 86, in <module>
    import cell
  File "/ddnA/work/whtsao/panel_in_wind.197148/./cell.py", line 86, in <module>
    import cell
  File "/ddnA/work/whtsao/panel_in_wind.197148/./cell.py", line 86, in <module>
    import cell
  File "/ddnA/work/whtsao/panel_in_wind.197148/./cell.py", line 86, in <module>
  File "<frozen importlib._bootstrap>", line 241, in _call_with_frames_removed
    from panel import sdf_vectorized
ModuleNotFoundError: No module named 'panel'
  File "<frozen importlib._bootstrap>", line 241, in _call_with_frames_removed
  File "<frozen importlib._bootstrap>", line 241, in _call_with_frames_removed
  File "<frozen importlib._bootstrap>", line 241, in _call_with_frames_removed
  File "<frozen importlib._bootstrap>", line 241, in _call_with_frames_removed
  File "<frozen importlib._bootstrap>", line 241, in _call_with_frames_removed
  File "<frozen importlib._bootstrap>", line 241, in _call_with_frames_removed
    import cell
  File "/ddnA/work/whtsao/panel_in_wind.197148/./cell.py", line 86, in <module>
  File "./nse_p.py", line 11, in <module>
  File "./nse_p.py", line 11, in <module>
  File "./nse_p.py", line 11, in <module>
  File "./nse_p.py", line 11, in <module>
  File "./nse_p.py", line 11, in <module>
  File "./nse_p.py", line 11, in <module>
  File "./nse_p.py", line 11, in <module>
    from panel import sdf_vectorized
ModuleNotFoundError: No module named 'panel'
    from panel import sdf_vectorized
ModuleNotFoundError: No module named 'panel'
    from panel import sdf_vectorized
ModuleNotFoundError: No module named 'panel'
    from panel import sdf_vectorized
ModuleNotFoundError: No module named 'panel'
    from panel import sdf_vectorized
ModuleNotFoundError: No module named 'panel'
    from panel import sdf_vectorized
ModuleNotFoundError: No module named 'panel'
    from panel import sdf_vectorized
ModuleNotFoundError: No module named 'panel'
    from panel import sdf_vectorized
ModuleNotFoundError: No module named 'panel'
    from panel import sdf_vectorized
ModuleNotFoundError: No module named 'panel'
    from panel import sdf_vectorized
ModuleNotFoundError: No module named 'panel'
    from panel import sdf_vectorized
ModuleNotFoundError: No module named 'panel'
    from panel import sdf_vectorized
ModuleNotFoundError: No module named 'panel'
    from panel import sdf_vectorized
ModuleNotFoundError: No module named 'panel'
    from panel import sdf_vectorized
ModuleNotFoundError: No module named 'panel'
    from panel import sdf_vectorized
ModuleNotFoundError: No module named 'panel'
    from panel import sdf_vectorized
ModuleNotFoundError: No module named 'panel'
    from panel import sdf_vectorized
ModuleNotFoundError: No module named 'panel'
    from panel import sdf_vectorized
ModuleNotFoundError: No module named 'panel'
    import cell
  File "/ddnA/work/whtsao/panel_in_wind.197148/./cell.py", line 86, in <module>
    from panel import sdf_vectorized
ModuleNotFoundError: No module named 'panel'
    from panel import sdf_vectorized
ModuleNotFoundError: No module named 'panel'
    from panel import sdf_vectorized
ModuleNotFoundError: No module named 'panel'
    from panel import sdf_vectorized
ModuleNotFoundError: No module named 'panel'
    from panel import sdf_vectorized
ModuleNotFoundError: No module named 'panel'
    from panel import sdf_vectorized
ModuleNotFoundError: No module named 'panel'
    from panel import sdf_vectorized
ModuleNotFoundError: No module named 'panel'
    from panel import sdf_vectorized
ModuleNotFoundError: No module named 'panel'
    from panel import sdf_vectorized
ModuleNotFoundError: No module named 'panel'
    from panel import sdf_vectorized
ModuleNotFoundError: No module named 'panel'
    from panel import sdf_vectorized
ModuleNotFoundError: No module named 'panel'
    from panel import sdf_vectorized
ModuleNotFoundError: No module named 'panel'
    import cell
  File "/ddnA/work/whtsao/panel_in_wind.197148/./cell.py", line 86, in <module>
    import cell
  File "/ddnA/work/whtsao/panel_in_wind.197148/./cell.py", line 86, in <module>
    import cell
  File "/ddnA/work/whtsao/panel_in_wind.197148/./cell.py", line 86, in <module>
    import cell
  File "/ddnA/work/whtsao/panel_in_wind.197148/./cell.py", line 86, in <module>
    from panel import sdf_vectorized
ModuleNotFoundError: No module named 'panel'
    import cell
  File "/ddnA/work/whtsao/panel_in_wind.197148/./cell.py", line 86, in <module>
    from panel import sdf_vectorized
ModuleNotFoundError: No module named 'panel'
    from panel import sdf_vectorized
ModuleNotFoundError: No module named 'panel'
    from panel import sdf_vectorized
ModuleNotFoundError: No module named 'panel'
    from panel import sdf_vectorized
ModuleNotFoundError: No module named 'panel'
    from panel import sdf_vectorized
ModuleNotFoundError: No module named 'panel'
    from panel import sdf_vectorized
ModuleNotFoundError: No module named 'panel'
    from panel import sdf_vectorized
ModuleNotFoundError: No module named 'panel'
    from panel import sdf_vectorized
ModuleNotFoundError: No module named 'panel'
    from panel import sdf_vectorized
ModuleNotFoundError: No module named 'panel'
    import cell
  File "/ddnA/work/whtsao/panel_in_wind.197148/./cell.py", line 86, in <module>
    from panel import sdf_vectorized
ModuleNotFoundError: No module named 'panel'
    from panel import sdf_vectorized
ModuleNotFoundError: No module named 'panel'
    from panel import sdf_vectorized
ModuleNotFoundError: No module named 'panel'
    from panel import sdf_vectorized
ModuleNotFoundError: No module named 'panel'
    from panel import sdf_vectorized
ModuleNotFoundError: No module named 'panel'
    from panel import sdf_vectorized
ModuleNotFoundError: No module named 'panel'
    from panel import sdf_vectorized
ModuleNotFoundError: No module named 'panel'
    from panel import sdf_vectorized
ModuleNotFoundError: No module named 'panel'
    from panel import sdf_vectorized
ModuleNotFoundError: No module named 'panel'
    from panel import sdf_vectorized
ModuleNotFoundError: No module named 'panel'
    from panel import sdf_vectorized
ModuleNotFoundError: No module named 'panel'
    from panel import sdf_vectorized
ModuleNotFoundError: No module named 'panel'
    from panel import sdf_vectorized
ModuleNotFoundError: No module named 'panel'
    from panel import sdf_vectorized
ModuleNotFoundError: No module named 'panel'
    from panel import sdf_vectorized
ModuleNotFoundError: No module named 'panel'
    from panel import sdf_vectorized
ModuleNotFoundError: No module named 'panel'
    from panel import sdf_vectorized
ModuleNotFoundError: No module named 'panel'
    from panel import sdf_vectorized
ModuleNotFoundError: No module named 'panel'
    from panel import sdf_vectorized
ModuleNotFoundError: No module named 'panel'
    from panel import sdf_vectorized
ModuleNotFoundError: No module named 'panel'
Traceback (most recent call last):
  File "/project/cekees/cekees/proteus/fct/bin/parun", line 441, in <module>
    pList.append(proteus.defaults.load_physics(args[0][:-3]))
  File "/ddnA/project/cekees/cekees/proteus/fct/lib/python3.10/site-packages/proteus/defaults.py", line 105, in load_physics
    p = imp.load_source(pModule, os.path.join(path, pModule+".py"))
  File "/ddnA/project/cekees/cekees/proteus/fct/lib/python3.10/imp.py", line 172, in load_source
    module = _load(spec)
  File "<frozen importlib._bootstrap>", line 719, in _load
  File "<frozen importlib._bootstrap>", line 688, in _load_unlocked
  File "<frozen importlib._bootstrap_external>", line 883, in exec_module
  File "<frozen importlib._bootstrap>", line 241, in _call_with_frames_removed
  File "./nse_p.py", line 11, in <module>
    import cell
  File "/ddnA/work/whtsao/panel_in_wind.197148/./cell.py", line 86, in <module>
    from panel import sdf_vectorized
ModuleNotFoundError: No module named 'panel'
srun: error: mike002: tasks 0-63: Exited with exit code 1
