Tue Jan 30 17:22:46 CST 2024
running build_ext
cythoning panel.pyx to panel.c
building 'panel' extension
INFO: C compiler: gcc -Wno-unused-result -Wsign-compare -DNDEBUG -g -fwrapv -O3 -Wall -fPIC

creating build
creating build/temp.linux-x86_64-3.10
INFO: compile options: '-I/project/cekees/cekees/proteus/fct/lib/python3.10/site-packages/numpy/core/include -I/project/cekees/cekees/proteus/fct/include/python3.10 -c'
INFO: gcc: panel.c
INFO: gcc -pthread -shared -L/ddnA/project/cekees/cekees/hashdist/bld/bzip2/bxub4egwxmki/lib -Wl,-rpath=/ddnA/project/cekees/cekees/hashdist/bld/bzip2/bxub4egwxmki/lib -L/ddnA/project/cekees/cekees/hashdist/bld/gdbm/ile5emyu5ynn/lib -Wl,-rpath=/ddnA/project/cekees/cekees/hashdist/bld/gdbm/ile5emyu5ynn/lib -L/ddnA/project/cekees/cekees/hashdist/bld/launcher/nqs3636t5jqx/lib -Wl,-rpath=/ddnA/project/cekees/cekees/hashdist/bld/launcher/nqs3636t5jqx/lib -L/ddnA/project/cekees/cekees/hashdist/bld/libffi/tgz5pgvfcz6v/lib -Wl,-rpath=/ddnA/project/cekees/cekees/hashdist/bld/libffi/tgz5pgvfcz6v/lib -L/ddnA/project/cekees/cekees/hashdist/bld/ncurses/bo63dncyhwlb/lib -Wl,-rpath=/ddnA/project/cekees/cekees/hashdist/bld/ncurses/bo63dncyhwlb/lib -L/ddnA/project/cekees/cekees/hashdist/bld/openssl/h5jbtgv2fk37/lib -Wl,-rpath=/ddnA/project/cekees/cekees/hashdist/bld/openssl/h5jbtgv2fk37/lib -L/ddnA/project/cekees/cekees/hashdist/bld/patchelf/otm7ck6l2z3a/lib -Wl,-rpath=/ddnA/project/cekees/cekees/hashdist/bld/patchelf/otm7ck6l2z3a/lib -L/ddnA/project/cekees/cekees/hashdist/bld/readline/k3myfxc2g4rc/lib -Wl,-rpath=/ddnA/project/cekees/cekees/hashdist/bld/readline/k3myfxc2g4rc/lib -L/ddnA/project/cekees/cekees/hashdist/bld/sqlite/dovhidn2po6z/lib -Wl,-rpath=/ddnA/project/cekees/cekees/hashdist/bld/sqlite/dovhidn2po6z/lib -L/ddnA/project/cekees/cekees/hashdist/bld/zlib/qg2mb57cgcut/lib -Wl,-rpath=/ddnA/project/cekees/cekees/hashdist/bld/zlib/qg2mb57cgcut/lib -Wl,-rpath,/ddnA/project/cekees/cekees/hashdist/bld/python/7erkfjep7ml2/lib build/temp.linux-x86_64-3.10/panel.o -L/ddnA/project/cekees/cekees/hashdist/bld/python/7erkfjep7ml2/lib -o /ddnA/work/whtsao/panel_in_wind.198095/panel.cpython-310-x86_64-linux-gnu.so
Opening cell.poly.
  Initializing memorypools.
  tetrahedron per block: 8188.
  Size of a point: 152 bytes.
  Size of a tetrahedron: 104 (112) bytes.
  Size of a shellface: 200 (200) bytes.
  Initializing robust predicates.
  sizeof(double) =  8
  machine epsilon =   2.22045e-16 [IEEE 754 64-bit macheps]
Delaunizing vertices...
  Permuting vertices.
  Sorting vertices.
  Incrementally inserting vertices.
Delaunay seconds:  8.2e-05
  Point sorting seconds:  6e-06
Creating surface mesh ...
  12 (12) subfaces (segments).
Surface mesh seconds:  4.8e-05
Recovering boundaries...
  Creating the segment-endpoints map.
  Found 12 segments.
  Recovering segments.
  12 (0) segments are recovered (missing).
  Recovering facets.
  12 (0) subfaces are recovered (missing).
Boundary recovery seconds:  0.000114
  Segment recovery seconds:  2.1e-05
  Facet recovery seconds:  9.3e-05
Removing exterior tetrahedra ...
Spreading region attributes.
  Found 1 domain.
Exterior tets removal seconds:  1.5e-05
Recovering Delaunayness...
Delaunay recovery seconds:  7.4e-05
Refining mesh...
  Min radius-edge ratio = 12.
  Min dihedral   angle  = 3.5.
  Max tet volume  = 4.5e-06.
  Creating the segment_info_list.
  min_dihedral angle = 90 degree, at segment [3,2]
  min face angle = 90 degree, at vertex 1
  Creating the facet vertices map.
  Found 6 facets. Max facet idx(0), size(4)
  Creating the segment-to-facets map.
  Splitting encroached subsegments.
  Added 0 Steiner points.
  Splitting encroached and bad quality subfaces.
  Added 0 (0,0) Steiner points.
  Splitting bad quality tets.
  10 insertions, added 5 points, 55 tetrahedra in queue.
  3 insertions, added 1 points, 63 tetrahedra in queue.
  4 insertions, added 3 points, 95 tetrahedra in queue.
  5 insertions, added 1 points, 108 tetrahedra in queue.
  7 insertions, added 4 points, 166 tetrahedra in queue.
  9 insertions, added 4 points, 220 tetrahedra in queue.
  12 insertions, added 5 points, 296 tetrahedra in queue.
  16 insertions, added 8 points, 411 tetrahedra in queue.
  21 insertions, added 9 points, 520 tetrahedra in queue.
  28 insertions, added 14 points, 686 tetrahedra in queue.
  38 insertions, added 22 points, 1040 tetrahedra in queue.
  50 insertions, added 26 points, 1494 tetrahedra in queue.
  67 insertions, added 37 points, 2090 tetrahedra in queue.
  89 insertions, added 52 points, 2944 tetrahedra in queue.
  119 insertions, added 83 points, 4509 tetrahedra in queue.
  159 insertions, added 113 points, 6575 tetrahedra in queue.
  212 insertions, added 149 points, 9458 tetrahedra in queue.
  282 insertions, added 210 points, 13527 tetrahedra in queue.
  376 insertions, added 310 points, 19609 tetrahedra in queue.
  501 insertions, added 405 points, 27750 tetrahedra in queue.
  668 insertions, added 566 points, 39200 tetrahedra in queue.
  891 insertions, added 754 points, 54300 tetrahedra in queue.
  1187 insertions, added 1051 points, 75898 tetrahedra in queue.
  1583 insertions, added 1405 points, 104823 tetrahedra in queue.
  2110 insertions, added 1919 points, 144402 tetrahedra in queue.
  2812 insertions, added 2602 points, 198637 tetrahedra in queue.
  3749 insertions, added 3477 points, 270526 tetrahedra in queue.
  4997 insertions, added 4687 points, 368178 tetrahedra in queue.
  6661 insertions, added 6344 points, 501463 tetrahedra in queue.
  8879 insertions, added 8466 points, 679393 tetrahedra in queue.
  11836 insertions, added 11409 points, 920324 tetrahedra in queue.
  15777 insertions, added 15236 points, 1243277 tetrahedra in queue.
  21031 insertions, added 20359 points, 1674612 tetrahedra in queue.
  28034 insertions, added 27137 points, 2249990 tetrahedra in queue.
  37370 insertions, added 36320 points, 3024237 tetrahedra in queue.
  49814 insertions, added 48415 points, 4058496 tetrahedra in queue.
  66402 insertions, added 64412 points, 5433453 tetrahedra in queue.
  88514 insertions, added 85750 points, 7257253 tetrahedra in queue.
  117989 insertions, added 113613 points, 9638574 tetrahedra in queue.
  157279 insertions, added 149893 points, 12682027 tetrahedra in queue.
  209653 insertions, added 196194 points, 16299721 tetrahedra in queue.
  279468 insertions, added 255666 points, 18037515 tetrahedra in queue.
  Added 1189505 (1291,68536,1119678) Steiner points.
  Added 12 (0,3,9) Steiner points.
Refinement seconds:  24.7794
Smoothing vertices...
  Smooth criterion   = 3
  Smooth iterations  = 7
  Smooth relax-alpha = 0.3
Mesh smoothing seconds:  107.894
Improving mesh...
  Target maximum aspect ratio = 1000.
  Target maximum dihedral angle = 177.
  Maximum flip level   = 3.
  Number of iterations = 3.
  Removed 362 edges/faces.
Mesh improvement seconds:  1.96848

Writing cell.1.node.
Writing cell.1.ele.
Writing cell.1.face.
Writing cell.1.edge.
Writing cell.1.neigh.

Output seconds:  22.8574
Total running seconds:  157.5

Statistics:

  Input points: 8
  Input facets: 6
  Input segments: 12
  Input holes: 0
  Input regions: 1

  Mesh points: 1189575
  Mesh tetrahedra: 7164007
  Mesh faces: 14397861
  Mesh edges: 8423428
  Mesh faces on exterior boundary: 139694
  Mesh edges on exterior boundary: 209541
  Mesh faces on input facets: 139694
  Mesh edges on input segments: 1303
  Steiner points on input facets:  68550
  Steiner points on input segments:  1291
  Steiner points inside domain: 1119726

Mesh quality statistics:

  Smallest volume:       5.3119e-08   |  Largest volume:       6.7696e-06
  Shortest edge:          0.0088116   |  Longest edge:           0.049735
  Smallest asp.ratio:        1.2399   |  Largest asp.ratio:        63.271
  Smallest facangle:         15.625   |  Largest facangle:       129.9909
  Smallest dihedral:         1.3921   |  Largest dihedral:       176.9949

  Aspect ratio histogram:
         < 1.5       :    527469      |      6 - 10         :     28554
     1.5 - 2         :   4401754      |     10 - 15         :      6048
       2 - 2.5       :   1551868      |     15 - 25         :      2318
     2.5 - 3         :    359225      |     25 - 50         :       862
       3 - 4         :    198318      |     50 - 100        :        19
       4 - 6         :     87572      |    100 -            :         0
  (A tetrahedron's aspect ratio is its longest edge length divided by its
    smallest side height)

  Face angle histogram:
      0 -  10 degrees:         0      |     90 - 100 degrees:    699497
     10 -  20 degrees:        33      |    100 - 110 degrees:    117511
     20 -  30 degrees:     38715      |    110 - 120 degrees:      8679
     30 -  40 degrees:   1599699      |    120 - 130 degrees:       199
     40 -  50 degrees:   8475323      |    130 - 140 degrees:         0
     50 -  60 degrees:  13202701      |    140 - 150 degrees:         0
     60 -  70 degrees:  10618623      |    150 - 160 degrees:         0
     70 -  80 degrees:   5969090      |    160 - 170 degrees:         0
     80 -  90 degrees:   2463513      |    170 - 180 degrees:         0

  Dihedral angle histogram:
       0 -  5 degrees:      6466      |     80 - 110 degrees:   9593790
       5 - 10 degrees:     31235      |    110 - 120 degrees:   1000194
      10 - 20 degrees:    220006      |    120 - 130 degrees:    558969
      20 - 30 degrees:    624509      |    130 - 140 degrees:    318265
      30 - 40 degrees:   1688585      |    140 - 150 degrees:    180333
      40 - 50 degrees:   4543740      |    150 - 160 degrees:     93172
      50 - 60 degrees:   8114671      |    160 - 170 degrees:     36865
      60 - 70 degrees:   8855650      |    170 - 175 degrees:      5991
      70 - 80 degrees:   7110465      |    175 - 180 degrees:      1136
  Minimum input dihedral angle is 90 (degree).


Memory usage statistics:

  Maximum number of tetrahedra:  7620319
  Maximum number of tet blocks (blocksize = 8188):  931
  Approximate memory for tetrahedral mesh (bytes):  1,062,491,328
  Approximate memory for extra pointers (bytes):  9,121,248
  Approximate memory for algorithms (bytes):  148,656
  Approximate memory for working arrays (bytes):  296,311,468
  Approximate total used memory (bytes):  1,368,072,700

Max nNodes_subdomain 2324 nNodes_global 1189575
Done allocating MPIAdj
Max memory usage per core 0.332423GB
Done applying partition
Max memory usage per core 0.349114GB
==================out of core old2new is correct!====================
Done with masks
Max memory usage per core 0.357622GB
Done marking elements
Max memory usage per core 0.36812GB
Done allocating element numbering new2old/old2new
Max memory usage per core 0.427205GB
Done reading element boundaries
Max memory usage per core 0.437961GB
Allocating elementBoudnary old2new/new2old
Max memory usage per core 0.560513GB
Done allocating elementBoudnary old2new/new2old
Max memory usage per core 0.503177GB
Done reading edges
Max memory usage per core 0.508002GB
Setting edgeNumering old2new/new2old
Max memory usage per core 0.58121GB
Done allocating edgeNumering old2new/new2old
Max memory usage per core 0.547897GB
Done reading vertices
Max memory usage per core 0.515416GB
Done with material types
Max memory usage per core 0.415138GB
Done with partitioning!
Max memory usage per core 0.41565GB
