Thu Jan 25 09:08:35 CST 2024
ERROR: Unable to locate a modulefile for ' '
running build_ext
cythoning mangrove.pyx to mangrove.c
building 'mangrove' extension
INFO: C compiler: /usr/local/packages/compilers/gcc/11.2.0/bmraeta/bin/gcc -Wno-unused-result -Wsign-compare -DNDEBUG -g -fwrapv -O3 -Wall -fPIC

creating build
creating build/temp.linux-x86_64-3.10
INFO: compile options: '-I/project/cekees/cekees/proteus/fct/lib/python3.10/site-packages/numpy/core/include -I/project/cekees/cekees/proteus/fct/include/python3.10 -c'
INFO: gcc: mangrove.c
INFO: gcc -pthread -shared -L/ddnA/project/cekees/cekees/hashdist/bld/bzip2/bxub4egwxmki/lib -Wl,-rpath=/ddnA/project/cekees/cekees/hashdist/bld/bzip2/bxub4egwxmki/lib -L/ddnA/project/cekees/cekees/hashdist/bld/gdbm/ile5emyu5ynn/lib -Wl,-rpath=/ddnA/project/cekees/cekees/hashdist/bld/gdbm/ile5emyu5ynn/lib -L/ddnA/project/cekees/cekees/hashdist/bld/launcher/nqs3636t5jqx/lib -Wl,-rpath=/ddnA/project/cekees/cekees/hashdist/bld/launcher/nqs3636t5jqx/lib -L/ddnA/project/cekees/cekees/hashdist/bld/libffi/tgz5pgvfcz6v/lib -Wl,-rpath=/ddnA/project/cekees/cekees/hashdist/bld/libffi/tgz5pgvfcz6v/lib -L/ddnA/project/cekees/cekees/hashdist/bld/ncurses/bo63dncyhwlb/lib -Wl,-rpath=/ddnA/project/cekees/cekees/hashdist/bld/ncurses/bo63dncyhwlb/lib -L/ddnA/project/cekees/cekees/hashdist/bld/openssl/h5jbtgv2fk37/lib -Wl,-rpath=/ddnA/project/cekees/cekees/hashdist/bld/openssl/h5jbtgv2fk37/lib -L/ddnA/project/cekees/cekees/hashdist/bld/patchelf/otm7ck6l2z3a/lib -Wl,-rpath=/ddnA/project/cekees/cekees/hashdist/bld/patchelf/otm7ck6l2z3a/lib -L/ddnA/project/cekees/cekees/hashdist/bld/readline/k3myfxc2g4rc/lib -Wl,-rpath=/ddnA/project/cekees/cekees/hashdist/bld/readline/k3myfxc2g4rc/lib -L/ddnA/project/cekees/cekees/hashdist/bld/sqlite/dovhidn2po6z/lib -Wl,-rpath=/ddnA/project/cekees/cekees/hashdist/bld/sqlite/dovhidn2po6z/lib -L/ddnA/project/cekees/cekees/hashdist/bld/zlib/qg2mb57cgcut/lib -Wl,-rpath=/ddnA/project/cekees/cekees/hashdist/bld/zlib/qg2mb57cgcut/lib -Wl,-rpath,/ddnA/project/cekees/cekees/hashdist/bld/python/7erkfjep7ml2/lib build/temp.linux-x86_64-3.10/mangrove.o -L/ddnA/project/cekees/cekees/hashdist/bld/python/7erkfjep7ml2/lib -o /ddnA/work/whtsao/lidar_mangrove.195915/mangrove.cpython-310-x86_64-linux-gnu.so
Opening mesh.poly.
  Initializing memorypools.
  tetrahedron per block: 8188.
  Size of a point: 152 bytes.
  Size of a tetrahedron: 104 (112) bytes.
  Size of a shellface: 200 (200) bytes.
  Initializing robust predicates.
  sizeof(double) =  8
  machine epsilon =   2.22045e-16 [IEEE 754 64-bit macheps]
Delaunizing vertices...
  Permuting vertices.
  Sorting vertices.
  Incrementally inserting vertices.
Delaunay seconds:  0.000218
  Point sorting seconds:  7e-06
Creating surface mesh ...
  34 (27) subfaces (segments).
Surface mesh seconds:  9.4e-05
Recovering boundaries...
  Creating the segment-endpoints map.
  Found 27 segments.
  Recovering segments.
  27 (0) segments are recovered (missing).
  Recovering facets.
  34 (0) subfaces are recovered (missing).
Boundary recovery seconds:  0.000179
  Segment recovery seconds:  3.4e-05
  Facet recovery seconds:  0.000145
Removing exterior tetrahedra ...
Spreading region attributes.
  Found 2 subdomains.
Exterior tets removal seconds:  4.2e-05
Recovering Delaunayness...
Delaunay recovery seconds:  9.8e-05
Refining mesh...
  Min radius-edge ratio = 12.
  Min dihedral   angle  = 3.5.
  Max tet volume  = 0.000166667.
  Creating the segment_info_list.
  min_dihedral angle = 90 degree, at segment [15,6]
  min face angle = 90 degree, at vertex 6
  Creating the facet vertices map.
  Found 12 facets. Max facet idx(3), size(8)
  Creating the segment-to-facets map.
  Splitting encroached subsegments.
  Added 6 Steiner points.
  Splitting encroached and bad quality subfaces.
  Added 4 (4,0) Steiner points.
  Splitting bad quality tets.
  23 insertions, added 18 points, 141 tetrahedra in queue.
  7 insertions, added 6 points, 256 tetrahedra in queue.
  9 insertions, added 6 points, 349 tetrahedra in queue.
  12 insertions, added 9 points, 445 tetrahedra in queue.
  16 insertions, added 12 points, 584 tetrahedra in queue.
  22 insertions, added 14 points, 832 tetrahedra in queue.
  29 insertions, added 16 points, 1046 tetrahedra in queue.
  39 insertions, added 23 points, 1364 tetrahedra in queue.
  52 insertions, added 28 points, 1747 tetrahedra in queue.
  69 insertions, added 32 points, 2179 tetrahedra in queue.
  92 insertions, added 42 points, 2733 tetrahedra in queue.
  123 insertions, added 60 points, 3591 tetrahedra in queue.
  164 insertions, added 78 points, 4689 tetrahedra in queue.
  218 insertions, added 108 points, 6358 tetrahedra in queue.
  291 insertions, added 159 points, 8947 tetrahedra in queue.
  388 insertions, added 218 points, 11959 tetrahedra in queue.
  Added 1118 (296,613,209) Steiner points.
Refinement seconds:  0.025293
Smoothing vertices...
  Smooth criterion   = 3
  Smooth iterations  = 7
  Smooth relax-alpha = 0.3
Mesh smoothing seconds:  0.022426
Improving mesh...
  Target maximum aspect ratio = 1000.
  Target maximum dihedral angle = 177.
  Maximum flip level   = 3.
  Number of iterations = 3.
Mesh improvement seconds:  0.000612

Writing mesh.1.node.
Writing mesh.1.ele.
Writing mesh.1.face.
Writing mesh.1.edge.
Writing mesh.1.neigh.

Output seconds:  0.010187
Total running seconds:  0.059205

Statistics:

  Input points: 18
  Input facets: 14
  Input segments: 27
  Input holes: 0
  Input regions: 2

  Mesh points: 1146
  Mesh tetrahedra: 3803
  Mesh faces: 8535
  Mesh edges: 5877
  Mesh faces on exterior boundary: 1858
  Mesh edges on exterior boundary: 2787
  Mesh faces on input facets: 1880
  Mesh edges on input segments: 333
  Steiner points on input facets:  613
  Steiner points on input segments:  306
  Steiner points inside domain: 209

Mesh quality statistics:

  Smallest volume:       7.1485e-06   |  Largest volume:       0.00024129
  Shortest edge:           0.035335   |  Longest edge:            0.16175
  Smallest asp.ratio:        1.3227   |  Largest asp.ratio:        39.668
  Smallest facangle:         17.264   |  Largest facangle:       121.3835
  Smallest dihedral:         1.7456   |  Largest dihedral:       176.7250

  Aspect ratio histogram:
         < 1.5       :       116      |      6 - 10         :        35
     1.5 - 2         :      1470      |     10 - 15         :         8
       2 - 2.5       :      1317      |     15 - 25         :         9
     2.5 - 3         :       529      |     25 - 50         :         2
       3 - 4         :       222      |     50 - 100        :         0
       4 - 6         :        95      |    100 -            :         0
  (A tetrahedron's aspect ratio is its longest edge length divided by its
    smallest side height)

  Face angle histogram:
      0 -  10 degrees:         0      |     90 - 100 degrees:       897
     10 -  20 degrees:         3      |    100 - 110 degrees:       205
     20 -  30 degrees:       218      |    110 - 120 degrees:        18
     30 -  40 degrees:      2091      |    120 - 130 degrees:         2
     40 -  50 degrees:      4730      |    130 - 140 degrees:         0
     50 -  60 degrees:      6827      |    140 - 150 degrees:         0
     60 -  70 degrees:      5348      |    150 - 160 degrees:         0
     70 -  80 degrees:      3401      |    160 - 170 degrees:         0
     80 -  90 degrees:      1865      |    170 - 180 degrees:         0

  Dihedral angle histogram:
       0 -  5 degrees:        26      |     80 - 110 degrees:      5298
       5 - 10 degrees:        54      |    110 - 120 degrees:       695
      10 - 20 degrees:       204      |    120 - 130 degrees:       438
      20 - 30 degrees:       543      |    130 - 140 degrees:       233
      30 - 40 degrees:      1491      |    140 - 150 degrees:       130
      40 - 50 degrees:      2671      |    150 - 160 degrees:        75
      50 - 60 degrees:      3892      |    160 - 170 degrees:        44
      60 - 70 degrees:      4074      |    170 - 175 degrees:        21
      70 - 80 degrees:      2927      |    175 - 180 degrees:         2
  Minimum input dihedral angle is 90 (degree).


Memory usage statistics:

  Maximum number of tetrahedra:  5783
  Maximum number of tet blocks (blocksize = 8188):  1
  Approximate memory for tetrahedral mesh (bytes):  1,265,288
  Approximate memory for extra pointers (bytes):  163,760
  Approximate memory for algorithms (bytes):  141,856
  Approximate memory for working arrays (bytes):  269,508
  Approximate total used memory (bytes):  1,840,412

Max nNodes_subdomain 18 nNodes_global 1146
Done allocating MPIAdj
Max memory usage per core 0.184152GB
Done applying partition
Max memory usage per core 0.18645GB
==================out of core old2new is correct!====================
Done with masks
Max memory usage per core 0.189747GB
Done marking elements
Max memory usage per core 0.190128GB
Done allocating element numbering new2old/old2new
Max memory usage per core 0.19053GB
Done reading element boundaries
Max memory usage per core 0.19053GB
Allocating elementBoudnary old2new/new2old
Max memory usage per core 0.191132GB
Done allocating elementBoudnary old2new/new2old
Max memory usage per core 0.19148GB
Done reading edges
Max memory usage per core 0.191812GB
Setting edgeNumering old2new/new2old
Max memory usage per core 0.192143GB
Done allocating edgeNumering old2new/new2old
Max memory usage per core 0.192537GB
Done reading vertices
Max memory usage per core 0.19284GB
Done with material types
Max memory usage per core 0.193143GB
Done with partitioning!
Max memory usage per core 0.191373GB
