Mon Jan 22 15:16:03 CST 2024
ERROR: Unable to locate a modulefile for ' '
running build_ext
cythoning ship.pyx to ship.c
building 'ship' extension
INFO: C compiler: /usr/local/packages/compilers/gcc/11.2.0/bmraeta/bin/gcc -Wno-unused-result -Wsign-compare -DNDEBUG -g -fwrapv -O3 -Wall -fPIC

creating build
creating build/temp.linux-x86_64-3.10
INFO: compile options: '-I/project/cekees/cekees/proteus/fct/lib/python3.10/site-packages/numpy/core/include -I/project/cekees/cekees/proteus/fct/include/python3.10 -c'
INFO: gcc: ship.c
INFO: gcc -pthread -shared -L/ddnA/project/cekees/cekees/hashdist/bld/bzip2/bxub4egwxmki/lib -Wl,-rpath=/ddnA/project/cekees/cekees/hashdist/bld/bzip2/bxub4egwxmki/lib -L/ddnA/project/cekees/cekees/hashdist/bld/gdbm/ile5emyu5ynn/lib -Wl,-rpath=/ddnA/project/cekees/cekees/hashdist/bld/gdbm/ile5emyu5ynn/lib -L/ddnA/project/cekees/cekees/hashdist/bld/launcher/nqs3636t5jqx/lib -Wl,-rpath=/ddnA/project/cekees/cekees/hashdist/bld/launcher/nqs3636t5jqx/lib -L/ddnA/project/cekees/cekees/hashdist/bld/libffi/tgz5pgvfcz6v/lib -Wl,-rpath=/ddnA/project/cekees/cekees/hashdist/bld/libffi/tgz5pgvfcz6v/lib -L/ddnA/project/cekees/cekees/hashdist/bld/ncurses/bo63dncyhwlb/lib -Wl,-rpath=/ddnA/project/cekees/cekees/hashdist/bld/ncurses/bo63dncyhwlb/lib -L/ddnA/project/cekees/cekees/hashdist/bld/openssl/h5jbtgv2fk37/lib -Wl,-rpath=/ddnA/project/cekees/cekees/hashdist/bld/openssl/h5jbtgv2fk37/lib -L/ddnA/project/cekees/cekees/hashdist/bld/patchelf/otm7ck6l2z3a/lib -Wl,-rpath=/ddnA/project/cekees/cekees/hashdist/bld/patchelf/otm7ck6l2z3a/lib -L/ddnA/project/cekees/cekees/hashdist/bld/readline/k3myfxc2g4rc/lib -Wl,-rpath=/ddnA/project/cekees/cekees/hashdist/bld/readline/k3myfxc2g4rc/lib -L/ddnA/project/cekees/cekees/hashdist/bld/sqlite/dovhidn2po6z/lib -Wl,-rpath=/ddnA/project/cekees/cekees/hashdist/bld/sqlite/dovhidn2po6z/lib -L/ddnA/project/cekees/cekees/hashdist/bld/zlib/qg2mb57cgcut/lib -Wl,-rpath=/ddnA/project/cekees/cekees/hashdist/bld/zlib/qg2mb57cgcut/lib -Wl,-rpath,/ddnA/project/cekees/cekees/hashdist/bld/python/7erkfjep7ml2/lib build/temp.linux-x86_64-3.10/ship.o -L/ddnA/project/cekees/cekees/hashdist/bld/python/7erkfjep7ml2/lib -o /ddnA/work/whtsao/ship_in_current.195016/ship.cpython-310-x86_64-linux-gnu.so
Opening mesh.poly.
  Initializing memorypools.
  tetrahedron per block: 8188.
  Size of a point: 152 bytes.
  Size of a tetrahedron: 104 (112) bytes.
  Size of a shellface: 200 (200) bytes.
  Initializing robust predicates.
  sizeof(double) =  8
  machine epsilon =   2.22045e-16 [IEEE 754 64-bit macheps]
Delaunizing vertices...
  Permuting vertices.
  Sorting vertices.
  Incrementally inserting vertices.
Delaunay seconds:  0.000331
  Point sorting seconds:  6e-06
Creating surface mesh ...
  34 (27) subfaces (segments).
Surface mesh seconds:  0.00011
Recovering boundaries...
  Creating the segment-endpoints map.
  Found 27 segments.
  Recovering segments.
  27 (0) segments are recovered (missing).
  Recovering facets.
  34 (0) subfaces are recovered (missing).
Boundary recovery seconds:  0.000138
  Segment recovery seconds:  3.7e-05
  Facet recovery seconds:  0.000101
Removing exterior tetrahedra ...
Spreading region attributes.
  Found 2 subdomains.
Exterior tets removal seconds:  2e-05
Recovering Delaunayness...
Delaunay recovery seconds:  0.00019
Refining mesh...
  Min radius-edge ratio = 12.
  Min dihedral   angle  = 3.5.
  Max tet volume  = 3.6e-05.
  Creating the segment_info_list.
  min_dihedral angle = 90 degree, at segment [1,7]
  min face angle = 90 degree, at vertex 6
  Creating the facet vertices map.
  Found 12 facets. Max facet idx(3), size(8)
  Creating the segment-to-facets map.
  Splitting encroached subsegments.
  Added 6 Steiner points.
  Splitting encroached and bad quality subfaces.
  Added 0 (0,0) Steiner points.
  Splitting bad quality tets.
  23 insertions, added 18 points, 179 tetrahedra in queue.
  7 insertions, added 5 points, 259 tetrahedra in queue.
  9 insertions, added 4 points, 356 tetrahedra in queue.
  12 insertions, added 5 points, 437 tetrahedra in queue.
  16 insertions, added 10 points, 569 tetrahedra in queue.
  22 insertions, added 11 points, 706 tetrahedra in queue.
  29 insertions, added 13 points, 887 tetrahedra in queue.
  39 insertions, added 21 points, 1181 tetrahedra in queue.
  52 insertions, added 31 points, 1603 tetrahedra in queue.
  69 insertions, added 41 points, 2205 tetrahedra in queue.
  92 insertions, added 45 points, 2855 tetrahedra in queue.
  123 insertions, added 62 points, 3684 tetrahedra in queue.
  164 insertions, added 97 points, 5233 tetrahedra in queue.
  218 insertions, added 127 points, 7352 tetrahedra in queue.
  291 insertions, added 174 points, 10229 tetrahedra in queue.
  388 insertions, added 223 points, 13943 tetrahedra in queue.
  517 insertions, added 325 points, 19649 tetrahedra in queue.
  689 insertions, added 432 points, 27145 tetrahedra in queue.
  919 insertions, added 568 points, 36806 tetrahedra in queue.
  1225 insertions, added 785 points, 50377 tetrahedra in queue.
  1633 insertions, added 1060 points, 68709 tetrahedra in queue.
  2176 insertions, added 1461 points, 93866 tetrahedra in queue.
  2901 insertions, added 1982 points, 127947 tetrahedra in queue.
  3867 insertions, added 2711 points, 168878 tetrahedra in queue.
  5155 insertions, added 3660 points, 21584 tetrahedra in queue.
  Added 13942 (894,5586,7462) Steiner points.
  Added 0 (0,0,0) Steiner points.
Refinement seconds:  0.225863
Smoothing vertices...
  Smooth criterion   = 3
  Smooth iterations  = 7
  Smooth relax-alpha = 0.3
Mesh smoothing seconds:  0.500944
Improving mesh...
  Target maximum aspect ratio = 1000.
  Target maximum dihedral angle = 177.
  Maximum flip level   = 3.
  Number of iterations = 3.
  Removed 5 edges/faces.
Mesh improvement seconds:  0.01114

Writing mesh.1.node.
Writing mesh.1.ele.
Writing mesh.1.face.
Writing mesh.1.edge.
Writing mesh.1.neigh.

Output seconds:  0.144673
Total running seconds:  0.883474

Statistics:

  Input points: 18
  Input facets: 14
  Input segments: 27
  Input holes: 0
  Input regions: 2

  Mesh points: 13977
  Mesh tetrahedra: 65536
  Mesh faces: 137537
  Mesh edges: 85977
  Mesh faces on exterior boundary: 12930
  Mesh edges on exterior boundary: 19395
  Mesh faces on input facets: 13040
  Mesh edges on input segments: 927
  Steiner points on input facets:  5591
  Steiner points on input segments:  900
  Steiner points inside domain: 7468

Mesh quality statistics:

  Smallest volume:       4.9307e-07   |  Largest volume:       4.9081e-05
  Shortest edge:           0.024367   |  Longest edge:           0.094032
  Smallest asp.ratio:         1.274   |  Largest asp.ratio:        42.113
  Smallest facangle:         21.855   |  Largest facangle:       123.2989
  Smallest dihedral:           1.84   |  Largest dihedral:       176.7590

  Aspect ratio histogram:
         < 1.5       :      3634      |      6 - 10         :       339
     1.5 - 2         :     35725      |     10 - 15         :        64
       2 - 2.5       :     17442      |     15 - 25         :        28
     2.5 - 3         :      4875      |     25 - 50         :        13
       3 - 4         :      2384      |     50 - 100        :         0
       4 - 6         :      1032      |    100 -            :         0
  (A tetrahedron's aspect ratio is its longest edge length divided by its
    smallest side height)

  Face angle histogram:
      0 -  10 degrees:         0      |     90 - 100 degrees:      8905
     10 -  20 degrees:         0      |    100 - 110 degrees:      1835
     20 -  30 degrees:       943      |    110 - 120 degrees:       158
     30 -  40 degrees:     20286      |    120 - 130 degrees:         4
     40 -  50 degrees:     82308      |    130 - 140 degrees:         0
     50 -  60 degrees:    119445      |    140 - 150 degrees:         0
     60 -  70 degrees:     96510      |    150 - 160 degrees:         0
     70 -  80 degrees:     56681      |    160 - 170 degrees:         0
     80 -  90 degrees:     25536      |    170 - 180 degrees:         0

  Dihedral angle histogram:
       0 -  5 degrees:        86      |     80 - 110 degrees:     89333
       5 - 10 degrees:       343      |    110 - 120 degrees:      9903
      10 - 20 degrees:      2464      |    120 - 130 degrees:      5539
      20 - 30 degrees:      6866      |    130 - 140 degrees:      3234
      30 - 40 degrees:     17645      |    140 - 150 degrees:      1973
      40 - 50 degrees:     43998      |    150 - 160 degrees:      1024
      50 - 60 degrees:     73082      |    160 - 170 degrees:       412
      60 - 70 degrees:     76533      |    170 - 175 degrees:        71
      70 - 80 degrees:     60692      |    175 - 180 degrees:        18
  Minimum input dihedral angle is 90 (degree).


Memory usage statistics:

  Maximum number of tetrahedra:  81244
  Maximum number of tet blocks (blocksize = 8188):  10
  Approximate memory for tetrahedral mesh (bytes):  14,018,032
  Approximate memory for extra pointers (bytes):  959,648
  Approximate memory for algorithms (bytes):  144,576
  Approximate memory for working arrays (bytes):  2,951,092
  Approximate total used memory (bytes):  18,073,348

Max nNodes_subdomain 110 nNodes_global 13977
Done allocating MPIAdj
Max memory usage per core 0.284955GB
Done applying partition
Max memory usage per core 0.31146GB
==================out of core old2new is correct!====================
Done with masks
Max memory usage per core 0.312803GB
Done marking elements
Max memory usage per core 0.313172GB
Done allocating element numbering new2old/old2new
Max memory usage per core 0.313827GB
Done reading element boundaries
Max memory usage per core 0.314663GB
Allocating elementBoudnary old2new/new2old
Max memory usage per core 0.31683GB
Done allocating elementBoudnary old2new/new2old
Max memory usage per core 0.31717GB
Done reading edges
Max memory usage per core 0.317489GB
Setting edgeNumering old2new/new2old
Max memory usage per core 0.318616GB
Done allocating edgeNumering old2new/new2old
Max memory usage per core 0.318923GB
Done reading vertices
Max memory usage per core 0.319218GB
Done with material types
Max memory usage per core 0.319513GB
Done with partitioning!
Max memory usage per core 0.389652GB
