Tue Mar 19 17:23:36 CDT 2024
# Wave

# Printing input data here to check

# Height/Depth: 0.570
# Dimensionless Period T*sqrt(g/d):   8.31
# Current criterion: Euler,  Dimensionless value: 0.000

# Solution by 15-term Fourier series


Height step  1 of  1

Iteration  1: Mean of corrections to free surface:  1.3e-01
Iteration  2: Mean of corrections to free surface:  1.4e-01
Iteration  3: Mean of corrections to free surface:  6.2e-02
Iteration  4: Mean of corrections to free surface:  2.7e-01
Iteration  5: Mean of corrections to free surface:  3.0e-01
Iteration  6: Mean of corrections to free surface:  1.4e-02
Iteration  7: Mean of corrections to free surface:  3.4e-02
Iteration  8: Mean of corrections to free surface:  4.1e-02
Iteration  9: Mean of corrections to free surface:  2.1e-02
Iteration 10: Mean of corrections to free surface:  3.1e-02
Iteration 11: Mean of corrections to free surface:  2.9e-02
Iteration 12: Mean of corrections to free surface:  1.6e-01
Iteration 13: Mean of corrections to free surface:  7.7e-02
Iteration 14: Mean of corrections to free surface:  2.3e-01
Iteration 15: Mean of corrections to free surface:  8.6e-02
Iteration 16: Mean of corrections to free surface:  4.8e-02
Iteration 17: Mean of corrections to free surface:  6.3e-03
Iteration 18: Mean of corrections to free surface:  5.3e-02
Iteration 19: Mean of corrections to free surface:  1.3e-03
Iteration 20: Mean of corrections to free surface:  1.3e-03
Iteration 21: Mean of corrections to free surface:  1.2e-03
Iteration 22: Mean of corrections to free surface:  1.2e-03
Iteration 23: Mean of corrections to free surface:  1.1e-03
Iteration 24: Mean of corrections to free surface:  1.0e-03
Iteration 25: Mean of corrections to free surface:  3.1e-03
Iteration 26: Mean of corrections to free surface:  2.9e-03
Iteration 27: Mean of corrections to free surface:  9.8e-04
Iteration 28: Mean of corrections to free surface:  3.0e-03
Iteration 29: Mean of corrections to free surface:  2.8e-03
Iteration 30: Mean of corrections to free surface:  2.5e-03
Iteration 31: Mean of corrections to free surface:  2.2e-03
Iteration 32: Mean of corrections to free surface:  1.8e-03
Iteration 33: Mean of corrections to free surface:  1.6e-03
Iteration 34: Mean of corrections to free surface:  1.5e-03
Iteration 35: Mean of corrections to free surface:  1.4e-03
Iteration 36: Mean of corrections to free surface:  1.5e-03
Iteration 37: Mean of corrections to free surface:  1.5e-03
Iteration 38: Mean of corrections to free surface:  1.5e-03
Iteration 39: Mean of corrections to free surface:  1.2e-03
Iteration 40: Mean of corrections to free surface:  4.2e-03
Note that the program still had not converged to the degree specified


# Solution summary:

# Wave

# Solution by 15-term Fourier series

# Height/Depth: 0.570, 137% of the maximum of H/d = 0.416 for this length:
# Length/Depth:   3.09
# Dimensionless Period T*sqrt(g/d):   8.53
# Current criterion: Euler,  Dimensionless value: 0.000
Info    : Running 'gmsh mesh_test.geo -v 10 -3 -o mesh_test.msh -format msh2' [Gmsh 4.10.4, 1 node, max. 1 thread]
Info    : Started on Tue Mar 19 17:24:21 2024
Info    : Reading 'mesh_test.geo'...
Info    : Done reading 'mesh_test.geo'
Info    : Meshing 1D...
Info    : [  0%] Meshing curve 1 (Line)
Info    : [ 10%] Meshing curve 2 (Line)
Info    : [ 10%] Meshing curve 3 (Line)
Info    : [ 10%] Meshing curve 4 (Line)
Info    : [ 10%] Meshing curve 5 (Line)
Info    : [ 10%] Meshing curve 6 (Line)
Info    : [ 10%] Meshing curve 7 (Line)
Info    : [ 10%] Meshing curve 8 (Line)
Info    : [ 10%] Meshing curve 9 (Line)
Info    : [ 10%] Meshing curve 10 (Line)
Info    : [ 10%] Meshing curve 11 (Line)
Info    : [ 10%] Meshing curve 12 (Line)
Info    : [ 10%] Meshing curve 13 (Line)
Info    : [ 10%] Meshing curve 14 (Line)
Info    : [ 10%] Meshing curve 15 (Line)
Info    : [ 10%] Meshing curve 16 (Line)
Info    : [ 10%] Meshing curve 17 (Line)
Info    : [ 10%] Meshing curve 18 (Line)
Info    : [ 10%] Meshing curve 19 (Line)
Info    : [ 10%] Meshing curve 20 (Line)
Info    : [ 10%] Meshing curve 21 (Line)
Info    : [ 10%] Meshing curve 22 (Line)
Info    : [ 10%] Meshing curve 23 (Line)
Info    : [ 10%] Meshing curve 24 (Line)
Info    : [ 10%] Meshing curve 25 (Line)
Info    : [ 10%] Meshing curve 26 (Line)
Info    : [ 10%] Meshing curve 27 (Line)
Info    : [ 10%] Meshing curve 28 (Line)
Info    : [ 10%] Meshing curve 29 (Line)
Info    : [ 10%] Meshing curve 30 (Line)
Info    : [ 10%] Meshing curve 31 (Line)
Info    : [ 10%] Meshing curve 32 (Line)
Info    : [ 10%] Meshing curve 33 (Line)
Info    : [ 10%] Meshing curve 34 (Line)
Info    : [ 10%] Meshing curve 35 (Line)
Info    : [ 10%] Meshing curve 36 (Line)
Info    : [ 10%] Meshing curve 37 (Line)
Info    : [ 10%] Meshing curve 38 (Line)
Info    : [ 10%] Meshing curve 39 (Line)
Info    : [ 10%] Meshing curve 40 (Line)
Info    : [ 10%] Meshing curve 41 (Line)
Info    : [ 10%] Meshing curve 42 (Line)
Info    : [ 10%] Meshing curve 43 (Line)
Info    : [ 10%] Meshing curve 44 (Line)
Info    : [ 10%] Meshing curve 45 (Line)
Info    : [ 10%] Meshing curve 46 (Line)
Info    : [ 10%] Meshing curve 47 (Line)
Info    : [ 10%] Meshing curve 48 (Line)
Info    : [ 10%] Meshing curve 49 (Line)
Info    : [ 10%] Meshing curve 50 (Line)
Info    : [ 10%] Meshing curve 51 (Line)
Info    : [ 10%] Meshing curve 52 (Line)
Info    : [ 10%] Meshing curve 53 (Line)
Info    : [ 20%] Meshing curve 54 (Line)
Info    : [ 20%] Meshing curve 55 (Line)
Info    : [ 20%] Meshing curve 56 (Line)
Info    : [ 20%] Meshing curve 57 (Line)
Info    : [ 20%] Meshing curve 58 (Line)
Info    : [ 20%] Meshing curve 59 (Line)
Info    : [ 20%] Meshing curve 60 (Line)
Info    : [ 20%] Meshing curve 61 (Line)
Info    : [ 20%] Meshing curve 62 (Line)
Info    : [ 20%] Meshing curve 63 (Line)
Info    : [ 20%] Meshing curve 64 (Line)
Info    : [ 20%] Meshing curve 65 (Line)
Info    : [ 20%] Meshing curve 66 (Line)
Info    : [ 20%] Meshing curve 67 (Line)
Info    : [ 20%] Meshing curve 68 (Line)
Info    : [ 20%] Meshing curve 69 (Line)
Info    : [ 20%] Meshing curve 70 (Line)
Info    : [ 20%] Meshing curve 71 (Line)
Info    : [ 20%] Meshing curve 72 (Line)
Info    : [ 20%] Meshing curve 73 (Line)
Info    : [ 20%] Meshing curve 74 (Line)
Info    : [ 20%] Meshing curve 75 (Line)
Info    : [ 20%] Meshing curve 76 (Line)
Info    : [ 20%] Meshing curve 77 (Line)
Info    : [ 20%] Meshing curve 78 (Line)
Info    : [ 20%] Meshing curve 79 (Line)
Info    : [ 20%] Meshing curve 80 (Line)
Info    : [ 20%] Meshing curve 81 (Line)
Info    : [ 20%] Meshing curve 82 (Line)
Info    : [ 20%] Meshing curve 83 (Line)
Info    : [ 20%] Meshing curve 84 (Line)
Info    : [ 20%] Meshing curve 85 (Line)
Info    : [ 20%] Meshing curve 86 (Line)
Info    : [ 20%] Meshing curve 87 (Line)
Info    : [ 20%] Meshing curve 88 (Line)
Info    : [ 20%] Meshing curve 89 (Line)
Info    : [ 20%] Meshing curve 90 (Line)
Info    : [ 20%] Meshing curve 91 (Line)
Info    : [ 20%] Meshing curve 92 (Line)
Info    : [ 20%] Meshing curve 93 (Line)
Info    : [ 20%] Meshing curve 94 (Line)
Info    : [ 20%] Meshing curve 95 (Line)
Info    : [ 20%] Meshing curve 96 (Line)
Info    : [ 20%] Meshing curve 97 (Line)
Info    : [ 20%] Meshing curve 98 (Line)
Info    : [ 20%] Meshing curve 99 (Line)
Info    : [ 20%] Meshing curve 100 (Line)
Info    : [ 20%] Meshing curve 101 (Line)
Info    : [ 20%] Meshing curve 102 (Line)
Info    : [ 20%] Meshing curve 103 (Line)
Info    : [ 20%] Meshing curve 104 (Line)
Info    : [ 20%] Meshing curve 105 (Line)
Info    : [ 30%] Meshing curve 106 (Line)
Info    : [ 30%] Meshing curve 107 (Line)
Info    : [ 30%] Meshing curve 108 (Line)
Info    : [ 30%] Meshing curve 109 (Line)
Info    : [ 30%] Meshing curve 110 (Line)
Info    : [ 30%] Meshing curve 111 (Line)
Info    : [ 30%] Meshing curve 112 (Line)
Info    : [ 30%] Meshing curve 113 (Line)
Info    : [ 30%] Meshing curve 114 (Line)
Info    : [ 30%] Meshing curve 115 (Line)
Info    : [ 30%] Meshing curve 116 (Line)
Info    : [ 30%] Meshing curve 117 (Line)
Info    : [ 30%] Meshing curve 118 (Line)
Info    : [ 30%] Meshing curve 119 (Line)
Info    : [ 30%] Meshing curve 120 (Line)
Info    : [ 30%] Meshing curve 121 (Line)
Info    : [ 30%] Meshing curve 122 (Line)
Info    : [ 30%] Meshing curve 123 (Line)
Info    : [ 30%] Meshing curve 124 (Line)
Info    : [ 30%] Meshing curve 125 (Line)
Info    : [ 30%] Meshing curve 126 (Line)
Info    : [ 30%] Meshing curve 127 (Line)
Info    : [ 30%] Meshing curve 128 (Line)
Info    : [ 30%] Meshing curve 129 (Line)
Info    : [ 30%] Meshing curve 130 (Line)
Info    : [ 30%] Meshing curve 131 (Line)
Info    : [ 30%] Meshing curve 132 (Line)
Info    : [ 30%] Meshing curve 133 (Line)
Info    : [ 30%] Meshing curve 134 (Line)
Info    : [ 30%] Meshing curve 135 (Line)
Info    : [ 30%] Meshing curve 136 (Line)
Info    : [ 30%] Meshing curve 137 (Line)
Info    : [ 30%] Meshing curve 138 (Line)
Info    : [ 30%] Meshing curve 139 (Line)
Info    : [ 30%] Meshing curve 140 (Line)
Info    : [ 30%] Meshing curve 141 (Line)
Info    : [ 30%] Meshing curve 142 (Line)
Info    : [ 30%] Meshing curve 143 (Line)
Info    : [ 30%] Meshing curve 144 (Line)
Info    : [ 30%] Meshing curve 145 (Line)
Info    : [ 30%] Meshing curve 146 (Line)
Info    : [ 30%] Meshing curve 147 (Line)
Info    : [ 30%] Meshing curve 148 (Line)
Info    : [ 30%] Meshing curve 149 (Line)
Info    : [ 30%] Meshing curve 150 (Line)
Info    : [ 30%] Meshing curve 151 (Line)
Info    : [ 30%] Meshing curve 152 (Line)
Info    : [ 30%] Meshing curve 153 (Line)
Info    : [ 30%] Meshing curve 154 (Line)
Info    : [ 30%] Meshing curve 155 (Line)
Info    : [ 30%] Meshing curve 156 (Line)
Info    : [ 30%] Meshing curve 157 (Line)
Info    : [ 40%] Meshing curve 158 (Line)
Info    : [ 40%] Meshing curve 159 (Line)
Info    : [ 40%] Meshing curve 160 (Line)
Info    : [ 40%] Meshing curve 161 (Line)
Info    : [ 40%] Meshing curve 162 (Line)
Info    : [ 40%] Meshing curve 163 (Line)
Info    : [ 40%] Meshing curve 164 (Line)
Info    : [ 40%] Meshing curve 165 (Line)
Info    : [ 40%] Meshing curve 166 (Line)
Info    : [ 40%] Meshing curve 167 (Line)
Info    : [ 40%] Meshing curve 168 (Line)
Info    : [ 40%] Meshing curve 169 (Line)
Info    : [ 40%] Meshing curve 170 (Line)
Info    : [ 40%] Meshing curve 171 (Line)
Info    : [ 40%] Meshing curve 172 (Line)
Info    : [ 40%] Meshing curve 173 (Line)
Info    : [ 40%] Meshing curve 174 (Line)
Info    : [ 40%] Meshing curve 175 (Line)
Info    : [ 40%] Meshing curve 176 (Line)
Info    : [ 40%] Meshing curve 177 (Line)
Info    : [ 40%] Meshing curve 178 (Line)
Info    : [ 40%] Meshing curve 179 (Line)
Info    : [ 40%] Meshing curve 180 (Line)
Info    : [ 40%] Meshing curve 181 (Line)
Info    : [ 40%] Meshing curve 182 (Line)
Info    : [ 40%] Meshing curve 183 (Line)
Info    : [ 40%] Meshing curve 184 (Line)
Info    : [ 40%] Meshing curve 185 (Line)
Info    : [ 40%] Meshing curve 186 (Line)
Info    : [ 40%] Meshing curve 187 (Line)
Info    : [ 40%] Meshing curve 188 (Line)
Info    : [ 40%] Meshing curve 189 (Line)
Info    : [ 40%] Meshing curve 190 (Line)
Info    : [ 40%] Meshing curve 191 (Line)
Info    : [ 40%] Meshing curve 192 (Line)
Info    : [ 40%] Meshing curve 193 (Line)
Info    : [ 40%] Meshing curve 194 (Line)
Info    : [ 40%] Meshing curve 195 (Line)
Info    : [ 40%] Meshing curve 196 (Line)
Info    : [ 40%] Meshing curve 197 (Line)
Info    : [ 40%] Meshing curve 198 (Line)
Info    : [ 40%] Meshing curve 199 (Line)
Info    : [ 40%] Meshing curve 200 (Line)
Info    : [ 40%] Meshing curve 201 (Line)
Info    : [ 40%] Meshing curve 202 (Line)
Info    : [ 40%] Meshing curve 203 (Line)
Info    : [ 40%] Meshing curve 204 (Line)
Info    : [ 40%] Meshing curve 205 (Line)
Info    : [ 40%] Meshing curve 206 (Line)
Info    : [ 40%] Meshing curve 207 (Line)
Info    : [ 40%] Meshing curve 208 (Line)
Info    : [ 40%] Meshing curve 209 (Line)
Info    : [ 50%] Meshing curve 210 (Line)
Info    : [ 50%] Meshing curve 211 (Line)
Info    : [ 50%] Meshing curve 212 (Line)
Info    : [ 50%] Meshing curve 213 (Line)
Info    : [ 50%] Meshing curve 214 (Line)
Info    : [ 50%] Meshing curve 215 (Line)
Info    : [ 50%] Meshing curve 216 (Line)
Info    : [ 50%] Meshing curve 217 (Line)
Info    : [ 50%] Meshing curve 218 (Line)
Info    : [ 50%] Meshing curve 219 (Line)
Info    : [ 50%] Meshing curve 220 (Line)
Info    : [ 50%] Meshing curve 221 (Line)
Info    : [ 50%] Meshing curve 222 (Line)
Info    : [ 50%] Meshing curve 223 (Line)
Info    : [ 50%] Meshing curve 224 (Line)
Info    : [ 50%] Meshing curve 225 (Line)
Info    : [ 50%] Meshing curve 226 (Line)
Info    : [ 50%] Meshing curve 227 (Line)
Info    : [ 50%] Meshing curve 228 (Line)
Info    : [ 50%] Meshing curve 229 (Line)
Info    : [ 50%] Meshing curve 230 (Line)
Info    : [ 50%] Meshing curve 231 (Line)
Info    : [ 50%] Meshing curve 232 (Line)
Info    : [ 50%] Meshing curve 233 (Line)
Info    : [ 50%] Meshing curve 234 (Line)
Info    : [ 50%] Meshing curve 235 (Line)
Info    : [ 50%] Meshing curve 236 (Line)
Info    : [ 50%] Meshing curve 237 (Line)
Info    : [ 50%] Meshing curve 238 (Line)
Info    : [ 50%] Meshing curve 239 (Line)
Info    : [ 50%] Meshing curve 240 (Line)
Info    : [ 50%] Meshing curve 241 (Line)
Info    : [ 50%] Meshing curve 242 (Line)
Info    : [ 50%] Meshing curve 243 (Line)
Info    : [ 50%] Meshing curve 244 (Line)
Info    : [ 50%] Meshing curve 245 (Line)
Info    : [ 50%] Meshing curve 246 (Line)
Info    : [ 50%] Meshing curve 247 (Line)
Info    : [ 50%] Meshing curve 248 (Line)
Info    : [ 50%] Meshing curve 249 (Line)
Info    : [ 50%] Meshing curve 250 (Line)
Info    : [ 50%] Meshing curve 251 (Line)
Info    : [ 50%] Meshing curve 252 (Line)
Info    : [ 50%] Meshing curve 253 (Line)
Info    : [ 50%] Meshing curve 254 (Line)
Info    : [ 50%] Meshing curve 255 (Line)
Info    : [ 50%] Meshing curve 256 (Line)
Info    : [ 50%] Meshing curve 257 (Line)
Info    : [ 50%] Meshing curve 258 (Line)
Info    : [ 50%] Meshing curve 259 (Line)
Info    : [ 50%] Meshing curve 260 (Line)
Info    : [ 50%] Meshing curve 261 (Line)
Info    : [ 60%] Meshing curve 262 (Line)
Info    : [ 60%] Meshing curve 263 (Line)
Info    : [ 60%] Meshing curve 264 (Line)
Info    : [ 60%] Meshing curve 265 (Line)
Info    : [ 60%] Meshing curve 266 (Line)
Info    : [ 60%] Meshing curve 267 (Line)
Info    : [ 60%] Meshing curve 268 (Line)
Info    : [ 60%] Meshing curve 269 (Line)
Info    : [ 60%] Meshing curve 270 (Line)
Info    : [ 60%] Meshing curve 271 (Line)
Info    : [ 60%] Meshing curve 272 (Line)
Info    : [ 60%] Meshing curve 273 (Line)
Info    : [ 60%] Meshing curve 274 (Line)
Info    : [ 60%] Meshing curve 275 (Line)
Info    : [ 60%] Meshing curve 276 (Line)
Info    : [ 60%] Meshing curve 277 (Line)
Info    : [ 60%] Meshing curve 278 (Line)
Info    : [ 60%] Meshing curve 279 (Line)
Info    : [ 60%] Meshing curve 280 (Line)
Info    : [ 60%] Meshing curve 281 (Line)
Info    : [ 60%] Meshing curve 282 (Line)
Info    : [ 60%] Meshing curve 283 (Line)
Info    : [ 60%] Meshing curve 284 (Line)
Info    : [ 60%] Meshing curve 285 (Line)
Info    : [ 60%] Meshing curve 286 (Line)
Info    : [ 60%] Meshing curve 287 (Line)
Info    : [ 60%] Meshing curve 288 (Line)
Info    : [ 60%] Meshing curve 289 (Line)
Info    : [ 60%] Meshing curve 290 (Line)
Info    : [ 60%] Meshing curve 291 (Line)
Info    : [ 60%] Meshing curve 292 (Line)
Info    : [ 60%] Meshing curve 293 (Line)
Info    : [ 60%] Meshing curve 294 (Line)
Info    : [ 60%] Meshing curve 295 (Line)
Info    : [ 60%] Meshing curve 296 (Line)
Info    : [ 60%] Meshing curve 297 (Line)
Info    : [ 60%] Meshing curve 298 (Line)
Info    : [ 60%] Meshing curve 299 (Line)
Info    : [ 60%] Meshing curve 300 (Line)
Info    : [ 60%] Meshing curve 301 (Line)
Info    : [ 60%] Meshing curve 302 (Line)
Info    : [ 60%] Meshing curve 303 (Line)
Info    : [ 60%] Meshing curve 304 (Line)
Info    : [ 60%] Meshing curve 305 (Line)
Info    : [ 60%] Meshing curve 306 (Line)
Info    : [ 60%] Meshing curve 307 (Line)
Info    : [ 60%] Meshing curve 308 (Line)
Info    : [ 60%] Meshing curve 309 (Line)
Info    : [ 60%] Meshing curve 310 (Line)
Info    : [ 60%] Meshing curve 311 (Line)
Info    : [ 60%] Meshing curve 312 (Line)
Info    : [ 60%] Meshing curve 313 (Line)
Info    : [ 70%] Meshing curve 314 (Line)
Info    : [ 70%] Meshing curve 315 (Line)
Info    : [ 70%] Meshing curve 316 (Line)
Info    : [ 70%] Meshing curve 317 (Line)
Info    : [ 70%] Meshing curve 318 (Line)
Info    : [ 70%] Meshing curve 319 (Line)
Info    : [ 70%] Meshing curve 320 (Line)
Info    : [ 70%] Meshing curve 321 (Line)
Info    : [ 70%] Meshing curve 322 (Line)
Info    : [ 70%] Meshing curve 323 (Line)
Info    : [ 70%] Meshing curve 324 (Line)
Info    : [ 70%] Meshing curve 325 (Line)
Info    : [ 70%] Meshing curve 326 (Line)
Info    : [ 70%] Meshing curve 327 (Line)
Info    : [ 70%] Meshing curve 328 (Line)
Info    : [ 70%] Meshing curve 329 (Line)
Info    : [ 70%] Meshing curve 330 (Line)
Info    : [ 70%] Meshing curve 331 (Line)
Info    : [ 70%] Meshing curve 332 (Line)
Info    : [ 70%] Meshing curve 333 (Line)
Info    : [ 70%] Meshing curve 334 (Line)
Info    : [ 70%] Meshing curve 335 (Line)
Info    : [ 70%] Meshing curve 336 (Line)
Info    : [ 70%] Meshing curve 337 (Line)
Info    : [ 70%] Meshing curve 338 (Line)
Info    : [ 70%] Meshing curve 339 (Line)
Info    : [ 70%] Meshing curve 340 (Line)
Info    : [ 70%] Meshing curve 341 (Line)
Info    : [ 70%] Meshing curve 342 (Line)
Info    : [ 70%] Meshing curve 343 (Line)
Info    : [ 70%] Meshing curve 344 (Line)
Info    : [ 70%] Meshing curve 345 (Line)
Info    : [ 70%] Meshing curve 346 (Line)
Info    : [ 70%] Meshing curve 347 (Line)
Info    : [ 70%] Meshing curve 348 (Line)
Info    : [ 70%] Meshing curve 349 (Line)
Info    : [ 70%] Meshing curve 350 (Line)
Info    : [ 70%] Meshing curve 351 (Line)
Info    : [ 70%] Meshing curve 352 (Line)
Info    : [ 70%] Meshing curve 353 (Line)
Info    : [ 70%] Meshing curve 354 (Line)
Info    : [ 70%] Meshing curve 355 (Line)
Info    : [ 70%] Meshing curve 356 (Line)
Info    : [ 70%] Meshing curve 357 (Line)
Info    : [ 70%] Meshing curve 358 (Line)
Info    : [ 70%] Meshing curve 359 (Line)
Info    : [ 70%] Meshing curve 360 (Line)
Info    : [ 70%] Meshing curve 361 (Line)
Info    : [ 70%] Meshing curve 362 (Line)
Info    : [ 70%] Meshing curve 363 (Line)
Info    : [ 70%] Meshing curve 364 (Line)
Info    : [ 70%] Meshing curve 365 (Line)
Info    : [ 80%] Meshing curve 366 (Line)
Info    : [ 80%] Meshing curve 367 (Line)
Info    : [ 80%] Meshing curve 368 (Line)
Info    : [ 80%] Meshing curve 369 (Line)
Info    : [ 80%] Meshing curve 370 (Line)
Info    : [ 80%] Meshing curve 371 (Line)
Info    : [ 80%] Meshing curve 372 (Line)
Info    : [ 80%] Meshing curve 373 (Line)
Info    : [ 80%] Meshing curve 374 (Line)
Info    : [ 80%] Meshing curve 375 (Line)
Info    : [ 80%] Meshing curve 376 (Line)
Info    : [ 80%] Meshing curve 377 (Line)
Info    : [ 80%] Meshing curve 378 (Line)
Info    : [ 80%] Meshing curve 379 (Line)
Info    : [ 80%] Meshing curve 380 (Line)
Info    : [ 80%] Meshing curve 381 (Line)
Info    : [ 80%] Meshing curve 382 (Line)
Info    : [ 80%] Meshing curve 383 (Line)
Info    : [ 80%] Meshing curve 384 (Line)
Info    : [ 80%] Meshing curve 385 (Line)
Info    : [ 80%] Meshing curve 386 (Line)
Info    : [ 80%] Meshing curve 387 (Line)
Info    : [ 80%] Meshing curve 388 (Line)
Info    : [ 80%] Meshing curve 389 (Line)
Info    : [ 80%] Meshing curve 390 (Line)
Info    : [ 80%] Meshing curve 391 (Line)
Info    : [ 80%] Meshing curve 392 (Line)
Info    : [ 80%] Meshing curve 393 (Line)
Info    : [ 80%] Meshing curve 394 (Line)
Info    : [ 80%] Meshing curve 395 (Line)
Info    : [ 80%] Meshing curve 396 (Line)
Info    : [ 80%] Meshing curve 397 (Line)
Info    : [ 80%] Meshing curve 398 (Line)
Info    : [ 80%] Meshing curve 399 (Line)
Info    : [ 80%] Meshing curve 400 (Line)
Info    : [ 80%] Meshing curve 401 (Line)
Info    : [ 80%] Meshing curve 402 (Line)
Info    : [ 80%] Meshing curve 403 (Line)
Info    : [ 80%] Meshing curve 404 (Line)
Info    : [ 80%] Meshing curve 405 (Line)
Info    : [ 80%] Meshing curve 406 (Line)
Info    : [ 80%] Meshing curve 407 (Line)
Info    : [ 80%] Meshing curve 408 (Line)
Info    : [ 80%] Meshing curve 409 (Line)
Info    : [ 80%] Meshing curve 410 (Line)
Info    : [ 80%] Meshing curve 411 (Line)
Info    : [ 80%] Meshing curve 412 (Line)
Info    : [ 80%] Meshing curve 413 (Line)
Info    : [ 80%] Meshing curve 414 (Line)
Info    : [ 80%] Meshing curve 415 (Line)
Info    : [ 80%] Meshing curve 416 (Line)
Info    : [ 80%] Meshing curve 417 (Line)
Info    : [ 90%] Meshing curve 418 (Line)
Info    : [ 90%] Meshing curve 419 (Line)
Info    : [ 90%] Meshing curve 420 (Line)
Info    : [ 90%] Meshing curve 421 (Line)
Info    : [ 90%] Meshing curve 422 (Line)
Info    : [ 90%] Meshing curve 423 (Line)
Info    : [ 90%] Meshing curve 424 (Line)
Info    : [ 90%] Meshing curve 425 (Line)
Info    : [ 90%] Meshing curve 426 (Line)
Info    : [ 90%] Meshing curve 427 (Line)
Info    : [ 90%] Meshing curve 428 (Line)
Info    : [ 90%] Meshing curve 429 (Line)
Info    : [ 90%] Meshing curve 430 (Line)
Info    : [ 90%] Meshing curve 431 (Line)
Info    : [ 90%] Meshing curve 432 (Line)
Info    : [ 90%] Meshing curve 433 (Line)
Info    : [ 90%] Meshing curve 434 (Line)
Info    : [ 90%] Meshing curve 435 (Line)
Info    : [ 90%] Meshing curve 436 (Line)
Info    : [ 90%] Meshing curve 437 (Line)
Info    : [ 90%] Meshing curve 438 (Line)
Info    : [ 90%] Meshing curve 439 (Line)
Info    : [ 90%] Meshing curve 440 (Line)
Info    : [ 90%] Meshing curve 441 (Line)
Info    : [ 90%] Meshing curve 442 (Line)
Info    : [ 90%] Meshing curve 443 (Line)
Info    : [ 90%] Meshing curve 444 (Line)
Info    : [ 90%] Meshing curve 445 (Line)
Info    : [ 90%] Meshing curve 446 (Line)
Info    : [ 90%] Meshing curve 447 (Line)
Info    : [ 90%] Meshing curve 448 (Line)
Info    : [ 90%] Meshing curve 449 (Line)
Info    : [ 90%] Meshing curve 450 (Line)
Info    : [ 90%] Meshing curve 451 (Line)
Info    : [ 90%] Meshing curve 452 (Line)
Info    : [ 90%] Meshing curve 453 (Line)
Info    : [ 90%] Meshing curve 454 (Line)
Info    : [ 90%] Meshing curve 455 (Line)
Info    : [ 90%] Meshing curve 456 (Line)
Info    : [ 90%] Meshing curve 457 (Line)
Info    : [ 90%] Meshing curve 458 (Line)
Info    : [ 90%] Meshing curve 459 (Line)
Info    : [ 90%] Meshing curve 460 (Line)
Info    : [ 90%] Meshing curve 461 (Line)
Info    : [ 90%] Meshing curve 462 (Line)
Info    : [ 90%] Meshing curve 463 (Line)
Info    : [ 90%] Meshing curve 464 (Line)
Info    : [ 90%] Meshing curve 465 (Line)
Info    : [ 90%] Meshing curve 466 (Line)
Info    : [ 90%] Meshing curve 467 (Line)
Info    : [ 90%] Meshing curve 468 (Line)
Info    : [ 90%] Meshing curve 469 (Line)
Info    : [100%] Meshing curve 470 (Line)
Info    : [100%] Meshing curve 471 (Line)
Info    : [100%] Meshing curve 472 (Line)
Info    : [100%] Meshing curve 473 (Line)
Info    : [100%] Meshing curve 474 (Line)
Info    : [100%] Meshing curve 475 (Line)
Info    : [100%] Meshing curve 476 (Line)
Info    : [100%] Meshing curve 477 (Line)
Info    : [100%] Meshing curve 478 (Line)
Info    : [100%] Meshing curve 479 (Line)
Info    : [100%] Meshing curve 480 (Line)
Info    : [100%] Meshing curve 481 (Line)
Info    : [100%] Meshing curve 482 (Line)
Info    : [100%] Meshing curve 483 (Line)
Info    : [100%] Meshing curve 484 (Line)
Info    : [100%] Meshing curve 485 (Line)
Info    : [100%] Meshing curve 486 (Line)
Info    : [100%] Meshing curve 487 (Line)
Info    : [100%] Meshing curve 488 (Line)
Info    : [100%] Meshing curve 489 (Line)
Info    : [100%] Meshing curve 490 (Line)
Info    : [100%] Meshing curve 491 (Line)
Info    : [100%] Meshing curve 492 (Line)
Info    : [100%] Meshing curve 493 (Line)
Info    : [100%] Meshing curve 494 (Line)
Info    : [100%] Meshing curve 495 (Line)
Info    : [100%] Meshing curve 496 (Line)
Info    : [100%] Meshing curve 497 (Line)
Info    : [100%] Meshing curve 498 (Line)
Info    : [100%] Meshing curve 499 (Line)
Info    : [100%] Meshing curve 500 (Line)
Info    : [100%] Meshing curve 501 (Line)
Info    : [100%] Meshing curve 502 (Line)
Info    : [100%] Meshing curve 503 (Line)
Info    : [100%] Meshing curve 504 (Line)
Info    : [100%] Meshing curve 505 (Line)
Info    : [100%] Meshing curve 506 (Line)
Info    : [100%] Meshing curve 507 (Line)
Info    : [100%] Meshing curve 508 (Line)
Info    : [100%] Meshing curve 509 (Line)
Info    : [100%] Meshing curve 510 (Line)
Info    : [100%] Meshing curve 511 (Line)
Info    : [100%] Meshing curve 512 (Line)
Info    : [100%] Meshing curve 513 (Line)
Info    : [100%] Meshing curve 514 (Line)
Info    : [100%] Meshing curve 515 (Line)
Info    : [100%] Meshing curve 516 (Line)
Info    : [100%] Meshing curve 517 (Line)
Info    : [100%] Meshing curve 518 (Line)
Info    : [100%] Meshing curve 519 (Line)
Info    : [100%] Meshing curve 520 (Line)
Info    : Done meshing 1D (Wall 0.166046s, CPU 0.112977s)
Info    : Meshing 2D...
Info    : [  0%] Meshing surface 1 (Plane, Frontal-Delaunay)
Info    : [ 10%] Meshing surface 2 (Plane, Frontal-Delaunay)
Info    : [ 10%] Meshing surface 3 (Plane, Frontal-Delaunay)
Info    : [ 10%] Meshing surface 4 (Plane, Frontal-Delaunay)
Info    : [ 10%] Meshing surface 5 (Plane, Frontal-Delaunay)
Info    : [ 10%] Meshing surface 6 (Plane, Frontal-Delaunay)
Info    : [ 10%] Meshing surface 7 (Plane, Frontal-Delaunay)
Info    : [ 10%] Meshing surface 8 (Plane, Frontal-Delaunay)
Info    : [ 10%] Meshing surface 9 (Plane, Frontal-Delaunay)
Info    : [ 10%] Meshing surface 10 (Plane, Frontal-Delaunay)
Info    : [ 10%] Meshing surface 11 (Plane, Frontal-Delaunay)
Info    : [ 10%] Meshing surface 12 (Plane, Frontal-Delaunay)
Info    : [ 10%] Meshing surface 13 (Plane, Frontal-Delaunay)
Info    : [ 10%] Meshing surface 14 (Plane, Frontal-Delaunay)
Info    : [ 10%] Meshing surface 15 (Plane, Frontal-Delaunay)
Info    : [ 10%] Meshing surface 16 (Plane, Frontal-Delaunay)
Info    : [ 10%] Meshing surface 17 (Plane, Frontal-Delaunay)
Info    : [ 10%] Meshing surface 18 (Plane, Frontal-Delaunay)
Info    : [ 10%] Meshing surface 19 (Plane, Frontal-Delaunay)
Info    : [ 10%] Meshing surface 20 (Plane, Frontal-Delaunay)
Info    : [ 10%] Meshing surface 21 (Plane, Frontal-Delaunay)
Info    : [ 10%] Meshing surface 22 (Plane, Frontal-Delaunay)
Info    : [ 10%] Meshing surface 23 (Plane, Frontal-Delaunay)
Info    : [ 10%] Meshing surface 24 (Plane, Frontal-Delaunay)
Info    : [ 10%] Meshing surface 25 (Plane, Frontal-Delaunay)
Info    : [ 10%] Meshing surface 26 (Plane, Frontal-Delaunay)
Info    : [ 10%] Meshing surface 27 (Plane, Frontal-Delaunay)
Info    : [ 10%] Meshing surface 28 (Plane, Frontal-Delaunay)
Info    : [ 10%] Meshing surface 29 (Plane, Frontal-Delaunay)
Info    : [ 10%] Meshing surface 30 (Plane, Frontal-Delaunay)
Info    : [ 10%] Meshing surface 31 (Plane, Frontal-Delaunay)
Info    : [ 10%] Meshing surface 32 (Plane, Frontal-Delaunay)
Info    : [ 10%] Meshing surface 33 (Plane, Frontal-Delaunay)
Info    : [ 10%] Meshing surface 34 (Plane, Frontal-Delaunay)
Info    : [ 10%] Meshing surface 35 (Plane, Frontal-Delaunay)
Info    : [ 20%] Meshing surface 36 (Plane, Frontal-Delaunay)
Info    : [ 20%] Meshing surface 37 (Plane, Frontal-Delaunay)
Info    : [ 20%] Meshing surface 38 (Plane, Frontal-Delaunay)
Info    : [ 20%] Meshing surface 39 (Plane, Frontal-Delaunay)
Info    : [ 20%] Meshing surface 40 (Plane, Frontal-Delaunay)
Info    : [ 20%] Meshing surface 41 (Plane, Frontal-Delaunay)
Info    : [ 20%] Meshing surface 42 (Plane, Frontal-Delaunay)
Info    : [ 20%] Meshing surface 43 (Plane, Frontal-Delaunay)
Info    : [ 20%] Meshing surface 44 (Plane, Frontal-Delaunay)
Info    : [ 20%] Meshing surface 45 (Plane, Frontal-Delaunay)
Info    : [ 20%] Meshing surface 46 (Plane, Frontal-Delaunay)
Info    : [ 20%] Meshing surface 47 (Plane, Frontal-Delaunay)
Info    : [ 20%] Meshing surface 48 (Plane, Frontal-Delaunay)
Info    : [ 20%] Meshing surface 49 (Plane, Frontal-Delaunay)
Info    : [ 20%] Meshing surface 50 (Plane, Frontal-Delaunay)
Info    : [ 20%] Meshing surface 51 (Plane, Frontal-Delaunay)
Info    : [ 20%] Meshing surface 52 (Plane, Frontal-Delaunay)
Info    : [ 20%] Meshing surface 53 (Plane, Frontal-Delaunay)
Info    : [ 20%] Meshing surface 54 (Plane, Frontal-Delaunay)
Info    : [ 20%] Meshing surface 55 (Plane, Frontal-Delaunay)
Info    : [ 20%] Meshing surface 56 (Plane, Frontal-Delaunay)
Info    : [ 20%] Meshing surface 57 (Plane, Frontal-Delaunay)
Info    : [ 20%] Meshing surface 58 (Plane, Frontal-Delaunay)
Info    : [ 20%] Meshing surface 59 (Plane, Frontal-Delaunay)
Info    : [ 20%] Meshing surface 60 (Plane, Frontal-Delaunay)
Info    : [ 20%] Meshing surface 61 (Plane, Frontal-Delaunay)
Info    : [ 20%] Meshing surface 62 (Plane, Frontal-Delaunay)
Info    : [ 20%] Meshing surface 63 (Plane, Frontal-Delaunay)
Info    : [ 20%] Meshing surface 64 (Plane, Frontal-Delaunay)
Info    : [ 20%] Meshing surface 65 (Plane, Frontal-Delaunay)
Info    : [ 20%] Meshing surface 66 (Plane, Frontal-Delaunay)
Info    : [ 20%] Meshing surface 67 (Plane, Frontal-Delaunay)
Info    : [ 20%] Meshing surface 68 (Plane, Frontal-Delaunay)
Info    : [ 20%] Meshing surface 69 (Plane, Frontal-Delaunay)
Info    : [ 30%] Meshing surface 70 (Plane, Frontal-Delaunay)
Info    : [ 30%] Meshing surface 71 (Plane, Frontal-Delaunay)
Info    : [ 30%] Meshing surface 72 (Plane, Frontal-Delaunay)
Info    : [ 30%] Meshing surface 73 (Plane, Frontal-Delaunay)
Info    : [ 30%] Meshing surface 74 (Plane, Frontal-Delaunay)
Info    : [ 30%] Meshing surface 75 (Plane, Frontal-Delaunay)
Info    : [ 30%] Meshing surface 76 (Plane, Frontal-Delaunay)
Info    : [ 30%] Meshing surface 77 (Plane, Frontal-Delaunay)
Info    : [ 30%] Meshing surface 78 (Plane, Frontal-Delaunay)
Info    : [ 30%] Meshing surface 79 (Plane, Frontal-Delaunay)
Info    : [ 30%] Meshing surface 80 (Plane, Frontal-Delaunay)
Info    : [ 30%] Meshing surface 81 (Plane, Frontal-Delaunay)
Info    : [ 30%] Meshing surface 82 (Plane, Frontal-Delaunay)
Info    : [ 30%] Meshing surface 83 (Plane, Frontal-Delaunay)
Info    : [ 30%] Meshing surface 84 (Plane, Frontal-Delaunay)
Info    : [ 30%] Meshing surface 85 (Plane, Frontal-Delaunay)
Info    : [ 30%] Meshing surface 86 (Plane, Frontal-Delaunay)
Info    : [ 30%] Meshing surface 87 (Plane, Frontal-Delaunay)
Info    : [ 30%] Meshing surface 88 (Plane, Frontal-Delaunay)
Info    : [ 30%] Meshing surface 89 (Plane, Frontal-Delaunay)
Info    : [ 30%] Meshing surface 90 (Plane, Frontal-Delaunay)
Info    : [ 30%] Meshing surface 91 (Plane, Frontal-Delaunay)
Info    : [ 30%] Meshing surface 92 (Plane, Frontal-Delaunay)
Info    : [ 30%] Meshing surface 93 (Plane, Frontal-Delaunay)
Info    : [ 30%] Meshing surface 94 (Plane, Frontal-Delaunay)
Info    : [ 30%] Meshing surface 95 (Plane, Frontal-Delaunay)
Info    : [ 30%] Meshing surface 96 (Plane, Frontal-Delaunay)
Info    : [ 30%] Meshing surface 97 (Plane, Frontal-Delaunay)
Info    : [ 30%] Meshing surface 98 (Plane, Frontal-Delaunay)
Info    : [ 30%] Meshing surface 99 (Plane, Frontal-Delaunay)
Info    : [ 30%] Meshing surface 100 (Plane, Frontal-Delaunay)
Info    : [ 30%] Meshing surface 101 (Plane, Frontal-Delaunay)
Info    : [ 30%] Meshing surface 102 (Plane, Frontal-Delaunay)
Info    : [ 30%] Meshing surface 103 (Plane, Frontal-Delaunay)
Info    : [ 30%] Meshing surface 104 (Plane, Frontal-Delaunay)
Info    : [ 40%] Meshing surface 105 (Plane, Frontal-Delaunay)
Info    : [ 40%] Meshing surface 106 (Plane, Frontal-Delaunay)
Info    : [ 40%] Meshing surface 107 (Plane, Frontal-Delaunay)
Info    : [ 40%] Meshing surface 108 (Plane, Frontal-Delaunay)
Info    : [ 40%] Meshing surface 109 (Plane, Frontal-Delaunay)
Info    : [ 40%] Meshing surface 110 (Plane, Frontal-Delaunay)
Info    : [ 40%] Meshing surface 111 (Plane, Frontal-Delaunay)
Info    : [ 40%] Meshing surface 112 (Plane, Frontal-Delaunay)
Info    : [ 40%] Meshing surface 113 (Plane, Frontal-Delaunay)
Info    : [ 40%] Meshing surface 114 (Plane, Frontal-Delaunay)
Info    : [ 40%] Meshing surface 115 (Plane, Frontal-Delaunay)
Info    : [ 40%] Meshing surface 116 (Plane, Frontal-Delaunay)
Info    : [ 40%] Meshing surface 117 (Plane, Frontal-Delaunay)
Info    : [ 40%] Meshing surface 118 (Plane, Frontal-Delaunay)
Info    : [ 40%] Meshing surface 119 (Plane, Frontal-Delaunay)
Info    : [ 40%] Meshing surface 120 (Plane, Frontal-Delaunay)
Info    : [ 40%] Meshing surface 121 (Plane, Frontal-Delaunay)
Info    : [ 40%] Meshing surface 122 (Plane, Frontal-Delaunay)
Info    : [ 40%] Meshing surface 123 (Plane, Frontal-Delaunay)
Info    : [ 40%] Meshing surface 124 (Plane, Frontal-Delaunay)
Info    : [ 40%] Meshing surface 125 (Plane, Frontal-Delaunay)
Info    : [ 40%] Meshing surface 126 (Plane, Frontal-Delaunay)
Info    : [ 40%] Meshing surface 127 (Plane, Frontal-Delaunay)
Info    : [ 40%] Meshing surface 128 (Plane, Frontal-Delaunay)
Info    : [ 40%] Meshing surface 129 (Plane, Frontal-Delaunay)
Info    : [ 40%] Meshing surface 130 (Plane, Frontal-Delaunay)
Info    : [ 40%] Meshing surface 131 (Plane, Frontal-Delaunay)
Info    : [ 40%] Meshing surface 132 (Plane, Frontal-Delaunay)
Info    : [ 40%] Meshing surface 133 (Plane, Frontal-Delaunay)
Info    : [ 40%] Meshing surface 134 (Plane, Frontal-Delaunay)
Info    : [ 40%] Meshing surface 135 (Plane, Frontal-Delaunay)
Info    : [ 40%] Meshing surface 136 (Plane, Frontal-Delaunay)
Info    : [ 40%] Meshing surface 137 (Plane, Frontal-Delaunay)
Info    : [ 40%] Meshing surface 138 (Plane, Frontal-Delaunay)
Info    : [ 50%] Meshing surface 139 (Plane, Frontal-Delaunay)
Info    : [ 50%] Meshing surface 140 (Plane, Frontal-Delaunay)
Info    : [ 50%] Meshing surface 141 (Plane, Frontal-Delaunay)
Info    : [ 50%] Meshing surface 142 (Plane, Frontal-Delaunay)
Info    : [ 50%] Meshing surface 143 (Plane, Frontal-Delaunay)
Info    : [ 50%] Meshing surface 144 (Plane, Frontal-Delaunay)
Info    : [ 50%] Meshing surface 145 (Plane, Frontal-Delaunay)
Info    : [ 50%] Meshing surface 146 (Plane, Frontal-Delaunay)
Info    : [ 50%] Meshing surface 147 (Plane, Frontal-Delaunay)
Info    : [ 50%] Meshing surface 148 (Plane, Frontal-Delaunay)
Info    : [ 50%] Meshing surface 149 (Plane, Frontal-Delaunay)
Info    : [ 50%] Meshing surface 150 (Plane, Frontal-Delaunay)
Info    : [ 50%] Meshing surface 151 (Plane, Frontal-Delaunay)
Info    : [ 50%] Meshing surface 152 (Plane, Frontal-Delaunay)
Info    : [ 50%] Meshing surface 153 (Plane, Frontal-Delaunay)
Info    : [ 50%] Meshing surface 154 (Plane, Frontal-Delaunay)
Info    : [ 50%] Meshing surface 155 (Plane, Frontal-Delaunay)
Info    : [ 50%] Meshing surface 156 (Plane, Frontal-Delaunay)
Info    : [ 50%] Meshing surface 157 (Plane, Frontal-Delaunay)
Info    : [ 50%] Meshing surface 158 (Plane, Frontal-Delaunay)
Info    : [ 50%] Meshing surface 159 (Plane, Frontal-Delaunay)
Info    : [ 50%] Meshing surface 160 (Plane, Frontal-Delaunay)
Info    : [ 50%] Meshing surface 161 (Plane, Frontal-Delaunay)
Info    : [ 50%] Meshing surface 162 (Plane, Frontal-Delaunay)
Info    : [ 50%] Meshing surface 163 (Plane, Frontal-Delaunay)
Info    : [ 50%] Meshing surface 164 (Plane, Frontal-Delaunay)
Info    : [ 50%] Meshing surface 165 (Plane, Frontal-Delaunay)
Info    : [ 50%] Meshing surface 166 (Plane, Frontal-Delaunay)
Info    : [ 50%] Meshing surface 167 (Plane, Frontal-Delaunay)
Info    : [ 50%] Meshing surface 168 (Plane, Frontal-Delaunay)
Info    : [ 50%] Meshing surface 169 (Plane, Frontal-Delaunay)
Info    : [ 50%] Meshing surface 170 (Plane, Frontal-Delaunay)
Info    : [ 50%] Meshing surface 171 (Plane, Frontal-Delaunay)
Info    : [ 50%] Meshing surface 172 (Plane, Frontal-Delaunay)
Info    : [ 50%] Meshing surface 173 (Plane, Frontal-Delaunay)
Info    : [ 60%] Meshing surface 174 (Plane, Frontal-Delaunay)
Info    : [ 60%] Meshing surface 175 (Plane, Frontal-Delaunay)
Info    : [ 60%] Meshing surface 176 (Plane, Frontal-Delaunay)
Info    : [ 60%] Meshing surface 177 (Plane, Frontal-Delaunay)
Info    : [ 60%] Meshing surface 178 (Plane, Frontal-Delaunay)
Info    : [ 60%] Meshing surface 179 (Plane, Frontal-Delaunay)
Info    : [ 60%] Meshing surface 180 (Plane, Frontal-Delaunay)
Info    : [ 60%] Meshing surface 181 (Plane, Frontal-Delaunay)
Info    : [ 60%] Meshing surface 182 (Plane, Frontal-Delaunay)
Info    : [ 60%] Meshing surface 183 (Plane, Frontal-Delaunay)
Info    : [ 60%] Meshing surface 184 (Plane, Frontal-Delaunay)
Info    : [ 60%] Meshing surface 185 (Plane, Frontal-Delaunay)
Info    : [ 60%] Meshing surface 186 (Plane, Frontal-Delaunay)
Info    : [ 60%] Meshing surface 187 (Plane, Frontal-Delaunay)
Info    : [ 60%] Meshing surface 188 (Plane, Frontal-Delaunay)
Info    : [ 60%] Meshing surface 189 (Plane, Frontal-Delaunay)
Info    : [ 60%] Meshing surface 190 (Plane, Frontal-Delaunay)
Info    : [ 60%] Meshing surface 191 (Plane, Frontal-Delaunay)
Info    : [ 60%] Meshing surface 192 (Plane, Frontal-Delaunay)
Info    : [ 60%] Meshing surface 193 (Plane, Frontal-Delaunay)
Info    : [ 60%] Meshing surface 194 (Plane, Frontal-Delaunay)
Info    : [ 60%] Meshing surface 195 (Plane, Frontal-Delaunay)
Info    : [ 60%] Meshing surface 196 (Plane, Frontal-Delaunay)
Info    : [ 60%] Meshing surface 197 (Plane, Frontal-Delaunay)
Info    : [ 60%] Meshing surface 198 (Plane, Frontal-Delaunay)
Info    : [ 60%] Meshing surface 199 (Plane, Frontal-Delaunay)
Info    : [ 60%] Meshing surface 200 (Plane, Frontal-Delaunay)
Info    : [ 60%] Meshing surface 201 (Plane, Frontal-Delaunay)
Info    : [ 60%] Meshing surface 202 (Plane, Frontal-Delaunay)
Info    : [ 60%] Meshing surface 203 (Plane, Frontal-Delaunay)
Info    : [ 60%] Meshing surface 204 (Plane, Frontal-Delaunay)
Info    : [ 60%] Meshing surface 205 (Plane, Frontal-Delaunay)
Info    : [ 60%] Meshing surface 206 (Plane, Frontal-Delaunay)
Info    : [ 60%] Meshing surface 207 (Plane, Frontal-Delaunay)
Info    : [ 70%] Meshing surface 208 (Plane, Frontal-Delaunay)
Info    : [ 70%] Meshing surface 209 (Plane, Frontal-Delaunay)
Info    : [ 70%] Meshing surface 210 (Plane, Frontal-Delaunay)
Info    : [ 70%] Meshing surface 211 (Plane, Frontal-Delaunay)
Info    : [ 70%] Meshing surface 212 (Plane, Frontal-Delaunay)
Info    : [ 70%] Meshing surface 213 (Plane, Frontal-Delaunay)
Info    : [ 70%] Meshing surface 214 (Plane, Frontal-Delaunay)
Info    : [ 70%] Meshing surface 215 (Plane, Frontal-Delaunay)
Info    : [ 70%] Meshing surface 216 (Plane, Frontal-Delaunay)
Info    : [ 70%] Meshing surface 217 (Plane, Frontal-Delaunay)
Info    : [ 70%] Meshing surface 218 (Plane, Frontal-Delaunay)
Info    : [ 70%] Meshing surface 219 (Plane, Frontal-Delaunay)
Info    : [ 70%] Meshing surface 220 (Plane, Frontal-Delaunay)
Info    : [ 70%] Meshing surface 221 (Plane, Frontal-Delaunay)
Info    : [ 70%] Meshing surface 222 (Plane, Frontal-Delaunay)
Info    : [ 70%] Meshing surface 223 (Plane, Frontal-Delaunay)
Info    : [ 70%] Meshing surface 224 (Plane, Frontal-Delaunay)
Info    : [ 70%] Meshing surface 225 (Plane, Frontal-Delaunay)
Info    : [ 70%] Meshing surface 226 (Plane, Frontal-Delaunay)
Info    : [ 70%] Meshing surface 227 (Plane, Frontal-Delaunay)
Info    : [ 70%] Meshing surface 228 (Plane, Frontal-Delaunay)
Info    : [ 70%] Meshing surface 229 (Plane, Frontal-Delaunay)
Info    : [ 70%] Meshing surface 230 (Plane, Frontal-Delaunay)
Info    : [ 70%] Meshing surface 231 (Plane, Frontal-Delaunay)
Info    : [ 70%] Meshing surface 232 (Plane, Frontal-Delaunay)
Info    : [ 70%] Meshing surface 233 (Plane, Frontal-Delaunay)
Info    : [ 70%] Meshing surface 234 (Plane, Frontal-Delaunay)
Info    : [ 70%] Meshing surface 235 (Plane, Frontal-Delaunay)
Info    : [ 70%] Meshing surface 236 (Plane, Frontal-Delaunay)
Info    : [ 70%] Meshing surface 237 (Plane, Frontal-Delaunay)
Info    : [ 70%] Meshing surface 238 (Plane, Frontal-Delaunay)
Info    : [ 70%] Meshing surface 239 (Plane, Frontal-Delaunay)
Info    : [ 70%] Meshing surface 240 (Plane, Frontal-Delaunay)
Info    : [ 70%] Meshing surface 241 (Plane, Frontal-Delaunay)
Info    : [ 80%] Meshing surface 242 (Plane, Frontal-Delaunay)
Info    : [ 80%] Meshing surface 243 (Plane, Frontal-Delaunay)
Info    : [ 80%] Meshing surface 244 (Plane, Frontal-Delaunay)
Info    : [ 80%] Meshing surface 245 (Plane, Frontal-Delaunay)
Info    : [ 80%] Meshing surface 246 (Plane, Frontal-Delaunay)
Info    : [ 80%] Meshing surface 247 (Plane, Frontal-Delaunay)
Info    : [ 80%] Meshing surface 248 (Plane, Frontal-Delaunay)
Info    : [ 80%] Meshing surface 249 (Plane, Frontal-Delaunay)
Info    : [ 80%] Meshing surface 250 (Plane, Frontal-Delaunay)
Info    : [ 80%] Meshing surface 251 (Plane, Frontal-Delaunay)
Info    : [ 80%] Meshing surface 252 (Plane, Frontal-Delaunay)
Info    : [ 80%] Meshing surface 253 (Plane, Frontal-Delaunay)
Info    : [ 80%] Meshing surface 254 (Plane, Frontal-Delaunay)
Info    : [ 80%] Meshing surface 255 (Plane, Frontal-Delaunay)
Info    : [ 80%] Meshing surface 256 (Plane, Frontal-Delaunay)
Info    : [ 80%] Meshing surface 257 (Plane, Frontal-Delaunay)
Info    : [ 80%] Meshing surface 258 (Plane, Frontal-Delaunay)
Info    : [ 80%] Meshing surface 259 (Plane, Frontal-Delaunay)
Info    : [ 80%] Meshing surface 260 (Plane, Frontal-Delaunay)
Info    : [ 80%] Meshing surface 261 (Plane, Frontal-Delaunay)
Info    : [ 80%] Meshing surface 262 (Plane, Frontal-Delaunay)
Info    : [ 80%] Meshing surface 263 (Plane, Frontal-Delaunay)
Info    : [ 80%] Meshing surface 264 (Plane, Frontal-Delaunay)
Info    : [ 80%] Meshing surface 265 (Plane, Frontal-Delaunay)
Info    : [ 80%] Meshing surface 266 (Plane, Frontal-Delaunay)
Info    : [ 80%] Meshing surface 267 (Plane, Frontal-Delaunay)
Info    : [ 80%] Meshing surface 268 (Plane, Frontal-Delaunay)
Info    : [ 80%] Meshing surface 269 (Plane, Frontal-Delaunay)
Info    : [ 80%] Meshing surface 270 (Plane, Frontal-Delaunay)
Info    : [ 80%] Meshing surface 271 (Plane, Frontal-Delaunay)
Info    : [ 80%] Meshing surface 272 (Plane, Frontal-Delaunay)
Info    : [ 80%] Meshing surface 273 (Plane, Frontal-Delaunay)
Info    : [ 80%] Meshing surface 274 (Plane, Frontal-Delaunay)
Info    : [ 80%] Meshing surface 275 (Plane, Frontal-Delaunay)
Info    : [ 80%] Meshing surface 276 (Plane, Frontal-Delaunay)
Info    : [ 90%] Meshing surface 277 (Plane, Frontal-Delaunay)
Info    : [ 90%] Meshing surface 278 (Plane, Frontal-Delaunay)
Info    : [ 90%] Meshing surface 279 (Plane, Frontal-Delaunay)
Info    : [ 90%] Meshing surface 280 (Plane, Frontal-Delaunay)
Info    : [ 90%] Meshing surface 281 (Plane, Frontal-Delaunay)
Info    : [ 90%] Meshing surface 282 (Plane, Frontal-Delaunay)
Info    : [ 90%] Meshing surface 283 (Plane, Frontal-Delaunay)
Info    : [ 90%] Meshing surface 284 (Plane, Frontal-Delaunay)
Info    : [ 90%] Meshing surface 285 (Plane, Frontal-Delaunay)
Info    : [ 90%] Meshing surface 286 (Plane, Frontal-Delaunay)
Info    : [ 90%] Meshing surface 287 (Plane, Frontal-Delaunay)
Info    : [ 90%] Meshing surface 288 (Plane, Frontal-Delaunay)
Info    : [ 90%] Meshing surface 289 (Plane, Frontal-Delaunay)
Info    : [ 90%] Meshing surface 290 (Plane, Frontal-Delaunay)
Info    : [ 90%] Meshing surface 291 (Plane, Frontal-Delaunay)
Info    : [ 90%] Meshing surface 292 (Plane, Frontal-Delaunay)
Info    : [ 90%] Meshing surface 293 (Plane, Frontal-Delaunay)
Info    : [ 90%] Meshing surface 294 (Plane, Frontal-Delaunay)
Info    : [ 90%] Meshing surface 295 (Plane, Frontal-Delaunay)
Info    : [ 90%] Meshing surface 296 (Plane, Frontal-Delaunay)
Info    : [ 90%] Meshing surface 297 (Plane, Frontal-Delaunay)
Info    : [ 90%] Meshing surface 298 (Plane, Frontal-Delaunay)
Info    : [ 90%] Meshing surface 299 (Plane, Frontal-Delaunay)
Info    : [ 90%] Meshing surface 300 (Plane, Frontal-Delaunay)
Info    : [ 90%] Meshing surface 301 (Plane, Frontal-Delaunay)
Info    : [ 90%] Meshing surface 302 (Plane, Frontal-Delaunay)
Info    : [ 90%] Meshing surface 303 (Plane, Frontal-Delaunay)
Info    : [ 90%] Meshing surface 304 (Plane, Frontal-Delaunay)
Info    : [ 90%] Meshing surface 305 (Plane, Frontal-Delaunay)
Info    : [ 90%] Meshing surface 306 (Plane, Frontal-Delaunay)
Info    : [ 90%] Meshing surface 307 (Plane, Frontal-Delaunay)
Info    : [ 90%] Meshing surface 308 (Plane, Frontal-Delaunay)
Info    : [ 90%] Meshing surface 309 (Plane, Frontal-Delaunay)
Info    : [ 90%] Meshing surface 310 (Plane, Frontal-Delaunay)
Info    : [100%] Meshing surface 311 (Plane, Frontal-Delaunay)
Info    : [100%] Meshing surface 312 (Plane, Frontal-Delaunay)
Info    : [100%] Meshing surface 313 (Plane, Frontal-Delaunay)
Info    : [100%] Meshing surface 314 (Plane, Frontal-Delaunay)
Info    : [100%] Meshing surface 315 (Plane, Frontal-Delaunay)
Info    : [100%] Meshing surface 316 (Plane, Frontal-Delaunay)
Info    : [100%] Meshing surface 317 (Plane, Frontal-Delaunay)
Info    : [100%] Meshing surface 318 (Plane, Frontal-Delaunay)
Info    : [100%] Meshing surface 319 (Plane, Frontal-Delaunay)
Info    : [100%] Meshing surface 320 (Plane, Frontal-Delaunay)
Info    : [100%] Meshing surface 321 (Plane, Frontal-Delaunay)
Info    : [100%] Meshing surface 322 (Plane, Frontal-Delaunay)
Info    : [100%] Meshing surface 323 (Plane, Frontal-Delaunay)
Info    : [100%] Meshing surface 324 (Plane, Frontal-Delaunay)
Info    : [100%] Meshing surface 325 (Plane, Frontal-Delaunay)
Info    : [100%] Meshing surface 326 (Plane, Frontal-Delaunay)
Info    : [100%] Meshing surface 327 (Plane, Frontal-Delaunay)
Info    : [100%] Meshing surface 328 (Plane, Frontal-Delaunay)
Info    : [100%] Meshing surface 329 (Plane, Frontal-Delaunay)
Info    : [100%] Meshing surface 330 (Plane, Frontal-Delaunay)
Info    : [100%] Meshing surface 331 (Plane, Frontal-Delaunay)
Info    : [100%] Meshing surface 332 (Plane, Frontal-Delaunay)
Info    : [100%] Meshing surface 333 (Plane, Frontal-Delaunay)
Info    : [100%] Meshing surface 334 (Plane, Frontal-Delaunay)
Info    : [100%] Meshing surface 335 (Plane, Frontal-Delaunay)
Info    : [100%] Meshing surface 336 (Plane, Frontal-Delaunay)
Info    : [100%] Meshing surface 337 (Plane, Frontal-Delaunay)
Info    : [100%] Meshing surface 338 (Plane, Frontal-Delaunay)
Info    : [100%] Meshing surface 339 (Plane, Frontal-Delaunay)
Info    : [100%] Meshing surface 340 (Plane, Frontal-Delaunay)
Info    : [100%] Meshing surface 341 (Plane, Frontal-Delaunay)
Info    : [100%] Meshing surface 342 (Plane, Frontal-Delaunay)
Info    : [100%] Meshing surface 343 (Plane, Frontal-Delaunay)
Info    : [100%] Meshing surface 344 (Plane, Frontal-Delaunay)
Info    : Done meshing 2D (Wall 0.398992s, CPU 0.364503s)
Info    : Meshing 3D...
Info    : 3D Meshing 3 volumes with 1 connected component
Info    : Tetrahedrizing 12795 nodes...
Info    : Done tetrahedrizing 12803 nodes (Wall 0.181075s, CPU 0.168646s)
Info    : Reconstructing mesh...
Info    :  - Creating surface mesh
Info    :  - Identifying boundary edges
Info    :  - Recovering boundary
Info    :  - Added 5 Steiner points
Info    : Done reconstructing mesh (Wall 0.448744s, CPU 0.409786s)
Info    : Found volume 1
Info    : Found void region
Info    : Found void region
Info    : Found volume 3
Info    : Found volume 2
Info    : It. 0 - 0 nodes created - worst tet radius 22.6398 (nodes removed 0 0)
Info    : It. 500 - 377 nodes created - worst tet radius 4.66076 (nodes removed 0 123)
Info    : It. 1000 - 825 nodes created - worst tet radius 4.04593 (nodes removed 0 175)
Info    : It. 1500 - 1263 nodes created - worst tet radius 3.28427 (nodes removed 0 237)
Info    : It. 2000 - 1751 nodes created - worst tet radius 3.02725 (nodes removed 0 249)
Info    : It. 2500 - 2251 nodes created - worst tet radius 2.828 (nodes removed 0 249)
Info    : It. 3000 - 2737 nodes created - worst tet radius 2.64786 (nodes removed 0 263)
Info    : It. 3500 - 3212 nodes created - worst tet radius 2.52231 (nodes removed 0 288)
Info    : It. 4000 - 3685 nodes created - worst tet radius 2.3903 (nodes removed 0 315)
Info    : It. 4500 - 4160 nodes created - worst tet radius 2.3106 (nodes removed 0 340)
Info    : It. 5000 - 4655 nodes created - worst tet radius 2.23194 (nodes removed 1 344)
Info    : It. 5500 - 5153 nodes created - worst tet radius 2.15872 (nodes removed 1 346)
Info    : It. 6000 - 5636 nodes created - worst tet radius 2.09921 (nodes removed 1 363)
Info    : It. 6500 - 6126 nodes created - worst tet radius 2.04615 (nodes removed 1 373)
Info    : It. 7000 - 6619 nodes created - worst tet radius 1.99826 (nodes removed 1 380)
Info    : It. 7500 - 7091 nodes created - worst tet radius 2.04541 (nodes removed 1 408)
Info    : It. 8000 - 7578 nodes created - worst tet radius 1.91359 (nodes removed 1 421)
Info    : It. 8500 - 8072 nodes created - worst tet radius 1.87926 (nodes removed 1 427)
Info    : It. 9000 - 8568 nodes created - worst tet radius 1.873 (nodes removed 1 431)
Info    : It. 9500 - 9049 nodes created - worst tet radius 1.83163 (nodes removed 1 450)
Info    : It. 10000 - 9543 nodes created - worst tet radius 1.78182 (nodes removed 1 456)
Info    : It. 10500 - 10025 nodes created - worst tet radius 1.75073 (nodes removed 1 474)
Info    : It. 11000 - 10524 nodes created - worst tet radius 1.7212 (nodes removed 1 475)
Info    : It. 11500 - 11018 nodes created - worst tet radius 1.69597 (nodes removed 1 481)
Info    : It. 12000 - 11507 nodes created - worst tet radius 1.67172 (nodes removed 1 492)
Info    : It. 12500 - 11997 nodes created - worst tet radius 1.6483 (nodes removed 1 502)
Info    : It. 13000 - 12480 nodes created - worst tet radius 1.6279 (nodes removed 1 519)
Info    : It. 13500 - 12978 nodes created - worst tet radius 1.60797 (nodes removed 1 521)
Info    : It. 14000 - 13464 nodes created - worst tet radius 1.61196 (nodes removed 1 535)
Info    : It. 14500 - 13957 nodes created - worst tet radius 1.56926 (nodes removed 1 542)
Info    : It. 15000 - 14450 nodes created - worst tet radius 1.54835 (nodes removed 1 549)
Info    : It. 15500 - 14949 nodes created - worst tet radius 1.53121 (nodes removed 1 550)
Info    : It. 16000 - 15447 nodes created - worst tet radius 1.51468 (nodes removed 1 552)
Info    : It. 16500 - 15943 nodes created - worst tet radius 1.49973 (nodes removed 1 556)
Info    : It. 17000 - 16442 nodes created - worst tet radius 1.48395 (nodes removed 1 557)
Info    : It. 17500 - 16934 nodes created - worst tet radius 1.46865 (nodes removed 1 565)
Info    : It. 18000 - 17404 nodes created - worst tet radius 1.45519 (nodes removed 2 594)
Info    : It. 18500 - 17903 nodes created - worst tet radius 1.44064 (nodes removed 2 595)
Info    : It. 19000 - 18403 nodes created - worst tet radius 1.42691 (nodes removed 2 595)
Info    : It. 19500 - 18898 nodes created - worst tet radius 4.25003 (nodes removed 2 600)
Info    : It. 20000 - 19389 nodes created - worst tet radius 1.40226 (nodes removed 2 609)
Info    : It. 20500 - 19884 nodes created - worst tet radius 1.39108 (nodes removed 2 614)
Info    : It. 21000 - 20383 nodes created - worst tet radius 1.3802 (nodes removed 2 615)
Info    : It. 21500 - 20873 nodes created - worst tet radius 1.36949 (nodes removed 2 625)
Info    : It. 22000 - 21373 nodes created - worst tet radius 1.44306 (nodes removed 2 625)
Info    : It. 22500 - 21859 nodes created - worst tet radius 1.34918 (nodes removed 2 639)
Info    : It. 23000 - 22356 nodes created - worst tet radius 1.33863 (nodes removed 2 642)
Info    : It. 23500 - 22853 nodes created - worst tet radius 1.3283 (nodes removed 3 644)
Info    : It. 24000 - 23353 nodes created - worst tet radius 1.31871 (nodes removed 3 644)
Info    : It. 24500 - 23850 nodes created - worst tet radius 1.3097 (nodes removed 3 647)
Info    : It. 25000 - 24350 nodes created - worst tet radius 1.32798 (nodes removed 3 647)
Info    : It. 25500 - 24850 nodes created - worst tet radius 1.29257 (nodes removed 3 647)
Info    : It. 26000 - 25348 nodes created - worst tet radius 1.28383 (nodes removed 3 649)
Info    : It. 26500 - 25847 nodes created - worst tet radius 1.27485 (nodes removed 3 650)
Info    : It. 27000 - 26336 nodes created - worst tet radius 1.2673 (nodes removed 3 661)
Info    : It. 27500 - 26825 nodes created - worst tet radius 1.25961 (nodes removed 3 672)
Info    : It. 28000 - 27325 nodes created - worst tet radius 1.25165 (nodes removed 3 672)
Info    : It. 28500 - 27820 nodes created - worst tet radius 1.42558 (nodes removed 4 676)
Info    : It. 29000 - 28310 nodes created - worst tet radius 1.2378 (nodes removed 4 686)
Info    : It. 29500 - 28780 nodes created - worst tet radius 1.23072 (nodes removed 4 716)
Info    : It. 30000 - 29278 nodes created - worst tet radius 1.22336 (nodes removed 4 718)
Info    : It. 30500 - 29771 nodes created - worst tet radius 1.21728 (nodes removed 4 725)
Info    : It. 31000 - 30266 nodes created - worst tet radius 1.2107 (nodes removed 4 730)
Info    : It. 31500 - 30766 nodes created - worst tet radius 1.20419 (nodes removed 4 730)
Info    : It. 32000 - 31263 nodes created - worst tet radius 1.198 (nodes removed 4 733)
Info    : It. 32500 - 31763 nodes created - worst tet radius 1.19149 (nodes removed 4 733)
Info    : It. 33000 - 32261 nodes created - worst tet radius 1.18523 (nodes removed 4 735)
Info    : It. 33500 - 32761 nodes created - worst tet radius 1.17932 (nodes removed 4 735)
Info    : It. 34000 - 33260 nodes created - worst tet radius 1.17336 (nodes removed 4 736)
Info    : It. 34500 - 33757 nodes created - worst tet radius 1.16736 (nodes removed 4 739)
Info    : It. 35000 - 34252 nodes created - worst tet radius 1.16178 (nodes removed 4 744)
Info    : It. 35500 - 34747 nodes created - worst tet radius 1.15648 (nodes removed 4 749)
Info    : It. 36000 - 35242 nodes created - worst tet radius 1.15086 (nodes removed 4 754)
Info    : It. 36500 - 35740 nodes created - worst tet radius 1.14555 (nodes removed 4 756)
Info    : It. 37000 - 36226 nodes created - worst tet radius 1.14055 (nodes removed 4 770)
Info    : It. 37500 - 36720 nodes created - worst tet radius 1.13548 (nodes removed 4 776)
Info    : It. 38000 - 37218 nodes created - worst tet radius 1.13028 (nodes removed 4 778)
Info    : It. 38500 - 37717 nodes created - worst tet radius 1.12503 (nodes removed 4 779)
Info    : It. 39000 - 38215 nodes created - worst tet radius 1.12016 (nodes removed 4 781)
Info    : It. 39500 - 38715 nodes created - worst tet radius 1.11504 (nodes removed 4 781)
Info    : It. 40000 - 39214 nodes created - worst tet radius 1.11045 (nodes removed 4 782)
Info    : It. 40500 - 39700 nodes created - worst tet radius 1.10627 (nodes removed 4 796)
Info    : It. 41000 - 40185 nodes created - worst tet radius 1.10192 (nodes removed 4 811)
Info    : It. 41500 - 40685 nodes created - worst tet radius 1.09773 (nodes removed 4 811)
Info    : It. 42000 - 41179 nodes created - worst tet radius 1.09316 (nodes removed 4 817)
Info    : It. 42500 - 41667 nodes created - worst tet radius 1.08904 (nodes removed 4 829)
Info    : It. 43000 - 42142 nodes created - worst tet radius 1.08487 (nodes removed 4 854)
Info    : It. 43500 - 42637 nodes created - worst tet radius 1.08049 (nodes removed 4 859)
Info    : It. 44000 - 43132 nodes created - worst tet radius 1.07595 (nodes removed 4 864)
Info    : It. 44500 - 43631 nodes created - worst tet radius 1.07181 (nodes removed 4 865)
Info    : It. 45000 - 44117 nodes created - worst tet radius 1.06752 (nodes removed 4 879)
Info    : It. 45500 - 44616 nodes created - worst tet radius 1.06363 (nodes removed 4 880)
Info    : It. 46000 - 45114 nodes created - worst tet radius 1.05963 (nodes removed 4 882)
Info    : It. 46500 - 45613 nodes created - worst tet radius 1.05552 (nodes removed 4 883)
Info    : It. 47000 - 46100 nodes created - worst tet radius 1.05184 (nodes removed 4 896)
Info    : It. 47500 - 46581 nodes created - worst tet radius 1.04838 (nodes removed 4 915)
Info    : It. 48000 - 47071 nodes created - worst tet radius 1.06446 (nodes removed 4 925)
Info    : It. 48500 - 47564 nodes created - worst tet radius 1.04136 (nodes removed 8 928)
Info    : It. 49000 - 48063 nodes created - worst tet radius 1.03758 (nodes removed 8 929)
Info    : It. 49500 - 48554 nodes created - worst tet radius 1.03398 (nodes removed 8 938)
Info    : It. 50000 - 49047 nodes created - worst tet radius 1.03051 (nodes removed 8 945)
Info    : It. 50500 - 49545 nodes created - worst tet radius 1.02704 (nodes removed 8 947)
Info    : It. 51000 - 50039 nodes created - worst tet radius 1.02385 (nodes removed 9 952)
Info    : It. 51500 - 50527 nodes created - worst tet radius 1.02074 (nodes removed 9 964)
Info    : It. 52000 - 51023 nodes created - worst tet radius 1.01755 (nodes removed 9 968)
Info    : It. 52500 - 51518 nodes created - worst tet radius 1.01444 (nodes removed 9 973)
Info    : It. 53000 - 52015 nodes created - worst tet radius 1.01113 (nodes removed 9 976)
Info    : It. 53500 - 52506 nodes created - worst tet radius 1.00769 (nodes removed 9 985)
Info    : It. 54000 - 52993 nodes created - worst tet radius 1.00447 (nodes removed 9 998)
Info    : It. 54500 - 53477 nodes created - worst tet radius 1.00157 (nodes removed 9 1014)
Info    : 3D refinement terminated (66527 nodes total):
Info    :  - 460 Delaunay cavities modified for star shapeness
Info    :  - 1025 nodes could not be inserted
Info    :  - 386382 tetrahedra created in 3.88135 sec. (99548 tets/s)
Info    : Done meshing 3D (Wall 5.40903s, CPU 5.29817s)
Info    : Optimizing mesh...
Info    : Optimizing volume 1
Info    : Optimization starts (volume = 1205.45) with worst = 3.5551e-06 / average = 0.754404:
Info    : 0.00 < quality < 0.10 :      1130 elements
Info    : 0.10 < quality < 0.20 :      1873 elements
Info    : 0.20 < quality < 0.30 :      2950 elements
Info    : 0.30 < quality < 0.40 :      4405 elements
Info    : 0.40 < quality < 0.50 :      6641 elements
Info    : 0.50 < quality < 0.60 :     11817 elements
Info    : 0.60 < quality < 0.70 :     22350 elements
Info    : 0.70 < quality < 0.80 :     42181 elements
Info    : 0.80 < quality < 0.90 :     60767 elements
Info    : 0.90 < quality < 1.00 :     32419 elements
Info    : 4254 edge swaps, 607 node relocations (volume = 1205.45): worst = 0.000307236 / average = 0.767275 (Wall 0.198791s, CPU 0.197266s)
Info    : 4442 edge swaps, 835 node relocations (volume = 1205.45): worst = 0.000310125 / average = 0.767542 (Wall 0.287749s, CPU 0.285774s)
Info    : 4484 edge swaps, 972 node relocations (volume = 1205.45): worst = 0.000315906 / average = 0.767613 (Wall 0.402881s, CPU 0.400416s)
Info    : 4501 edge swaps, 1064 node relocations (volume = 1205.45): worst = 0.000315906 / average = 0.767636 (Wall 0.568459s, CPU 0.565356s)
Info    : 0.00 < quality < 0.10 :       541 elements
Info    : 0.10 < quality < 0.20 :       559 elements
Info    : 0.20 < quality < 0.30 :       589 elements
Info    : 0.30 < quality < 0.40 :      4438 elements
Info    : 0.40 < quality < 0.50 :      6546 elements
Info    : 0.50 < quality < 0.60 :     11689 elements
Info    : 0.60 < quality < 0.70 :     22276 elements
Info    : 0.70 < quality < 0.80 :     42737 elements
Info    : 0.80 < quality < 0.90 :     61125 elements
Info    : 0.90 < quality < 1.00 :     32391 elements
Info    : Optimizing volume 2
Info    : Optimization starts (volume = 891.187) with worst = 0.00431142 / average = 0.773337:
Info    : 0.00 < quality < 0.10 :       260 elements
Info    : 0.10 < quality < 0.20 :       898 elements
Info    : 0.20 < quality < 0.30 :      1518 elements
Info    : 0.30 < quality < 0.40 :      2466 elements
Info    : 0.40 < quality < 0.50 :      3871 elements
Info    : 0.50 < quality < 0.60 :      7182 elements
Info    : 0.60 < quality < 0.70 :     14550 elements
Info    : 0.70 < quality < 0.80 :     30756 elements
Info    : 0.80 < quality < 0.90 :     46386 elements
Info    : 0.90 < quality < 1.00 :     24892 elements
Info    : 2630 edge swaps, 80 node relocations (volume = 891.187): worst = 0.204629 / average = 0.78553 (Wall 0.0946086s, CPU 0.093332s)
Info    : 2649 edge swaps, 82 node relocations (volume = 891.187): worst = 0.266927 / average = 0.785612 (Wall 0.117506s, CPU 0.115957s)
Info    : 2650 edge swaps, 82 node relocations (volume = 891.187): worst = 0.266927 / average = 0.785618 (Wall 0.13867s, CPU 0.13686s)
Info    : No ill-shaped tets in the mesh :-)
Info    : 0.00 < quality < 0.10 :         0 elements
Info    : 0.10 < quality < 0.20 :         0 elements
Info    : 0.20 < quality < 0.30 :         2 elements
Info    : 0.30 < quality < 0.40 :      2452 elements
Info    : 0.40 < quality < 0.50 :      3740 elements
Info    : 0.50 < quality < 0.60 :      7011 elements
Info    : 0.60 < quality < 0.70 :     14478 elements
Info    : 0.70 < quality < 0.80 :     31286 elements
Info    : 0.80 < quality < 0.90 :     46781 elements
Info    : 0.90 < quality < 1.00 :     24671 elements
Info    : Optimizing volume 3
Info    : Optimization starts (volume = 445.594) with worst = 0.0103846 / average = 0.772444:
Info    : 0.00 < quality < 0.10 :       144 elements
Info    : 0.10 < quality < 0.20 :       420 elements
Info    : 0.20 < quality < 0.30 :       791 elements
Info    : 0.30 < quality < 0.40 :      1241 elements
Info    : 0.40 < quality < 0.50 :      1933 elements
Info    : 0.50 < quality < 0.60 :      3679 elements
Info    : 0.60 < quality < 0.70 :      7498 elements
Info    : 0.70 < quality < 0.80 :     15654 elements
Info    : 0.80 < quality < 0.90 :     23392 elements
Info    : 0.90 < quality < 1.00 :     12318 elements
Info    : 1334 edge swaps, 46 node relocations (volume = 445.594): worst = 0.190705 / average = 0.784366 (Wall 0.0461484s, CPU 0.044033s)
Info    : 1342 edge swaps, 48 node relocations (volume = 445.594): worst = 0.300057 / average = 0.784426 (Wall 0.0551472s, CPU 0.052801s)
Info    : No ill-shaped tets in the mesh :-)
Info    : 0.00 < quality < 0.10 :         0 elements
Info    : 0.10 < quality < 0.20 :         0 elements
Info    : 0.20 < quality < 0.30 :         0 elements
Info    : 0.30 < quality < 0.40 :      1230 elements
Info    : 0.40 < quality < 0.50 :      1882 elements
Info    : 0.50 < quality < 0.60 :      3618 elements
Info    : 0.60 < quality < 0.70 :      7498 elements
Info    : 0.70 < quality < 0.80 :     15922 elements
Info    : 0.80 < quality < 0.90 :     23550 elements
Info    : 0.90 < quality < 1.00 :     12203 elements
Info    : Done optimizing mesh (Wall 1.52325s, CPU 1.48618s)
Info    : 66522 nodes 408757 elements
Info    : Writing 'mesh_test.msh'...
Info    : Done writing 'mesh_test.msh'
Info    : Stopped on Tue Mar 19 17:24:29 2024 (From start: Wall 8.43256s, CPU 8.1739s)
Opening mesh_test.node.
Opening mesh_test.ele.
Opening mesh_test.face.
Opening mesh_test.edge.
  Initializing memorypools.
  tetrahedron per block: 8188.
  Size of a point: 136 bytes.
  Size of a tetrahedron: 104 (112) bytes.
  Size of a shellface: 200 (200) bytes.
  Initializing robust predicates.
  sizeof(double) =  8
  machine epsilon =   2.22045e-16 [IEEE 754 64-bit macheps]
Reconstructing mesh ...
Mesh reconstruction seconds:  0.6

Writing mesh_test.1.node.
Writing mesh_test.1.ele.
Writing mesh_test.1.face.
Writing mesh_test.1.edge.
Writing mesh_test.1.neigh.

Output seconds:  1.27
Total running seconds:  1.88

Statistics:

  Input points: 66522
  Input tetrahedra: 379257
  Input triangles: 25738
  Input edges: 38541

  Mesh points: 66522
  Mesh tetrahedra: 379257
  Mesh faces: 769799
  Mesh edges: 457069
  Mesh faces on exterior boundary: 22570
  Mesh edges on exterior boundary: 33855
  Mesh faces on input facets: 25738
  Mesh edges on input segments: 1572
  Steiner points on input facets:  11311
  Steiner points on input segments:  1316
  Steiner points inside domain: 53727

Mesh quality statistics:

  Smallest volume:       1.5959e-06   |  Largest volume:          0.10608
  Shortest edge:           0.003125   |  Longest edge:             1.2428
  Smallest asp.ratio:        1.2316   |  Largest asp.ratio:        1533.9
  Smallest facangle:       0.076853   |  Largest facangle:       174.5888
  Smallest dihedral:       0.076396   |  Largest dihedral:       176.9507

  Aspect ratio histogram:
         < 1.5       :      8954      |      6 - 10         :      1369
     1.5 - 2         :    135421      |     10 - 15         :       421
       2 - 2.5       :    138170      |     15 - 25         :       329
     2.5 - 3         :     53028      |     25 - 50         :       267
       3 - 4         :     28873      |     50 - 100        :       128
       4 - 6         :     12177      |    100 -            :       120
  (A tetrahedron's aspect ratio is its longest edge length divided by its
    smallest side height)

  Face angle histogram:
      0 -  10 degrees:      2116      |     90 - 100 degrees:     82155
     10 -  20 degrees:      2202      |    100 - 110 degrees:     24457
     20 -  30 degrees:     15550      |    110 - 120 degrees:      4794
     30 -  40 degrees:    178358      |    120 - 130 degrees:       634
     40 -  50 degrees:    492626      |    130 - 140 degrees:       186
     50 -  60 degrees:    585695      |    140 - 150 degrees:       177
     60 -  70 degrees:    441880      |    150 - 160 degrees:        14
     70 -  80 degrees:    297852      |    160 - 170 degrees:         0
     80 -  90 degrees:    180577      |    170 - 180 degrees:       124

  Dihedral angle histogram:
       0 -  5 degrees:       691      |     80 - 110 degrees:    508999
       5 - 10 degrees:       790      |    110 - 120 degrees:     72457
      10 - 20 degrees:     12976      |    120 - 130 degrees:     44003
      20 - 30 degrees:     62443      |    130 - 140 degrees:     28496
      30 - 40 degrees:    134954      |    140 - 150 degrees:     18793
      40 - 50 degrees:    276662      |    150 - 160 degrees:      6057
      50 - 60 degrees:    408978      |    160 - 170 degrees:        56
      60 - 70 degrees:    395505      |    170 - 175 degrees:       134
      70 - 80 degrees:    303541      |    175 - 180 degrees:         7


Memory usage statistics:

  Maximum number of tetrahedra:  401827
  Maximum number of tet blocks (blocksize = 8188):  50
  Approximate memory for tetrahedral mesh (bytes):  59,513,616
  Approximate memory for extra pointers (bytes):  1,971,280
  Approximate memory for algorithms (bytes):  17,408
  Approximate memory for working arrays (bytes):  0
  Approximate total used memory (bytes):  61,502,304


Touch key to continue


Finished
Max nNodes_subdomain 174 nNodes_global 66522
Done allocating MPIAdj
Max memory usage per core 0.269013GB
Done applying partition
Max memory usage per core 0.269935GB
==================out of core old2new is correct!====================
Done with masks
Max memory usage per core 0.270332GB
Done marking elements
Max memory usage per core 0.270553GB
Done allocating element numbering new2old/old2new
Max memory usage per core 0.270598GB
Done reading element boundaries
Max memory usage per core 0.270598GB
Allocating elementBoudnary old2new/new2old
Max memory usage per core 0.270823GB
Done allocating elementBoudnary old2new/new2old
Max memory usage per core 0.270828GB
Done reading edges
Max memory usage per core 0.270828GB
Setting edgeNumering old2new/new2old
Max memory usage per core 0.270828GB
Done allocating edgeNumering old2new/new2old
Max memory usage per core 0.270885GB
Done reading vertices
Max memory usage per core 0.270885GB
Done with material types
Max memory usage per core 0.270909GB
Done with partitioning!
Max memory usage per core 0.323494GB
